---------------------------------------------------------------
[ 2022-08-02T09:28:39+08:00 ] 192.168.222.246 GET /
[ info ] 192.168.222.246/ [运行时间：3.076828s][吞吐率：0.33req/s] [内存消耗：2,700.89kb] [文件加载：59]
[ info ] [ LANG ] /usr/share/nginx/html/tp5shop/thinkphp/lang/zh-cn.php
[ info ] [ ROUTE ] array (
  'type' => 'module',
  'module' => 
  array (
    0 => '',
    1 => NULL,
    2 => NULL,
  ),
)
[ info ] [ HEADER ] array (
  'accept' => '*/*',
  'host' => '192.168.222.246',
  'user-agent' => 'curl/7.29.0',
  'content-type' => '',
  'content-length' => '',
)
[ info ] [ PARAM ] array (
)
[ info ] [ DB ] INIT mysql
[ info ] [ LOG ] INIT File
[ error ] [2002]SQLSTATE[HY000] [2002] No route to host[/usr/share/nginx/html/tp5shop/thinkphp/library/think/db/Connection.php:293]
