---------------------------------------------------------------
[ 2022-08-08T14:35:54+08:00 ] 192.168.222.1 GET /
[ info ] 192.168.222.246/ [运行时间：3.100996s][吞吐率：0.32req/s] [内存消耗：2,617.84kb] [文件加载：60]
[ info ] [ LANG ] /usr/share/nginx/html/tp5shop/thinkphp/lang/zh-cn.php
[ info ] [ ROUTE ] array (
  'type' => 'module',
  'module' => 
  array (
    0 => '',
    1 => NULL,
    2 => NULL,
  ),
)
[ info ] [ HEADER ] array (
  'if-modified-since' => 'Mon, 01 Aug 2022 01:28:03 GMT',
  'if-none-match' => '"d-5e523e946d130"',
  'cookie' => 'jms_csrftoken=G7i0YQ5lR5c0vQSfZatlsawGAJRLj6kIZKv5r0au9CYT3FZ96wE6XdZHQEYBfEda',
  'accept-language' => 'zh-CN,zh;q=0.9',
  'accept-encoding' => 'gzip, deflate',
  'accept' => 'text/html,application/xhtml+xml,application/xml;q=0.9,image/avif,image/webp,image/apng,*/*;q=0.8,application/signed-exchange;v=b3;q=0.9',
  'user-agent' => 'Mozilla/5.0 (Windows NT 10.0; WOW64) AppleWebKit/537.36 (KHTML, like Gecko) Chrome/86.0.4240.198 Safari/537.36',
  'upgrade-insecure-requests' => '1',
  'connection' => 'keep-alive',
  'host' => '192.168.222.246',
  'content-type' => '',
  'content-length' => '',
)
[ info ] [ PARAM ] array (
)
[ info ] [ DB ] INIT mysql
[ info ] [ LOG ] INIT File
[ error ] [2002]SQLSTATE[HY000] [2002] No route to host[/usr/share/nginx/html/tp5shop/thinkphp/library/think/db/Connection.php:293]
---------------------------------------------------------------
[ 2022-08-08T14:38:00+08:00 ] 192.168.222.1 GET /
[ info ] 192.168.222.246/ [运行时间：0.099313s][吞吐率：10.07req/s] [内存消耗：2,617.78kb] [文件加载：60]
[ info ] [ LANG ] /usr/share/nginx/html/tp5shop/thinkphp/lang/zh-cn.php
[ info ] [ ROUTE ] array (
  'type' => 'module',
  'module' => 
  array (
    0 => '',
    1 => NULL,
    2 => NULL,
  ),
)
[ info ] [ HEADER ] array (
  'cookie' => 'jms_csrftoken=G7i0YQ5lR5c0vQSfZatlsawGAJRLj6kIZKv5r0au9CYT3FZ96wE6XdZHQEYBfEda; thinkphp_show_page_trace=0|0',
  'accept-language' => 'zh-CN,zh;q=0.9',
  'accept-encoding' => 'gzip, deflate',
  'accept' => 'text/html,application/xhtml+xml,application/xml;q=0.9,image/avif,image/webp,image/apng,*/*;q=0.8,application/signed-exchange;v=b3;q=0.9',
  'user-agent' => 'Mozilla/5.0 (Windows NT 10.0; WOW64) AppleWebKit/537.36 (KHTML, like Gecko) Chrome/86.0.4240.198 Safari/537.36',
  'upgrade-insecure-requests' => '1',
  'cache-control' => 'max-age=0',
  'connection' => 'keep-alive',
  'host' => '192.168.222.246',
  'content-type' => '',
  'content-length' => '',
)
[ info ] [ PARAM ] array (
)
[ info ] [ DB ] INIT mysql
[ info ] [ LOG ] INIT File
[ error ] [1130]SQLSTATE[HY000] [1130] Host '113.64.163.180' is not allowed to connect to this MySQL server[/usr/share/nginx/html/tp5shop/thinkphp/library/think/db/Connection.php:293]
---------------------------------------------------------------
[ 2022-08-08T14:38:01+08:00 ] 192.168.222.1 GET /
[ info ] 192.168.222.246/ [运行时间：0.153601s][吞吐率：6.51req/s] [内存消耗：2,617.78kb] [文件加载：60]
[ info ] [ LANG ] /usr/share/nginx/html/tp5shop/thinkphp/lang/zh-cn.php
[ info ] [ ROUTE ] array (
  'type' => 'module',
  'module' => 
  array (
    0 => '',
    1 => NULL,
    2 => NULL,
  ),
)
[ info ] [ HEADER ] array (
  'cookie' => 'jms_csrftoken=G7i0YQ5lR5c0vQSfZatlsawGAJRLj6kIZKv5r0au9CYT3FZ96wE6XdZHQEYBfEda; thinkphp_show_page_trace=0|0',
  'accept-language' => 'zh-CN,zh;q=0.9',
  'accept-encoding' => 'gzip, deflate',
  'accept' => 'text/html,application/xhtml+xml,application/xml;q=0.9,image/avif,image/webp,image/apng,*/*;q=0.8,application/signed-exchange;v=b3;q=0.9',
  'user-agent' => 'Mozilla/5.0 (Windows NT 10.0; WOW64) AppleWebKit/537.36 (KHTML, like Gecko) Chrome/86.0.4240.198 Safari/537.36',
  'upgrade-insecure-requests' => '1',
  'cache-control' => 'max-age=0',
  'connection' => 'keep-alive',
  'host' => '192.168.222.246',
  'content-type' => '',
  'content-length' => '',
)
[ info ] [ PARAM ] array (
)
[ info ] [ DB ] INIT mysql
[ info ] [ LOG ] INIT File
[ error ] [1130]SQLSTATE[HY000] [1130] Host '113.64.163.180' is not allowed to connect to this MySQL server[/usr/share/nginx/html/tp5shop/thinkphp/library/think/db/Connection.php:293]
---------------------------------------------------------------
[ 2022-08-08T14:38:02+08:00 ] 192.168.222.1 GET /
[ info ] 192.168.222.246/ [运行时间：0.103344s][吞吐率：9.68req/s] [内存消耗：2,617.78kb] [文件加载：60]
[ info ] [ LANG ] /usr/share/nginx/html/tp5shop/thinkphp/lang/zh-cn.php
[ info ] [ ROUTE ] array (
  'type' => 'module',
  'module' => 
  array (
    0 => '',
    1 => NULL,
    2 => NULL,
  ),
)
[ info ] [ HEADER ] array (
  'cookie' => 'jms_csrftoken=G7i0YQ5lR5c0vQSfZatlsawGAJRLj6kIZKv5r0au9CYT3FZ96wE6XdZHQEYBfEda; thinkphp_show_page_trace=0|0',
  'accept-language' => 'zh-CN,zh;q=0.9',
  'accept-encoding' => 'gzip, deflate',
  'accept' => 'text/html,application/xhtml+xml,application/xml;q=0.9,image/avif,image/webp,image/apng,*/*;q=0.8,application/signed-exchange;v=b3;q=0.9',
  'user-agent' => 'Mozilla/5.0 (Windows NT 10.0; WOW64) AppleWebKit/537.36 (KHTML, like Gecko) Chrome/86.0.4240.198 Safari/537.36',
  'upgrade-insecure-requests' => '1',
  'cache-control' => 'max-age=0',
  'connection' => 'keep-alive',
  'host' => '192.168.222.246',
  'content-type' => '',
  'content-length' => '',
)
[ info ] [ PARAM ] array (
)
[ info ] [ DB ] INIT mysql
[ info ] [ LOG ] INIT File
[ error ] [1130]SQLSTATE[HY000] [1130] Host '113.64.163.180' is not allowed to connect to this MySQL server[/usr/share/nginx/html/tp5shop/thinkphp/library/think/db/Connection.php:293]
---------------------------------------------------------------
[ 2022-08-08T14:38:02+08:00 ] 192.168.222.1 GET /
[ info ] 192.168.222.246/ [运行时间：0.053043s][吞吐率：18.85req/s] [内存消耗：2,617.78kb] [文件加载：60]
[ info ] [ LANG ] /usr/share/nginx/html/tp5shop/thinkphp/lang/zh-cn.php
[ info ] [ ROUTE ] array (
  'type' => 'module',
  'module' => 
  array (
    0 => '',
    1 => NULL,
    2 => NULL,
  ),
)
[ info ] [ HEADER ] array (
  'cookie' => 'jms_csrftoken=G7i0YQ5lR5c0vQSfZatlsawGAJRLj6kIZKv5r0au9CYT3FZ96wE6XdZHQEYBfEda; thinkphp_show_page_trace=0|0',
  'accept-language' => 'zh-CN,zh;q=0.9',
  'accept-encoding' => 'gzip, deflate',
  'accept' => 'text/html,application/xhtml+xml,application/xml;q=0.9,image/avif,image/webp,image/apng,*/*;q=0.8,application/signed-exchange;v=b3;q=0.9',
  'user-agent' => 'Mozilla/5.0 (Windows NT 10.0; WOW64) AppleWebKit/537.36 (KHTML, like Gecko) Chrome/86.0.4240.198 Safari/537.36',
  'upgrade-insecure-requests' => '1',
  'cache-control' => 'max-age=0',
  'connection' => 'keep-alive',
  'host' => '192.168.222.246',
  'content-type' => '',
  'content-length' => '',
)
[ info ] [ PARAM ] array (
)
[ info ] [ DB ] INIT mysql
[ info ] [ LOG ] INIT File
[ error ] [1130]SQLSTATE[HY000] [1130] Host '113.64.163.180' is not allowed to connect to this MySQL server[/usr/share/nginx/html/tp5shop/thinkphp/library/think/db/Connection.php:293]
---------------------------------------------------------------
[ 2022-08-08T14:43:00+08:00 ] 192.168.222.1 GET /
[ info ] 192.168.222.246/ [运行时间：0.078712s][吞吐率：12.70req/s] [内存消耗：2,617.75kb] [文件加载：60]
[ info ] [ LANG ] /usr/share/nginx/html/tp5shop/thinkphp/lang/zh-cn.php
[ info ] [ ROUTE ] array (
  'type' => 'module',
  'module' => 
  array (
    0 => '',
    1 => NULL,
    2 => NULL,
  ),
)
[ info ] [ HEADER ] array (
  'cookie' => 'jms_csrftoken=G7i0YQ5lR5c0vQSfZatlsawGAJRLj6kIZKv5r0au9CYT3FZ96wE6XdZHQEYBfEda; thinkphp_show_page_trace=0|0',
  'accept-language' => 'zh-CN,zh;q=0.9',
  'accept-encoding' => 'gzip, deflate',
  'accept' => 'text/html,application/xhtml+xml,application/xml;q=0.9,image/avif,image/webp,image/apng,*/*;q=0.8,application/signed-exchange;v=b3;q=0.9',
  'user-agent' => 'Mozilla/5.0 (Windows NT 10.0; WOW64) AppleWebKit/537.36 (KHTML, like Gecko) Chrome/86.0.4240.198 Safari/537.36',
  'upgrade-insecure-requests' => '1',
  'cache-control' => 'max-age=0',
  'connection' => 'keep-alive',
  'host' => '192.168.222.246',
  'content-type' => '',
  'content-length' => '',
)
[ info ] [ PARAM ] array (
)
[ info ] [ DB ] INIT mysql
[ info ] [ LOG ] INIT File
[ error ] [1044]SQLSTATE[HY000] [1044] Access denied for user 'root'@'%' to database 'tp5shop'[/usr/share/nginx/html/tp5shop/thinkphp/library/think/db/Connection.php:293]
---------------------------------------------------------------
[ 2022-08-08T14:43:02+08:00 ] 192.168.222.1 GET /
[ info ] 192.168.222.246/ [运行时间：0.271878s][吞吐率：3.68req/s] [内存消耗：2,617.75kb] [文件加载：60]
[ info ] [ LANG ] /usr/share/nginx/html/tp5shop/thinkphp/lang/zh-cn.php
[ info ] [ ROUTE ] array (
  'type' => 'module',
  'module' => 
  array (
    0 => '',
    1 => NULL,
    2 => NULL,
  ),
)
[ info ] [ HEADER ] array (
  'cookie' => 'jms_csrftoken=G7i0YQ5lR5c0vQSfZatlsawGAJRLj6kIZKv5r0au9CYT3FZ96wE6XdZHQEYBfEda; thinkphp_show_page_trace=0|0',
  'accept-language' => 'zh-CN,zh;q=0.9',
  'accept-encoding' => 'gzip, deflate',
  'accept' => 'text/html,application/xhtml+xml,application/xml;q=0.9,image/avif,image/webp,image/apng,*/*;q=0.8,application/signed-exchange;v=b3;q=0.9',
  'user-agent' => 'Mozilla/5.0 (Windows NT 10.0; WOW64) AppleWebKit/537.36 (KHTML, like Gecko) Chrome/86.0.4240.198 Safari/537.36',
  'upgrade-insecure-requests' => '1',
  'cache-control' => 'max-age=0',
  'connection' => 'keep-alive',
  'host' => '192.168.222.246',
  'content-type' => '',
  'content-length' => '',
)
[ info ] [ PARAM ] array (
)
[ info ] [ DB ] INIT mysql
[ info ] [ LOG ] INIT File
[ error ] [1044]SQLSTATE[HY000] [1044] Access denied for user 'root'@'%' to database 'tp5shop'[/usr/share/nginx/html/tp5shop/thinkphp/library/think/db/Connection.php:293]
---------------------------------------------------------------
[ 2022-08-08T14:43:03+08:00 ] 192.168.222.1 GET /
[ info ] 192.168.222.246/ [运行时间：0.164215s][吞吐率：6.09req/s] [内存消耗：2,617.75kb] [文件加载：60]
[ info ] [ LANG ] /usr/share/nginx/html/tp5shop/thinkphp/lang/zh-cn.php
[ info ] [ ROUTE ] array (
  'type' => 'module',
  'module' => 
  array (
    0 => '',
    1 => NULL,
    2 => NULL,
  ),
)
[ info ] [ HEADER ] array (
  'cookie' => 'jms_csrftoken=G7i0YQ5lR5c0vQSfZatlsawGAJRLj6kIZKv5r0au9CYT3FZ96wE6XdZHQEYBfEda; thinkphp_show_page_trace=0|0',
  'accept-language' => 'zh-CN,zh;q=0.9',
  'accept-encoding' => 'gzip, deflate',
  'accept' => 'text/html,application/xhtml+xml,application/xml;q=0.9,image/avif,image/webp,image/apng,*/*;q=0.8,application/signed-exchange;v=b3;q=0.9',
  'user-agent' => 'Mozilla/5.0 (Windows NT 10.0; WOW64) AppleWebKit/537.36 (KHTML, like Gecko) Chrome/86.0.4240.198 Safari/537.36',
  'upgrade-insecure-requests' => '1',
  'cache-control' => 'max-age=0',
  'connection' => 'keep-alive',
  'host' => '192.168.222.246',
  'content-type' => '',
  'content-length' => '',
)
[ info ] [ PARAM ] array (
)
[ info ] [ DB ] INIT mysql
[ info ] [ LOG ] INIT File
[ error ] [1044]SQLSTATE[HY000] [1044] Access denied for user 'root'@'%' to database 'tp5shop'[/usr/share/nginx/html/tp5shop/thinkphp/library/think/db/Connection.php:293]
---------------------------------------------------------------
[ 2022-08-08T14:43:03+08:00 ] 192.168.222.1 GET /
[ info ] 192.168.222.246/ [运行时间：0.177847s][吞吐率：5.62req/s] [内存消耗：2,617.75kb] [文件加载：60]
[ info ] [ LANG ] /usr/share/nginx/html/tp5shop/thinkphp/lang/zh-cn.php
[ info ] [ ROUTE ] array (
  'type' => 'module',
  'module' => 
  array (
    0 => '',
    1 => NULL,
    2 => NULL,
  ),
)
[ info ] [ HEADER ] array (
  'cookie' => 'jms_csrftoken=G7i0YQ5lR5c0vQSfZatlsawGAJRLj6kIZKv5r0au9CYT3FZ96wE6XdZHQEYBfEda; thinkphp_show_page_trace=0|0',
  'accept-language' => 'zh-CN,zh;q=0.9',
  'accept-encoding' => 'gzip, deflate',
  'accept' => 'text/html,application/xhtml+xml,application/xml;q=0.9,image/avif,image/webp,image/apng,*/*;q=0.8,application/signed-exchange;v=b3;q=0.9',
  'user-agent' => 'Mozilla/5.0 (Windows NT 10.0; WOW64) AppleWebKit/537.36 (KHTML, like Gecko) Chrome/86.0.4240.198 Safari/537.36',
  'upgrade-insecure-requests' => '1',
  'cache-control' => 'max-age=0',
  'connection' => 'keep-alive',
  'host' => '192.168.222.246',
  'content-type' => '',
  'content-length' => '',
)
[ info ] [ PARAM ] array (
)
[ info ] [ DB ] INIT mysql
[ info ] [ LOG ] INIT File
[ error ] [1044]SQLSTATE[HY000] [1044] Access denied for user 'root'@'%' to database 'tp5shop'[/usr/share/nginx/html/tp5shop/thinkphp/library/think/db/Connection.php:293]
---------------------------------------------------------------
[ 2022-08-08T14:43:03+08:00 ] 192.168.222.1 GET /
[ info ] 192.168.222.246/ [运行时间：0.165223s][吞吐率：6.05req/s] [内存消耗：2,617.75kb] [文件加载：60]
[ info ] [ LANG ] /usr/share/nginx/html/tp5shop/thinkphp/lang/zh-cn.php
[ info ] [ ROUTE ] array (
  'type' => 'module',
  'module' => 
  array (
    0 => '',
    1 => NULL,
    2 => NULL,
  ),
)
[ info ] [ HEADER ] array (
  'cookie' => 'jms_csrftoken=G7i0YQ5lR5c0vQSfZatlsawGAJRLj6kIZKv5r0au9CYT3FZ96wE6XdZHQEYBfEda; thinkphp_show_page_trace=0|0',
  'accept-language' => 'zh-CN,zh;q=0.9',
  'accept-encoding' => 'gzip, deflate',
  'accept' => 'text/html,application/xhtml+xml,application/xml;q=0.9,image/avif,image/webp,image/apng,*/*;q=0.8,application/signed-exchange;v=b3;q=0.9',
  'user-agent' => 'Mozilla/5.0 (Windows NT 10.0; WOW64) AppleWebKit/537.36 (KHTML, like Gecko) Chrome/86.0.4240.198 Safari/537.36',
  'upgrade-insecure-requests' => '1',
  'cache-control' => 'max-age=0',
  'connection' => 'keep-alive',
  'host' => '192.168.222.246',
  'content-type' => '',
  'content-length' => '',
)
[ info ] [ PARAM ] array (
)
[ info ] [ DB ] INIT mysql
[ info ] [ LOG ] INIT File
[ error ] [1044]SQLSTATE[HY000] [1044] Access denied for user 'root'@'%' to database 'tp5shop'[/usr/share/nginx/html/tp5shop/thinkphp/library/think/db/Connection.php:293]
---------------------------------------------------------------
[ 2022-08-08T14:43:04+08:00 ] 192.168.222.1 GET /
[ info ] 192.168.222.246/ [运行时间：0.214916s][吞吐率：4.65req/s] [内存消耗：2,617.75kb] [文件加载：60]
[ info ] [ LANG ] /usr/share/nginx/html/tp5shop/thinkphp/lang/zh-cn.php
[ info ] [ ROUTE ] array (
  'type' => 'module',
  'module' => 
  array (
    0 => '',
    1 => NULL,
    2 => NULL,
  ),
)
[ info ] [ HEADER ] array (
  'cookie' => 'jms_csrftoken=G7i0YQ5lR5c0vQSfZatlsawGAJRLj6kIZKv5r0au9CYT3FZ96wE6XdZHQEYBfEda; thinkphp_show_page_trace=0|0',
  'accept-language' => 'zh-CN,zh;q=0.9',
  'accept-encoding' => 'gzip, deflate',
  'accept' => 'text/html,application/xhtml+xml,application/xml;q=0.9,image/avif,image/webp,image/apng,*/*;q=0.8,application/signed-exchange;v=b3;q=0.9',
  'user-agent' => 'Mozilla/5.0 (Windows NT 10.0; WOW64) AppleWebKit/537.36 (KHTML, like Gecko) Chrome/86.0.4240.198 Safari/537.36',
  'upgrade-insecure-requests' => '1',
  'cache-control' => 'max-age=0',
  'connection' => 'keep-alive',
  'host' => '192.168.222.246',
  'content-type' => '',
  'content-length' => '',
)
[ info ] [ PARAM ] array (
)
[ info ] [ DB ] INIT mysql
[ info ] [ LOG ] INIT File
[ error ] [1044]SQLSTATE[HY000] [1044] Access denied for user 'root'@'%' to database 'tp5shop'[/usr/share/nginx/html/tp5shop/thinkphp/library/think/db/Connection.php:293]
---------------------------------------------------------------
[ 2022-08-08T14:44:09+08:00 ] 192.168.222.1 GET /
[ info ] 192.168.222.246/ [运行时间：0.069531s][吞吐率：14.38req/s] [内存消耗：2,617.75kb] [文件加载：60]
[ info ] [ LANG ] /usr/share/nginx/html/tp5shop/thinkphp/lang/zh-cn.php
[ info ] [ ROUTE ] array (
  'type' => 'module',
  'module' => 
  array (
    0 => '',
    1 => NULL,
    2 => NULL,
  ),
)
[ info ] [ HEADER ] array (
  'cookie' => 'jms_csrftoken=G7i0YQ5lR5c0vQSfZatlsawGAJRLj6kIZKv5r0au9CYT3FZ96wE6XdZHQEYBfEda; thinkphp_show_page_trace=0|0',
  'accept-language' => 'zh-CN,zh;q=0.9',
  'accept-encoding' => 'gzip, deflate',
  'accept' => 'text/html,application/xhtml+xml,application/xml;q=0.9,image/avif,image/webp,image/apng,*/*;q=0.8,application/signed-exchange;v=b3;q=0.9',
  'user-agent' => 'Mozilla/5.0 (Windows NT 10.0; WOW64) AppleWebKit/537.36 (KHTML, like Gecko) Chrome/86.0.4240.198 Safari/537.36',
  'upgrade-insecure-requests' => '1',
  'cache-control' => 'max-age=0',
  'connection' => 'keep-alive',
  'host' => '192.168.222.246',
  'content-type' => '',
  'content-length' => '',
)
[ info ] [ PARAM ] array (
)
[ info ] [ DB ] INIT mysql
[ info ] [ LOG ] INIT File
[ error ] [1044]SQLSTATE[HY000] [1044] Access denied for user 'root'@'%' to database 'tp5shop'[/usr/share/nginx/html/tp5shop/thinkphp/library/think/db/Connection.php:293]
---------------------------------------------------------------
[ 2022-08-08T14:44:09+08:00 ] 192.168.222.1 GET /
[ info ] 192.168.222.246/ [运行时间：0.069995s][吞吐率：14.29req/s] [内存消耗：2,617.75kb] [文件加载：60]
[ info ] [ LANG ] /usr/share/nginx/html/tp5shop/thinkphp/lang/zh-cn.php
[ info ] [ ROUTE ] array (
  'type' => 'module',
  'module' => 
  array (
    0 => '',
    1 => NULL,
    2 => NULL,
  ),
)
[ info ] [ HEADER ] array (
  'cookie' => 'jms_csrftoken=G7i0YQ5lR5c0vQSfZatlsawGAJRLj6kIZKv5r0au9CYT3FZ96wE6XdZHQEYBfEda; thinkphp_show_page_trace=0|0',
  'accept-language' => 'zh-CN,zh;q=0.9',
  'accept-encoding' => 'gzip, deflate',
  'accept' => 'text/html,application/xhtml+xml,application/xml;q=0.9,image/avif,image/webp,image/apng,*/*;q=0.8,application/signed-exchange;v=b3;q=0.9',
  'user-agent' => 'Mozilla/5.0 (Windows NT 10.0; WOW64) AppleWebKit/537.36 (KHTML, like Gecko) Chrome/86.0.4240.198 Safari/537.36',
  'upgrade-insecure-requests' => '1',
  'cache-control' => 'max-age=0',
  'connection' => 'keep-alive',
  'host' => '192.168.222.246',
  'content-type' => '',
  'content-length' => '',
)
[ info ] [ PARAM ] array (
)
[ info ] [ DB ] INIT mysql
[ info ] [ LOG ] INIT File
[ error ] [1044]SQLSTATE[HY000] [1044] Access denied for user 'root'@'%' to database 'tp5shop'[/usr/share/nginx/html/tp5shop/thinkphp/library/think/db/Connection.php:293]
---------------------------------------------------------------
[ 2022-08-08T14:44:10+08:00 ] 192.168.222.1 GET /
[ info ] 192.168.222.246/ [运行时间：0.065187s][吞吐率：15.34req/s] [内存消耗：2,617.75kb] [文件加载：60]
[ info ] [ LANG ] /usr/share/nginx/html/tp5shop/thinkphp/lang/zh-cn.php
[ info ] [ ROUTE ] array (
  'type' => 'module',
  'module' => 
  array (
    0 => '',
    1 => NULL,
    2 => NULL,
  ),
)
[ info ] [ HEADER ] array (
  'cookie' => 'jms_csrftoken=G7i0YQ5lR5c0vQSfZatlsawGAJRLj6kIZKv5r0au9CYT3FZ96wE6XdZHQEYBfEda; thinkphp_show_page_trace=0|0',
  'accept-language' => 'zh-CN,zh;q=0.9',
  'accept-encoding' => 'gzip, deflate',
  'accept' => 'text/html,application/xhtml+xml,application/xml;q=0.9,image/avif,image/webp,image/apng,*/*;q=0.8,application/signed-exchange;v=b3;q=0.9',
  'user-agent' => 'Mozilla/5.0 (Windows NT 10.0; WOW64) AppleWebKit/537.36 (KHTML, like Gecko) Chrome/86.0.4240.198 Safari/537.36',
  'upgrade-insecure-requests' => '1',
  'cache-control' => 'max-age=0',
  'connection' => 'keep-alive',
  'host' => '192.168.222.246',
  'content-type' => '',
  'content-length' => '',
)
[ info ] [ PARAM ] array (
)
[ info ] [ DB ] INIT mysql
[ info ] [ LOG ] INIT File
[ error ] [1044]SQLSTATE[HY000] [1044] Access denied for user 'root'@'%' to database 'tp5shop'[/usr/share/nginx/html/tp5shop/thinkphp/library/think/db/Connection.php:293]
---------------------------------------------------------------
[ 2022-08-08T14:44:10+08:00 ] 192.168.222.1 GET /
[ info ] 192.168.222.246/ [运行时间：0.066227s][吞吐率：15.10req/s] [内存消耗：2,617.75kb] [文件加载：60]
[ info ] [ LANG ] /usr/share/nginx/html/tp5shop/thinkphp/lang/zh-cn.php
[ info ] [ ROUTE ] array (
  'type' => 'module',
  'module' => 
  array (
    0 => '',
    1 => NULL,
    2 => NULL,
  ),
)
[ info ] [ HEADER ] array (
  'cookie' => 'jms_csrftoken=G7i0YQ5lR5c0vQSfZatlsawGAJRLj6kIZKv5r0au9CYT3FZ96wE6XdZHQEYBfEda; thinkphp_show_page_trace=0|0',
  'accept-language' => 'zh-CN,zh;q=0.9',
  'accept-encoding' => 'gzip, deflate',
  'accept' => 'text/html,application/xhtml+xml,application/xml;q=0.9,image/avif,image/webp,image/apng,*/*;q=0.8,application/signed-exchange;v=b3;q=0.9',
  'user-agent' => 'Mozilla/5.0 (Windows NT 10.0; WOW64) AppleWebKit/537.36 (KHTML, like Gecko) Chrome/86.0.4240.198 Safari/537.36',
  'upgrade-insecure-requests' => '1',
  'cache-control' => 'max-age=0',
  'connection' => 'keep-alive',
  'host' => '192.168.222.246',
  'content-type' => '',
  'content-length' => '',
)
[ info ] [ PARAM ] array (
)
[ info ] [ DB ] INIT mysql
[ info ] [ LOG ] INIT File
[ error ] [1044]SQLSTATE[HY000] [1044] Access denied for user 'root'@'%' to database 'tp5shop'[/usr/share/nginx/html/tp5shop/thinkphp/library/think/db/Connection.php:293]
---------------------------------------------------------------
[ 2022-08-08T14:44:10+08:00 ] 192.168.222.1 GET /
[ info ] 192.168.222.246/ [运行时间：0.075932s][吞吐率：13.17req/s] [内存消耗：2,617.75kb] [文件加载：60]
[ info ] [ LANG ] /usr/share/nginx/html/tp5shop/thinkphp/lang/zh-cn.php
[ info ] [ ROUTE ] array (
  'type' => 'module',
  'module' => 
  array (
    0 => '',
    1 => NULL,
    2 => NULL,
  ),
)
[ info ] [ HEADER ] array (
  'cookie' => 'jms_csrftoken=G7i0YQ5lR5c0vQSfZatlsawGAJRLj6kIZKv5r0au9CYT3FZ96wE6XdZHQEYBfEda; thinkphp_show_page_trace=0|0',
  'accept-language' => 'zh-CN,zh;q=0.9',
  'accept-encoding' => 'gzip, deflate',
  'accept' => 'text/html,application/xhtml+xml,application/xml;q=0.9,image/avif,image/webp,image/apng,*/*;q=0.8,application/signed-exchange;v=b3;q=0.9',
  'user-agent' => 'Mozilla/5.0 (Windows NT 10.0; WOW64) AppleWebKit/537.36 (KHTML, like Gecko) Chrome/86.0.4240.198 Safari/537.36',
  'upgrade-insecure-requests' => '1',
  'cache-control' => 'max-age=0',
  'connection' => 'keep-alive',
  'host' => '192.168.222.246',
  'content-type' => '',
  'content-length' => '',
)
[ info ] [ PARAM ] array (
)
[ info ] [ DB ] INIT mysql
[ info ] [ LOG ] INIT File
[ error ] [1044]SQLSTATE[HY000] [1044] Access denied for user 'root'@'%' to database 'tp5shop'[/usr/share/nginx/html/tp5shop/thinkphp/library/think/db/Connection.php:293]
---------------------------------------------------------------
[ 2022-08-08T14:44:11+08:00 ] 192.168.222.1 GET /
[ info ] 192.168.222.246/ [运行时间：0.072959s][吞吐率：13.71req/s] [内存消耗：2,617.75kb] [文件加载：60]
[ info ] [ LANG ] /usr/share/nginx/html/tp5shop/thinkphp/lang/zh-cn.php
[ info ] [ ROUTE ] array (
  'type' => 'module',
  'module' => 
  array (
    0 => '',
    1 => NULL,
    2 => NULL,
  ),
)
[ info ] [ HEADER ] array (
  'cookie' => 'jms_csrftoken=G7i0YQ5lR5c0vQSfZatlsawGAJRLj6kIZKv5r0au9CYT3FZ96wE6XdZHQEYBfEda; thinkphp_show_page_trace=0|0',
  'accept-language' => 'zh-CN,zh;q=0.9',
  'accept-encoding' => 'gzip, deflate',
  'accept' => 'text/html,application/xhtml+xml,application/xml;q=0.9,image/avif,image/webp,image/apng,*/*;q=0.8,application/signed-exchange;v=b3;q=0.9',
  'user-agent' => 'Mozilla/5.0 (Windows NT 10.0; WOW64) AppleWebKit/537.36 (KHTML, like Gecko) Chrome/86.0.4240.198 Safari/537.36',
  'upgrade-insecure-requests' => '1',
  'cache-control' => 'max-age=0',
  'connection' => 'keep-alive',
  'host' => '192.168.222.246',
  'content-type' => '',
  'content-length' => '',
)
[ info ] [ PARAM ] array (
)
[ info ] [ DB ] INIT mysql
[ info ] [ LOG ] INIT File
[ error ] [1044]SQLSTATE[HY000] [1044] Access denied for user 'root'@'%' to database 'tp5shop'[/usr/share/nginx/html/tp5shop/thinkphp/library/think/db/Connection.php:293]
---------------------------------------------------------------
[ 2022-08-08T14:44:11+08:00 ] 192.168.222.1 GET /
[ info ] 192.168.222.246/ [运行时间：0.071105s][吞吐率：14.06req/s] [内存消耗：2,617.75kb] [文件加载：60]
[ info ] [ LANG ] /usr/share/nginx/html/tp5shop/thinkphp/lang/zh-cn.php
[ info ] [ ROUTE ] array (
  'type' => 'module',
  'module' => 
  array (
    0 => '',
    1 => NULL,
    2 => NULL,
  ),
)
[ info ] [ HEADER ] array (
  'cookie' => 'jms_csrftoken=G7i0YQ5lR5c0vQSfZatlsawGAJRLj6kIZKv5r0au9CYT3FZ96wE6XdZHQEYBfEda; thinkphp_show_page_trace=0|0',
  'accept-language' => 'zh-CN,zh;q=0.9',
  'accept-encoding' => 'gzip, deflate',
  'accept' => 'text/html,application/xhtml+xml,application/xml;q=0.9,image/avif,image/webp,image/apng,*/*;q=0.8,application/signed-exchange;v=b3;q=0.9',
  'user-agent' => 'Mozilla/5.0 (Windows NT 10.0; WOW64) AppleWebKit/537.36 (KHTML, like Gecko) Chrome/86.0.4240.198 Safari/537.36',
  'upgrade-insecure-requests' => '1',
  'cache-control' => 'max-age=0',
  'connection' => 'keep-alive',
  'host' => '192.168.222.246',
  'content-type' => '',
  'content-length' => '',
)
[ info ] [ PARAM ] array (
)
[ info ] [ DB ] INIT mysql
[ info ] [ LOG ] INIT File
[ error ] [1044]SQLSTATE[HY000] [1044] Access denied for user 'root'@'%' to database 'tp5shop'[/usr/share/nginx/html/tp5shop/thinkphp/library/think/db/Connection.php:293]
---------------------------------------------------------------
[ 2022-08-08T14:44:11+08:00 ] 192.168.222.1 GET /
[ info ] 192.168.222.246/ [运行时间：0.064159s][吞吐率：15.59req/s] [内存消耗：2,617.75kb] [文件加载：60]
[ info ] [ LANG ] /usr/share/nginx/html/tp5shop/thinkphp/lang/zh-cn.php
[ info ] [ ROUTE ] array (
  'type' => 'module',
  'module' => 
  array (
    0 => '',
    1 => NULL,
    2 => NULL,
  ),
)
[ info ] [ HEADER ] array (
  'cookie' => 'jms_csrftoken=G7i0YQ5lR5c0vQSfZatlsawGAJRLj6kIZKv5r0au9CYT3FZ96wE6XdZHQEYBfEda; thinkphp_show_page_trace=0|0',
  'accept-language' => 'zh-CN,zh;q=0.9',
  'accept-encoding' => 'gzip, deflate',
  'accept' => 'text/html,application/xhtml+xml,application/xml;q=0.9,image/avif,image/webp,image/apng,*/*;q=0.8,application/signed-exchange;v=b3;q=0.9',
  'user-agent' => 'Mozilla/5.0 (Windows NT 10.0; WOW64) AppleWebKit/537.36 (KHTML, like Gecko) Chrome/86.0.4240.198 Safari/537.36',
  'upgrade-insecure-requests' => '1',
  'cache-control' => 'max-age=0',
  'connection' => 'keep-alive',
  'host' => '192.168.222.246',
  'content-type' => '',
  'content-length' => '',
)
[ info ] [ PARAM ] array (
)
[ info ] [ DB ] INIT mysql
[ info ] [ LOG ] INIT File
[ error ] [1044]SQLSTATE[HY000] [1044] Access denied for user 'root'@'%' to database 'tp5shop'[/usr/share/nginx/html/tp5shop/thinkphp/library/think/db/Connection.php:293]
---------------------------------------------------------------
[ 2022-08-08T14:44:12+08:00 ] 192.168.222.1 GET /
[ info ] 192.168.222.246/ [运行时间：0.089130s][吞吐率：11.22req/s] [内存消耗：2,617.75kb] [文件加载：60]
[ info ] [ LANG ] /usr/share/nginx/html/tp5shop/thinkphp/lang/zh-cn.php
[ info ] [ ROUTE ] array (
  'type' => 'module',
  'module' => 
  array (
    0 => '',
    1 => NULL,
    2 => NULL,
  ),
)
[ info ] [ HEADER ] array (
  'cookie' => 'jms_csrftoken=G7i0YQ5lR5c0vQSfZatlsawGAJRLj6kIZKv5r0au9CYT3FZ96wE6XdZHQEYBfEda; thinkphp_show_page_trace=0|0',
  'accept-language' => 'zh-CN,zh;q=0.9',
  'accept-encoding' => 'gzip, deflate',
  'accept' => 'text/html,application/xhtml+xml,application/xml;q=0.9,image/avif,image/webp,image/apng,*/*;q=0.8,application/signed-exchange;v=b3;q=0.9',
  'user-agent' => 'Mozilla/5.0 (Windows NT 10.0; WOW64) AppleWebKit/537.36 (KHTML, like Gecko) Chrome/86.0.4240.198 Safari/537.36',
  'upgrade-insecure-requests' => '1',
  'cache-control' => 'max-age=0',
  'connection' => 'keep-alive',
  'host' => '192.168.222.246',
  'content-type' => '',
  'content-length' => '',
)
[ info ] [ PARAM ] array (
)
[ info ] [ DB ] INIT mysql
[ info ] [ LOG ] INIT File
[ error ] [1044]SQLSTATE[HY000] [1044] Access denied for user 'root'@'%' to database 'tp5shop'[/usr/share/nginx/html/tp5shop/thinkphp/library/think/db/Connection.php:293]
---------------------------------------------------------------
[ 2022-08-08T14:44:29+08:00 ] 192.168.222.1 GET /
[ info ] 192.168.222.246/ [运行时间：0.098889s][吞吐率：10.11req/s] [内存消耗：2,617.26kb] [文件加载：60]
[ info ] [ LANG ] /usr/share/nginx/html/tp5shop/thinkphp/lang/zh-cn.php
[ info ] [ ROUTE ] array (
  'type' => 'module',
  'module' => 
  array (
    0 => '',
    1 => NULL,
    2 => NULL,
  ),
)
[ info ] [ HEADER ] array (
  'accept-language' => 'zh-CN,zh;q=0.9,en;q=0.8,en-GB;q=0.7,en-US;q=0.6',
  'accept-encoding' => 'gzip, deflate',
  'purpose' => 'prefetch',
  'accept' => 'text/html,application/xhtml+xml,application/xml;q=0.9,image/webp,image/apng,*/*;q=0.8,application/signed-exchange;v=b3;q=0.9',
  'user-agent' => 'Mozilla/5.0 (Windows NT 10.0; Win64; x64) AppleWebKit/537.36 (KHTML, like Gecko) Chrome/104.0.5112.81 Safari/537.36 Edg/104.0.1293.47',
  'upgrade-insecure-requests' => '1',
  'connection' => 'keep-alive',
  'host' => '192.168.222.246',
  'content-type' => '',
  'content-length' => '',
)
[ info ] [ PARAM ] array (
)
[ info ] [ DB ] INIT mysql
[ info ] [ LOG ] INIT File
[ error ] [1044]SQLSTATE[HY000] [1044] Access denied for user 'root'@'%' to database 'tp5shop'[/usr/share/nginx/html/tp5shop/thinkphp/library/think/db/Connection.php:293]
---------------------------------------------------------------
[ 2022-08-08T14:48:02+08:00 ] 192.168.222.1 GET /
[ info ] 192.168.222.246/ [运行时间：0.175231s][吞吐率：5.71req/s] [内存消耗：2,617.75kb] [文件加载：60]
[ info ] [ LANG ] /usr/share/nginx/html/tp5shop/thinkphp/lang/zh-cn.php
[ info ] [ ROUTE ] array (
  'type' => 'module',
  'module' => 
  array (
    0 => '',
    1 => NULL,
    2 => NULL,
  ),
)
[ info ] [ HEADER ] array (
  'cookie' => 'jms_csrftoken=G7i0YQ5lR5c0vQSfZatlsawGAJRLj6kIZKv5r0au9CYT3FZ96wE6XdZHQEYBfEda; thinkphp_show_page_trace=0|0',
  'accept-language' => 'zh-CN,zh;q=0.9',
  'accept-encoding' => 'gzip, deflate',
  'accept' => 'text/html,application/xhtml+xml,application/xml;q=0.9,image/avif,image/webp,image/apng,*/*;q=0.8,application/signed-exchange;v=b3;q=0.9',
  'user-agent' => 'Mozilla/5.0 (Windows NT 10.0; WOW64) AppleWebKit/537.36 (KHTML, like Gecko) Chrome/86.0.4240.198 Safari/537.36',
  'upgrade-insecure-requests' => '1',
  'cache-control' => 'max-age=0',
  'connection' => 'keep-alive',
  'host' => '192.168.222.246',
  'content-type' => '',
  'content-length' => '',
)
[ info ] [ PARAM ] array (
)
[ info ] [ DB ] INIT mysql
[ info ] [ LOG ] INIT File
[ error ] [1044]SQLSTATE[HY000] [1044] Access denied for user 'root'@'%' to database 'tp5shop'[/usr/share/nginx/html/tp5shop/thinkphp/library/think/db/Connection.php:293]
---------------------------------------------------------------
[ 2022-08-08T14:48:03+08:00 ] 192.168.222.1 GET /
[ info ] 192.168.222.246/ [运行时间：0.139374s][吞吐率：7.17req/s] [内存消耗：2,617.75kb] [文件加载：60]
[ info ] [ LANG ] /usr/share/nginx/html/tp5shop/thinkphp/lang/zh-cn.php
[ info ] [ ROUTE ] array (
  'type' => 'module',
  'module' => 
  array (
    0 => '',
    1 => NULL,
    2 => NULL,
  ),
)
[ info ] [ HEADER ] array (
  'cookie' => 'jms_csrftoken=G7i0YQ5lR5c0vQSfZatlsawGAJRLj6kIZKv5r0au9CYT3FZ96wE6XdZHQEYBfEda; thinkphp_show_page_trace=0|0',
  'accept-language' => 'zh-CN,zh;q=0.9',
  'accept-encoding' => 'gzip, deflate',
  'accept' => 'text/html,application/xhtml+xml,application/xml;q=0.9,image/avif,image/webp,image/apng,*/*;q=0.8,application/signed-exchange;v=b3;q=0.9',
  'user-agent' => 'Mozilla/5.0 (Windows NT 10.0; WOW64) AppleWebKit/537.36 (KHTML, like Gecko) Chrome/86.0.4240.198 Safari/537.36',
  'upgrade-insecure-requests' => '1',
  'cache-control' => 'max-age=0',
  'connection' => 'keep-alive',
  'host' => '192.168.222.246',
  'content-type' => '',
  'content-length' => '',
)
[ info ] [ PARAM ] array (
)
[ info ] [ DB ] INIT mysql
[ info ] [ LOG ] INIT File
[ error ] [1044]SQLSTATE[HY000] [1044] Access denied for user 'root'@'%' to database 'tp5shop'[/usr/share/nginx/html/tp5shop/thinkphp/library/think/db/Connection.php:293]
---------------------------------------------------------------
[ 2022-08-08T14:48:03+08:00 ] 192.168.222.1 GET /
[ info ] 192.168.222.246/ [运行时间：0.131845s][吞吐率：7.58req/s] [内存消耗：2,617.75kb] [文件加载：60]
[ info ] [ LANG ] /usr/share/nginx/html/tp5shop/thinkphp/lang/zh-cn.php
[ info ] [ ROUTE ] array (
  'type' => 'module',
  'module' => 
  array (
    0 => '',
    1 => NULL,
    2 => NULL,
  ),
)
[ info ] [ HEADER ] array (
  'cookie' => 'jms_csrftoken=G7i0YQ5lR5c0vQSfZatlsawGAJRLj6kIZKv5r0au9CYT3FZ96wE6XdZHQEYBfEda; thinkphp_show_page_trace=0|0',
  'accept-language' => 'zh-CN,zh;q=0.9',
  'accept-encoding' => 'gzip, deflate',
  'accept' => 'text/html,application/xhtml+xml,application/xml;q=0.9,image/avif,image/webp,image/apng,*/*;q=0.8,application/signed-exchange;v=b3;q=0.9',
  'user-agent' => 'Mozilla/5.0 (Windows NT 10.0; WOW64) AppleWebKit/537.36 (KHTML, like Gecko) Chrome/86.0.4240.198 Safari/537.36',
  'upgrade-insecure-requests' => '1',
  'cache-control' => 'max-age=0',
  'connection' => 'keep-alive',
  'host' => '192.168.222.246',
  'content-type' => '',
  'content-length' => '',
)
[ info ] [ PARAM ] array (
)
[ info ] [ DB ] INIT mysql
[ info ] [ LOG ] INIT File
[ error ] [1044]SQLSTATE[HY000] [1044] Access denied for user 'root'@'%' to database 'tp5shop'[/usr/share/nginx/html/tp5shop/thinkphp/library/think/db/Connection.php:293]
---------------------------------------------------------------
[ 2022-08-08T14:48:04+08:00 ] 192.168.222.1 GET /
[ info ] 192.168.222.246/ [运行时间：0.142070s][吞吐率：7.04req/s] [内存消耗：2,617.75kb] [文件加载：60]
[ info ] [ LANG ] /usr/share/nginx/html/tp5shop/thinkphp/lang/zh-cn.php
[ info ] [ ROUTE ] array (
  'type' => 'module',
  'module' => 
  array (
    0 => '',
    1 => NULL,
    2 => NULL,
  ),
)
[ info ] [ HEADER ] array (
  'cookie' => 'jms_csrftoken=G7i0YQ5lR5c0vQSfZatlsawGAJRLj6kIZKv5r0au9CYT3FZ96wE6XdZHQEYBfEda; thinkphp_show_page_trace=0|0',
  'accept-language' => 'zh-CN,zh;q=0.9',
  'accept-encoding' => 'gzip, deflate',
  'accept' => 'text/html,application/xhtml+xml,application/xml;q=0.9,image/avif,image/webp,image/apng,*/*;q=0.8,application/signed-exchange;v=b3;q=0.9',
  'user-agent' => 'Mozilla/5.0 (Windows NT 10.0; WOW64) AppleWebKit/537.36 (KHTML, like Gecko) Chrome/86.0.4240.198 Safari/537.36',
  'upgrade-insecure-requests' => '1',
  'cache-control' => 'max-age=0',
  'connection' => 'keep-alive',
  'host' => '192.168.222.246',
  'content-type' => '',
  'content-length' => '',
)
[ info ] [ PARAM ] array (
)
[ info ] [ DB ] INIT mysql
[ info ] [ LOG ] INIT File
[ error ] [1044]SQLSTATE[HY000] [1044] Access denied for user 'root'@'%' to database 'tp5shop'[/usr/share/nginx/html/tp5shop/thinkphp/library/think/db/Connection.php:293]
---------------------------------------------------------------
[ 2022-08-08T14:48:04+08:00 ] 192.168.222.1 GET /
[ info ] 192.168.222.246/ [运行时间：0.170250s][吞吐率：5.87req/s] [内存消耗：2,617.75kb] [文件加载：60]
[ info ] [ LANG ] /usr/share/nginx/html/tp5shop/thinkphp/lang/zh-cn.php
[ info ] [ ROUTE ] array (
  'type' => 'module',
  'module' => 
  array (
    0 => '',
    1 => NULL,
    2 => NULL,
  ),
)
[ info ] [ HEADER ] array (
  'cookie' => 'jms_csrftoken=G7i0YQ5lR5c0vQSfZatlsawGAJRLj6kIZKv5r0au9CYT3FZ96wE6XdZHQEYBfEda; thinkphp_show_page_trace=0|0',
  'accept-language' => 'zh-CN,zh;q=0.9',
  'accept-encoding' => 'gzip, deflate',
  'accept' => 'text/html,application/xhtml+xml,application/xml;q=0.9,image/avif,image/webp,image/apng,*/*;q=0.8,application/signed-exchange;v=b3;q=0.9',
  'user-agent' => 'Mozilla/5.0 (Windows NT 10.0; WOW64) AppleWebKit/537.36 (KHTML, like Gecko) Chrome/86.0.4240.198 Safari/537.36',
  'upgrade-insecure-requests' => '1',
  'cache-control' => 'max-age=0',
  'connection' => 'keep-alive',
  'host' => '192.168.222.246',
  'content-type' => '',
  'content-length' => '',
)
[ info ] [ PARAM ] array (
)
[ info ] [ DB ] INIT mysql
[ info ] [ LOG ] INIT File
[ error ] [1044]SQLSTATE[HY000] [1044] Access denied for user 'root'@'%' to database 'tp5shop'[/usr/share/nginx/html/tp5shop/thinkphp/library/think/db/Connection.php:293]
---------------------------------------------------------------
[ 2022-08-08T14:48:10+08:00 ] 192.168.222.1 GET /
[ info ] 192.168.222.246/ [运行时间：0.068352s][吞吐率：14.63req/s] [内存消耗：2,617.75kb] [文件加载：60]
[ info ] [ LANG ] /usr/share/nginx/html/tp5shop/thinkphp/lang/zh-cn.php
[ info ] [ ROUTE ] array (
  'type' => 'module',
  'module' => 
  array (
    0 => '',
    1 => NULL,
    2 => NULL,
  ),
)
[ info ] [ HEADER ] array (
  'cookie' => 'jms_csrftoken=G7i0YQ5lR5c0vQSfZatlsawGAJRLj6kIZKv5r0au9CYT3FZ96wE6XdZHQEYBfEda; thinkphp_show_page_trace=0|0',
  'accept-language' => 'zh-CN,zh;q=0.9',
  'accept-encoding' => 'gzip, deflate',
  'accept' => 'text/html,application/xhtml+xml,application/xml;q=0.9,image/avif,image/webp,image/apng,*/*;q=0.8,application/signed-exchange;v=b3;q=0.9',
  'user-agent' => 'Mozilla/5.0 (Windows NT 10.0; WOW64) AppleWebKit/537.36 (KHTML, like Gecko) Chrome/86.0.4240.198 Safari/537.36',
  'upgrade-insecure-requests' => '1',
  'cache-control' => 'max-age=0',
  'connection' => 'keep-alive',
  'host' => '192.168.222.246',
  'content-type' => '',
  'content-length' => '',
)
[ info ] [ PARAM ] array (
)
[ info ] [ DB ] INIT mysql
[ info ] [ LOG ] INIT File
[ error ] [1044]SQLSTATE[HY000] [1044] Access denied for user 'root'@'%' to database 'tp5shop'[/usr/share/nginx/html/tp5shop/thinkphp/library/think/db/Connection.php:293]
---------------------------------------------------------------
[ 2022-08-08T14:48:11+08:00 ] 192.168.222.1 GET /
[ info ] 192.168.222.246/ [运行时间：0.064510s][吞吐率：15.50req/s] [内存消耗：2,617.75kb] [文件加载：60]
[ info ] [ LANG ] /usr/share/nginx/html/tp5shop/thinkphp/lang/zh-cn.php
[ info ] [ ROUTE ] array (
  'type' => 'module',
  'module' => 
  array (
    0 => '',
    1 => NULL,
    2 => NULL,
  ),
)
[ info ] [ HEADER ] array (
  'cookie' => 'jms_csrftoken=G7i0YQ5lR5c0vQSfZatlsawGAJRLj6kIZKv5r0au9CYT3FZ96wE6XdZHQEYBfEda; thinkphp_show_page_trace=0|0',
  'accept-language' => 'zh-CN,zh;q=0.9',
  'accept-encoding' => 'gzip, deflate',
  'accept' => 'text/html,application/xhtml+xml,application/xml;q=0.9,image/avif,image/webp,image/apng,*/*;q=0.8,application/signed-exchange;v=b3;q=0.9',
  'user-agent' => 'Mozilla/5.0 (Windows NT 10.0; WOW64) AppleWebKit/537.36 (KHTML, like Gecko) Chrome/86.0.4240.198 Safari/537.36',
  'upgrade-insecure-requests' => '1',
  'cache-control' => 'max-age=0',
  'connection' => 'keep-alive',
  'host' => '192.168.222.246',
  'content-type' => '',
  'content-length' => '',
)
[ info ] [ PARAM ] array (
)
[ info ] [ DB ] INIT mysql
[ info ] [ LOG ] INIT File
[ error ] [1044]SQLSTATE[HY000] [1044] Access denied for user 'root'@'%' to database 'tp5shop'[/usr/share/nginx/html/tp5shop/thinkphp/library/think/db/Connection.php:293]
---------------------------------------------------------------
[ 2022-08-08T14:48:11+08:00 ] 192.168.222.1 GET /
[ info ] 192.168.222.246/ [运行时间：0.064351s][吞吐率：15.54req/s] [内存消耗：2,617.75kb] [文件加载：60]
[ info ] [ LANG ] /usr/share/nginx/html/tp5shop/thinkphp/lang/zh-cn.php
[ info ] [ ROUTE ] array (
  'type' => 'module',
  'module' => 
  array (
    0 => '',
    1 => NULL,
    2 => NULL,
  ),
)
[ info ] [ HEADER ] array (
  'cookie' => 'jms_csrftoken=G7i0YQ5lR5c0vQSfZatlsawGAJRLj6kIZKv5r0au9CYT3FZ96wE6XdZHQEYBfEda; thinkphp_show_page_trace=0|0',
  'accept-language' => 'zh-CN,zh;q=0.9',
  'accept-encoding' => 'gzip, deflate',
  'accept' => 'text/html,application/xhtml+xml,application/xml;q=0.9,image/avif,image/webp,image/apng,*/*;q=0.8,application/signed-exchange;v=b3;q=0.9',
  'user-agent' => 'Mozilla/5.0 (Windows NT 10.0; WOW64) AppleWebKit/537.36 (KHTML, like Gecko) Chrome/86.0.4240.198 Safari/537.36',
  'upgrade-insecure-requests' => '1',
  'cache-control' => 'max-age=0',
  'connection' => 'keep-alive',
  'host' => '192.168.222.246',
  'content-type' => '',
  'content-length' => '',
)
[ info ] [ PARAM ] array (
)
[ info ] [ DB ] INIT mysql
[ info ] [ LOG ] INIT File
[ error ] [1044]SQLSTATE[HY000] [1044] Access denied for user 'root'@'%' to database 'tp5shop'[/usr/share/nginx/html/tp5shop/thinkphp/library/think/db/Connection.php:293]
---------------------------------------------------------------
[ 2022-08-08T14:48:11+08:00 ] 192.168.222.1 GET /
[ info ] 192.168.222.246/ [运行时间：0.107456s][吞吐率：9.31req/s] [内存消耗：2,617.75kb] [文件加载：60]
[ info ] [ LANG ] /usr/share/nginx/html/tp5shop/thinkphp/lang/zh-cn.php
[ info ] [ ROUTE ] array (
  'type' => 'module',
  'module' => 
  array (
    0 => '',
    1 => NULL,
    2 => NULL,
  ),
)
[ info ] [ HEADER ] array (
  'cookie' => 'jms_csrftoken=G7i0YQ5lR5c0vQSfZatlsawGAJRLj6kIZKv5r0au9CYT3FZ96wE6XdZHQEYBfEda; thinkphp_show_page_trace=0|0',
  'accept-language' => 'zh-CN,zh;q=0.9',
  'accept-encoding' => 'gzip, deflate',
  'accept' => 'text/html,application/xhtml+xml,application/xml;q=0.9,image/avif,image/webp,image/apng,*/*;q=0.8,application/signed-exchange;v=b3;q=0.9',
  'user-agent' => 'Mozilla/5.0 (Windows NT 10.0; WOW64) AppleWebKit/537.36 (KHTML, like Gecko) Chrome/86.0.4240.198 Safari/537.36',
  'upgrade-insecure-requests' => '1',
  'cache-control' => 'max-age=0',
  'connection' => 'keep-alive',
  'host' => '192.168.222.246',
  'content-type' => '',
  'content-length' => '',
)
[ info ] [ PARAM ] array (
)
[ info ] [ DB ] INIT mysql
[ info ] [ LOG ] INIT File
[ error ] [1044]SQLSTATE[HY000] [1044] Access denied for user 'root'@'%' to database 'tp5shop'[/usr/share/nginx/html/tp5shop/thinkphp/library/think/db/Connection.php:293]
---------------------------------------------------------------
[ 2022-08-08T14:48:12+08:00 ] 192.168.222.1 GET /
[ info ] 192.168.222.246/ [运行时间：0.114283s][吞吐率：8.75req/s] [内存消耗：2,617.75kb] [文件加载：60]
[ info ] [ LANG ] /usr/share/nginx/html/tp5shop/thinkphp/lang/zh-cn.php
[ info ] [ ROUTE ] array (
  'type' => 'module',
  'module' => 
  array (
    0 => '',
    1 => NULL,
    2 => NULL,
  ),
)
[ info ] [ HEADER ] array (
  'cookie' => 'jms_csrftoken=G7i0YQ5lR5c0vQSfZatlsawGAJRLj6kIZKv5r0au9CYT3FZ96wE6XdZHQEYBfEda; thinkphp_show_page_trace=0|0',
  'accept-language' => 'zh-CN,zh;q=0.9',
  'accept-encoding' => 'gzip, deflate',
  'accept' => 'text/html,application/xhtml+xml,application/xml;q=0.9,image/avif,image/webp,image/apng,*/*;q=0.8,application/signed-exchange;v=b3;q=0.9',
  'user-agent' => 'Mozilla/5.0 (Windows NT 10.0; WOW64) AppleWebKit/537.36 (KHTML, like Gecko) Chrome/86.0.4240.198 Safari/537.36',
  'upgrade-insecure-requests' => '1',
  'cache-control' => 'max-age=0',
  'connection' => 'keep-alive',
  'host' => '192.168.222.246',
  'content-type' => '',
  'content-length' => '',
)
[ info ] [ PARAM ] array (
)
[ info ] [ DB ] INIT mysql
[ info ] [ LOG ] INIT File
[ error ] [1044]SQLSTATE[HY000] [1044] Access denied for user 'root'@'%' to database 'tp5shop'[/usr/share/nginx/html/tp5shop/thinkphp/library/think/db/Connection.php:293]
---------------------------------------------------------------
[ 2022-08-08T14:49:50+08:00 ] 192.168.222.1 GET /
[ info ] 192.168.222.246/ [运行时间：0.064122s][吞吐率：15.60req/s] [内存消耗：2,617.75kb] [文件加载：60]
[ info ] [ LANG ] /usr/share/nginx/html/tp5shop/thinkphp/lang/zh-cn.php
[ info ] [ ROUTE ] array (
  'type' => 'module',
  'module' => 
  array (
    0 => '',
    1 => NULL,
    2 => NULL,
  ),
)
[ info ] [ HEADER ] array (
  'cookie' => 'jms_csrftoken=G7i0YQ5lR5c0vQSfZatlsawGAJRLj6kIZKv5r0au9CYT3FZ96wE6XdZHQEYBfEda; thinkphp_show_page_trace=0|0',
  'accept-language' => 'zh-CN,zh;q=0.9',
  'accept-encoding' => 'gzip, deflate',
  'accept' => 'text/html,application/xhtml+xml,application/xml;q=0.9,image/avif,image/webp,image/apng,*/*;q=0.8,application/signed-exchange;v=b3;q=0.9',
  'user-agent' => 'Mozilla/5.0 (Windows NT 10.0; WOW64) AppleWebKit/537.36 (KHTML, like Gecko) Chrome/86.0.4240.198 Safari/537.36',
  'upgrade-insecure-requests' => '1',
  'cache-control' => 'max-age=0',
  'connection' => 'keep-alive',
  'host' => '192.168.222.246',
  'content-type' => '',
  'content-length' => '',
)
[ info ] [ PARAM ] array (
)
[ info ] [ DB ] INIT mysql
[ info ] [ LOG ] INIT File
[ error ] [1044]SQLSTATE[HY000] [1044] Access denied for user 'root'@'%' to database 'tp5shop'[/usr/share/nginx/html/tp5shop/thinkphp/library/think/db/Connection.php:293]
---------------------------------------------------------------
[ 2022-08-08T14:49:51+08:00 ] 192.168.222.1 GET /
[ info ] 192.168.222.246/ [运行时间：0.059269s][吞吐率：16.87req/s] [内存消耗：2,617.75kb] [文件加载：60]
[ info ] [ LANG ] /usr/share/nginx/html/tp5shop/thinkphp/lang/zh-cn.php
[ info ] [ ROUTE ] array (
  'type' => 'module',
  'module' => 
  array (
    0 => '',
    1 => NULL,
    2 => NULL,
  ),
)
[ info ] [ HEADER ] array (
  'cookie' => 'jms_csrftoken=G7i0YQ5lR5c0vQSfZatlsawGAJRLj6kIZKv5r0au9CYT3FZ96wE6XdZHQEYBfEda; thinkphp_show_page_trace=0|0',
  'accept-language' => 'zh-CN,zh;q=0.9',
  'accept-encoding' => 'gzip, deflate',
  'accept' => 'text/html,application/xhtml+xml,application/xml;q=0.9,image/avif,image/webp,image/apng,*/*;q=0.8,application/signed-exchange;v=b3;q=0.9',
  'user-agent' => 'Mozilla/5.0 (Windows NT 10.0; WOW64) AppleWebKit/537.36 (KHTML, like Gecko) Chrome/86.0.4240.198 Safari/537.36',
  'upgrade-insecure-requests' => '1',
  'cache-control' => 'max-age=0',
  'connection' => 'keep-alive',
  'host' => '192.168.222.246',
  'content-type' => '',
  'content-length' => '',
)
[ info ] [ PARAM ] array (
)
[ info ] [ DB ] INIT mysql
[ info ] [ LOG ] INIT File
[ error ] [1044]SQLSTATE[HY000] [1044] Access denied for user 'root'@'%' to database 'tp5shop'[/usr/share/nginx/html/tp5shop/thinkphp/library/think/db/Connection.php:293]
---------------------------------------------------------------
[ 2022-08-08T14:49:51+08:00 ] 192.168.222.1 GET /
[ info ] 192.168.222.246/ [运行时间：0.072441s][吞吐率：13.80req/s] [内存消耗：2,617.75kb] [文件加载：60]
[ info ] [ LANG ] /usr/share/nginx/html/tp5shop/thinkphp/lang/zh-cn.php
[ info ] [ ROUTE ] array (
  'type' => 'module',
  'module' => 
  array (
    0 => '',
    1 => NULL,
    2 => NULL,
  ),
)
[ info ] [ HEADER ] array (
  'cookie' => 'jms_csrftoken=G7i0YQ5lR5c0vQSfZatlsawGAJRLj6kIZKv5r0au9CYT3FZ96wE6XdZHQEYBfEda; thinkphp_show_page_trace=0|0',
  'accept-language' => 'zh-CN,zh;q=0.9',
  'accept-encoding' => 'gzip, deflate',
  'accept' => 'text/html,application/xhtml+xml,application/xml;q=0.9,image/avif,image/webp,image/apng,*/*;q=0.8,application/signed-exchange;v=b3;q=0.9',
  'user-agent' => 'Mozilla/5.0 (Windows NT 10.0; WOW64) AppleWebKit/537.36 (KHTML, like Gecko) Chrome/86.0.4240.198 Safari/537.36',
  'upgrade-insecure-requests' => '1',
  'cache-control' => 'max-age=0',
  'connection' => 'keep-alive',
  'host' => '192.168.222.246',
  'content-type' => '',
  'content-length' => '',
)
[ info ] [ PARAM ] array (
)
[ info ] [ DB ] INIT mysql
[ info ] [ LOG ] INIT File
[ error ] [1044]SQLSTATE[HY000] [1044] Access denied for user 'root'@'%' to database 'tp5shop'[/usr/share/nginx/html/tp5shop/thinkphp/library/think/db/Connection.php:293]
---------------------------------------------------------------
[ 2022-08-08T14:49:51+08:00 ] 192.168.222.1 GET /
[ info ] 192.168.222.246/ [运行时间：0.065053s][吞吐率：15.37req/s] [内存消耗：2,617.75kb] [文件加载：60]
[ info ] [ LANG ] /usr/share/nginx/html/tp5shop/thinkphp/lang/zh-cn.php
[ info ] [ ROUTE ] array (
  'type' => 'module',
  'module' => 
  array (
    0 => '',
    1 => NULL,
    2 => NULL,
  ),
)
[ info ] [ HEADER ] array (
  'cookie' => 'jms_csrftoken=G7i0YQ5lR5c0vQSfZatlsawGAJRLj6kIZKv5r0au9CYT3FZ96wE6XdZHQEYBfEda; thinkphp_show_page_trace=0|0',
  'accept-language' => 'zh-CN,zh;q=0.9',
  'accept-encoding' => 'gzip, deflate',
  'accept' => 'text/html,application/xhtml+xml,application/xml;q=0.9,image/avif,image/webp,image/apng,*/*;q=0.8,application/signed-exchange;v=b3;q=0.9',
  'user-agent' => 'Mozilla/5.0 (Windows NT 10.0; WOW64) AppleWebKit/537.36 (KHTML, like Gecko) Chrome/86.0.4240.198 Safari/537.36',
  'upgrade-insecure-requests' => '1',
  'cache-control' => 'max-age=0',
  'connection' => 'keep-alive',
  'host' => '192.168.222.246',
  'content-type' => '',
  'content-length' => '',
)
[ info ] [ PARAM ] array (
)
[ info ] [ DB ] INIT mysql
[ info ] [ LOG ] INIT File
[ error ] [1044]SQLSTATE[HY000] [1044] Access denied for user 'root'@'%' to database 'tp5shop'[/usr/share/nginx/html/tp5shop/thinkphp/library/think/db/Connection.php:293]
---------------------------------------------------------------
[ 2022-08-08T14:49:52+08:00 ] 192.168.222.1 GET /
[ info ] 192.168.222.246/ [运行时间：0.218053s][吞吐率：4.59req/s] [内存消耗：2,617.75kb] [文件加载：60]
[ info ] [ LANG ] /usr/share/nginx/html/tp5shop/thinkphp/lang/zh-cn.php
[ info ] [ ROUTE ] array (
  'type' => 'module',
  'module' => 
  array (
    0 => '',
    1 => NULL,
    2 => NULL,
  ),
)
[ info ] [ HEADER ] array (
  'cookie' => 'jms_csrftoken=G7i0YQ5lR5c0vQSfZatlsawGAJRLj6kIZKv5r0au9CYT3FZ96wE6XdZHQEYBfEda; thinkphp_show_page_trace=0|0',
  'accept-language' => 'zh-CN,zh;q=0.9',
  'accept-encoding' => 'gzip, deflate',
  'accept' => 'text/html,application/xhtml+xml,application/xml;q=0.9,image/avif,image/webp,image/apng,*/*;q=0.8,application/signed-exchange;v=b3;q=0.9',
  'user-agent' => 'Mozilla/5.0 (Windows NT 10.0; WOW64) AppleWebKit/537.36 (KHTML, like Gecko) Chrome/86.0.4240.198 Safari/537.36',
  'upgrade-insecure-requests' => '1',
  'cache-control' => 'max-age=0',
  'connection' => 'keep-alive',
  'host' => '192.168.222.246',
  'content-type' => '',
  'content-length' => '',
)
[ info ] [ PARAM ] array (
)
[ info ] [ DB ] INIT mysql
[ info ] [ LOG ] INIT File
[ error ] [1044]SQLSTATE[HY000] [1044] Access denied for user 'root'@'%' to database 'tp5shop'[/usr/share/nginx/html/tp5shop/thinkphp/library/think/db/Connection.php:293]
---------------------------------------------------------------
[ 2022-08-08T14:49:52+08:00 ] 192.168.222.1 GET /
[ info ] 192.168.222.246/ [运行时间：0.148721s][吞吐率：6.72req/s] [内存消耗：2,617.75kb] [文件加载：60]
[ info ] [ LANG ] /usr/share/nginx/html/tp5shop/thinkphp/lang/zh-cn.php
[ info ] [ ROUTE ] array (
  'type' => 'module',
  'module' => 
  array (
    0 => '',
    1 => NULL,
    2 => NULL,
  ),
)
[ info ] [ HEADER ] array (
  'cookie' => 'jms_csrftoken=G7i0YQ5lR5c0vQSfZatlsawGAJRLj6kIZKv5r0au9CYT3FZ96wE6XdZHQEYBfEda; thinkphp_show_page_trace=0|0',
  'accept-language' => 'zh-CN,zh;q=0.9',
  'accept-encoding' => 'gzip, deflate',
  'accept' => 'text/html,application/xhtml+xml,application/xml;q=0.9,image/avif,image/webp,image/apng,*/*;q=0.8,application/signed-exchange;v=b3;q=0.9',
  'user-agent' => 'Mozilla/5.0 (Windows NT 10.0; WOW64) AppleWebKit/537.36 (KHTML, like Gecko) Chrome/86.0.4240.198 Safari/537.36',
  'upgrade-insecure-requests' => '1',
  'cache-control' => 'max-age=0',
  'connection' => 'keep-alive',
  'host' => '192.168.222.246',
  'content-type' => '',
  'content-length' => '',
)
[ info ] [ PARAM ] array (
)
[ info ] [ DB ] INIT mysql
[ info ] [ LOG ] INIT File
[ error ] [1044]SQLSTATE[HY000] [1044] Access denied for user 'root'@'%' to database 'tp5shop'[/usr/share/nginx/html/tp5shop/thinkphp/library/think/db/Connection.php:293]
---------------------------------------------------------------
[ 2022-08-08T14:49:53+08:00 ] 192.168.222.1 GET /
[ info ] 192.168.222.246/ [运行时间：0.062279s][吞吐率：16.06req/s] [内存消耗：2,617.75kb] [文件加载：60]
[ info ] [ LANG ] /usr/share/nginx/html/tp5shop/thinkphp/lang/zh-cn.php
[ info ] [ ROUTE ] array (
  'type' => 'module',
  'module' => 
  array (
    0 => '',
    1 => NULL,
    2 => NULL,
  ),
)
[ info ] [ HEADER ] array (
  'cookie' => 'jms_csrftoken=G7i0YQ5lR5c0vQSfZatlsawGAJRLj6kIZKv5r0au9CYT3FZ96wE6XdZHQEYBfEda; thinkphp_show_page_trace=0|0',
  'accept-language' => 'zh-CN,zh;q=0.9',
  'accept-encoding' => 'gzip, deflate',
  'accept' => 'text/html,application/xhtml+xml,application/xml;q=0.9,image/avif,image/webp,image/apng,*/*;q=0.8,application/signed-exchange;v=b3;q=0.9',
  'user-agent' => 'Mozilla/5.0 (Windows NT 10.0; WOW64) AppleWebKit/537.36 (KHTML, like Gecko) Chrome/86.0.4240.198 Safari/537.36',
  'upgrade-insecure-requests' => '1',
  'cache-control' => 'max-age=0',
  'connection' => 'keep-alive',
  'host' => '192.168.222.246',
  'content-type' => '',
  'content-length' => '',
)
[ info ] [ PARAM ] array (
)
[ info ] [ DB ] INIT mysql
[ info ] [ LOG ] INIT File
[ error ] [1044]SQLSTATE[HY000] [1044] Access denied for user 'root'@'%' to database 'tp5shop'[/usr/share/nginx/html/tp5shop/thinkphp/library/think/db/Connection.php:293]
---------------------------------------------------------------
[ 2022-08-08T14:50:40+08:00 ] 192.168.222.1 GET /
[ info ] 192.168.222.246/ [运行时间：0.454661s][吞吐率：2.20req/s] [内存消耗：7,623.88kb] [文件加载：63]
[ info ] [ LANG ] /usr/share/nginx/html/tp5shop/thinkphp/lang/zh-cn.php
[ info ] [ ROUTE ] array (
  'type' => 'module',
  'module' => 
  array (
    0 => '',
    1 => NULL,
    2 => NULL,
  ),
)
[ info ] [ HEADER ] array (
  'cookie' => 'jms_csrftoken=G7i0YQ5lR5c0vQSfZatlsawGAJRLj6kIZKv5r0au9CYT3FZ96wE6XdZHQEYBfEda; thinkphp_show_page_trace=0|0',
  'accept-language' => 'zh-CN,zh;q=0.9',
  'accept-encoding' => 'gzip, deflate',
  'accept' => 'text/html,application/xhtml+xml,application/xml;q=0.9,image/avif,image/webp,image/apng,*/*;q=0.8,application/signed-exchange;v=b3;q=0.9',
  'user-agent' => 'Mozilla/5.0 (Windows NT 10.0; WOW64) AppleWebKit/537.36 (KHTML, like Gecko) Chrome/86.0.4240.198 Safari/537.36',
  'upgrade-insecure-requests' => '1',
  'cache-control' => 'max-age=0',
  'connection' => 'keep-alive',
  'host' => '192.168.222.246',
  'content-type' => '',
  'content-length' => '',
)
[ info ] [ PARAM ] array (
)
[ info ] [ DB ] INIT mysql
[ info ] [ CACHE ] INIT File
[ info ] [ RUN ] app\home\controller\Index->index[ /usr/share/nginx/html/tp5shop/application/home/controller/Index.php ]
[ info ] [ VIEW ] /usr/share/nginx/html/tp5shop/public/../application/home/view/index/index.html [ array (
  0 => 'category',
) ]
[ info ] [ SESSION ] INIT array (
  'id' => '',
  'var_session_id' => '',
  'prefix' => 'think',
  'type' => '',
  'auto_start' => true,
)
[ info ] [ LOG ] INIT File
[ sql ] [ DB ] CONNECT:[ UseTime:0.051536s ] mysql:host=182.61.144.62;port=3306;dbname=tp5shop;charset=utf8
[ sql ] [ SQL ] SHOW COLUMNS FROM `tpshop_category` [ RunTime:0.039865s ]
[ sql ] [ SQL ] SELECT * FROM `tpshop_category` WHERE  `is_show` = 1 [ RunTime:0.107391s ]
---------------------------------------------------------------
[ 2022-08-08T14:51:23+08:00 ] 192.168.222.1 GET /
[ info ] 192.168.222.246/ [运行时间：0.676056s][吞吐率：1.48req/s] [内存消耗：7,623.84kb] [文件加载：63]
[ info ] [ LANG ] /usr/share/nginx/html/tp5shop/thinkphp/lang/zh-cn.php
[ info ] [ ROUTE ] array (
  'type' => 'module',
  'module' => 
  array (
    0 => '',
    1 => NULL,
    2 => NULL,
  ),
)
[ info ] [ HEADER ] array (
  'cookie' => 'jms_csrftoken=G7i0YQ5lR5c0vQSfZatlsawGAJRLj6kIZKv5r0au9CYT3FZ96wE6XdZHQEYBfEda; thinkphp_show_page_trace=0|0; PHPSESSID=5smsc2btad55vj2c1jcsg5a5d3',
  'accept-language' => 'zh-CN,zh;q=0.9',
  'accept-encoding' => 'gzip, deflate',
  'accept' => 'text/html,application/xhtml+xml,application/xml;q=0.9,image/avif,image/webp,image/apng,*/*;q=0.8,application/signed-exchange;v=b3;q=0.9',
  'user-agent' => 'Mozilla/5.0 (Windows NT 10.0; WOW64) AppleWebKit/537.36 (KHTML, like Gecko) Chrome/86.0.4240.198 Safari/537.36',
  'upgrade-insecure-requests' => '1',
  'cache-control' => 'max-age=0',
  'connection' => 'keep-alive',
  'host' => '192.168.222.246',
  'content-type' => '',
  'content-length' => '',
)
[ info ] [ PARAM ] array (
)
[ info ] [ DB ] INIT mysql
[ info ] [ CACHE ] INIT File
[ info ] [ RUN ] app\home\controller\Index->index[ /usr/share/nginx/html/tp5shop/application/home/controller/Index.php ]
[ info ] [ VIEW ] /usr/share/nginx/html/tp5shop/public/../application/home/view/index/index.html [ array (
  0 => 'category',
) ]
[ info ] [ SESSION ] INIT array (
  'id' => '',
  'var_session_id' => '',
  'prefix' => 'think',
  'type' => '',
  'auto_start' => true,
)
[ info ] [ LOG ] INIT File
[ sql ] [ DB ] CONNECT:[ UseTime:0.061803s ] mysql:host=182.61.144.62;port=3306;dbname=tp5shop;charset=utf8
[ sql ] [ SQL ] SHOW COLUMNS FROM `tpshop_category` [ RunTime:0.156020s ]
[ sql ] [ SQL ] SELECT * FROM `tpshop_category` WHERE  `is_show` = 1 [ RunTime:0.205926s ]
---------------------------------------------------------------
[ 2022-08-08T14:59:07+08:00 ] 192.168.222.1 GET /
[ info ] 192.168.222.246/ [运行时间：0.423401s][吞吐率：2.36req/s] [内存消耗：7,623.84kb] [文件加载：63]
[ info ] [ LANG ] /usr/share/nginx/html/tp5shop/thinkphp/lang/zh-cn.php
[ info ] [ ROUTE ] array (
  'type' => 'module',
  'module' => 
  array (
    0 => '',
    1 => NULL,
    2 => NULL,
  ),
)
[ info ] [ HEADER ] array (
  'cookie' => 'jms_csrftoken=G7i0YQ5lR5c0vQSfZatlsawGAJRLj6kIZKv5r0au9CYT3FZ96wE6XdZHQEYBfEda; thinkphp_show_page_trace=0|0; PHPSESSID=5smsc2btad55vj2c1jcsg5a5d3',
  'accept-language' => 'zh-CN,zh;q=0.9',
  'accept-encoding' => 'gzip, deflate',
  'accept' => 'text/html,application/xhtml+xml,application/xml;q=0.9,image/avif,image/webp,image/apng,*/*;q=0.8,application/signed-exchange;v=b3;q=0.9',
  'user-agent' => 'Mozilla/5.0 (Windows NT 10.0; WOW64) AppleWebKit/537.36 (KHTML, like Gecko) Chrome/86.0.4240.198 Safari/537.36',
  'upgrade-insecure-requests' => '1',
  'cache-control' => 'max-age=0',
  'connection' => 'keep-alive',
  'host' => '192.168.222.246',
  'content-type' => '',
  'content-length' => '',
)
[ info ] [ PARAM ] array (
)
[ info ] [ DB ] INIT mysql
[ info ] [ CACHE ] INIT File
[ info ] [ RUN ] app\home\controller\Index->index[ /usr/share/nginx/html/tp5shop/application/home/controller/Index.php ]
[ info ] [ VIEW ] /usr/share/nginx/html/tp5shop/public/../application/home/view/index/index.html [ array (
  0 => 'category',
) ]
[ info ] [ SESSION ] INIT array (
  'id' => '',
  'var_session_id' => '',
  'prefix' => 'think',
  'type' => '',
  'auto_start' => true,
)
[ info ] [ LOG ] INIT File
[ sql ] [ DB ] CONNECT:[ UseTime:0.049969s ] mysql:host=182.61.144.62;port=3306;dbname=tp5shop;charset=utf8
[ sql ] [ SQL ] SHOW COLUMNS FROM `tpshop_category` [ RunTime:0.033551s ]
[ sql ] [ SQL ] SELECT * FROM `tpshop_category` WHERE  `is_show` = 1 [ RunTime:0.105582s ]
---------------------------------------------------------------
[ 2022-08-08T15:19:54+08:00 ] 192.168.222.1 GET /
[ info ] 192.168.222.246/ [运行时间：0.455791s][吞吐率：2.19req/s] [内存消耗：7,623.63kb] [文件加载：63]
[ info ] [ LANG ] /usr/share/nginx/html/tp5shop/thinkphp/lang/zh-cn.php
[ info ] [ ROUTE ] array (
  'type' => 'module',
  'module' => 
  array (
    0 => '',
    1 => NULL,
    2 => NULL,
  ),
)
[ info ] [ HEADER ] array (
  'cookie' => 'jms_csrftoken=G7i0YQ5lR5c0vQSfZatlsawGAJRLj6kIZKv5r0au9CYT3FZ96wE6XdZHQEYBfEda; thinkphp_show_page_trace=0|0; PHPSESSID=5smsc2btad55vj2c1jcsg5a5d3',
  'accept-language' => 'zh-CN,zh;q=0.9',
  'accept-encoding' => 'gzip, deflate',
  'accept' => 'text/html,application/xhtml+xml,application/xml;q=0.9,image/avif,image/webp,image/apng,*/*;q=0.8,application/signed-exchange;v=b3;q=0.9',
  'user-agent' => 'Mozilla/5.0 (Windows NT 10.0; WOW64) AppleWebKit/537.36 (KHTML, like Gecko) Chrome/86.0.4240.198 Safari/537.36',
  'upgrade-insecure-requests' => '1',
  'connection' => 'keep-alive',
  'host' => '192.168.222.246',
  'content-type' => '',
  'content-length' => '',
)
[ info ] [ PARAM ] array (
)
[ info ] [ DB ] INIT mysql
[ info ] [ CACHE ] INIT File
[ info ] [ RUN ] app\home\controller\Index->index[ /usr/share/nginx/html/tp5shop/application/home/controller/Index.php ]
[ info ] [ VIEW ] /usr/share/nginx/html/tp5shop/public/../application/home/view/index/index.html [ array (
  0 => 'category',
) ]
[ info ] [ SESSION ] INIT array (
  'id' => '',
  'var_session_id' => '',
  'prefix' => 'think',
  'type' => '',
  'auto_start' => true,
)
[ info ] [ LOG ] INIT File
[ sql ] [ DB ] CONNECT:[ UseTime:0.045666s ] mysql:host=182.61.144.62;port=3306;dbname=tp5shop;charset=utf8
[ sql ] [ SQL ] SHOW COLUMNS FROM `tpshop_category` [ RunTime:0.031847s ]
[ sql ] [ SQL ] SELECT * FROM `tpshop_category` WHERE  `is_show` = 1 [ RunTime:0.100507s ]
---------------------------------------------------------------
[ 2022-08-08T19:29:11+08:00 ] 192.168.222.1 GET /
[ info ] 192.168.222.246/ [运行时间：0.586752s][吞吐率：1.70req/s] [内存消耗：7,623.57kb] [文件加载：63]
[ info ] [ LANG ] /usr/share/nginx/html/tp5shop/thinkphp/lang/zh-cn.php
[ info ] [ ROUTE ] array (
  'type' => 'module',
  'module' => 
  array (
    0 => '',
    1 => NULL,
    2 => NULL,
  ),
)
[ info ] [ HEADER ] array (
  'cookie' => 'jms_csrftoken=G7i0YQ5lR5c0vQSfZatlsawGAJRLj6kIZKv5r0au9CYT3FZ96wE6XdZHQEYBfEda',
  'accept-language' => 'zh-CN,zh;q=0.9',
  'accept-encoding' => 'gzip, deflate',
  'accept' => 'text/html,application/xhtml+xml,application/xml;q=0.9,image/avif,image/webp,image/apng,*/*;q=0.8,application/signed-exchange;v=b3;q=0.9',
  'user-agent' => 'Mozilla/5.0 (Windows NT 10.0; WOW64) AppleWebKit/537.36 (KHTML, like Gecko) Chrome/86.0.4240.198 Safari/537.36',
  'upgrade-insecure-requests' => '1',
  'connection' => 'keep-alive',
  'host' => '192.168.222.246',
  'content-type' => '',
  'content-length' => '',
)
[ info ] [ PARAM ] array (
)
[ info ] [ DB ] INIT mysql
[ info ] [ CACHE ] INIT File
[ info ] [ RUN ] app\home\controller\Index->index[ /usr/share/nginx/html/tp5shop/application/home/controller/Index.php ]
[ info ] [ VIEW ] /usr/share/nginx/html/tp5shop/public/../application/home/view/index/index.html [ array (
  0 => 'category',
) ]
[ info ] [ SESSION ] INIT array (
  'id' => '',
  'var_session_id' => '',
  'prefix' => 'think',
  'type' => '',
  'auto_start' => true,
)
[ info ] [ LOG ] INIT File
[ sql ] [ DB ] CONNECT:[ UseTime:0.048738s ] mysql:host=182.61.144.62;port=3306;dbname=tp5shop;charset=utf8
[ sql ] [ SQL ] SHOW COLUMNS FROM `tpshop_category` [ RunTime:0.031293s ]
[ sql ] [ SQL ] SELECT * FROM `tpshop_category` WHERE  `is_show` = 1 [ RunTime:0.104842s ]
