---------------------------------------------------------------
[ 2022-07-26T11:18:47+08:00 ] 192.168.222.1 GET /index.php
[ info ] 192.168.222.141/index.php [运行时间：0.078532s][吞吐率：12.73req/s] [内存消耗：2,616.48kb] [文件加载：60]
[ info ] [ LANG ] /usr/share/nginx/html/tp5shop/thinkphp/lang/zh-cn.php
[ info ] [ ROUTE ] array (
  'type' => 'module',
  'module' => 
  array (
    0 => '',
    1 => NULL,
    2 => NULL,
  ),
)
[ info ] [ HEADER ] array (
  'accept-language' => 'zh-CN,zh;q=0.9,en;q=0.8,en-GB;q=0.7,en-US;q=0.6',
  'accept-encoding' => 'gzip, deflate',
  'accept' => 'text/html,application/xhtml+xml,application/xml;q=0.9,image/webp,image/apng,*/*;q=0.8,application/signed-exchange;v=b3;q=0.9',
  'user-agent' => 'Mozilla/5.0 (Windows NT 10.0; Win64; x64) AppleWebKit/537.36 (KHTML, like Gecko) Chrome/103.0.5060.134 Safari/537.36 Edg/103.0.1264.71',
  'upgrade-insecure-requests' => '1',
  'connection' => 'keep-alive',
  'host' => '192.168.222.141',
  'content-type' => '',
  'content-length' => '',
)
[ info ] [ PARAM ] array (
)
[ info ] [ DB ] INIT mysql
[ info ] [ LOG ] INIT File
[ error ] [2054]SQLSTATE[HY000] [2054] The server requested authentication method unknown to the client[/usr/share/nginx/html/tp5shop/thinkphp/library/think/db/Connection.php:293]
---------------------------------------------------------------
[ 2022-07-26T11:19:37+08:00 ] 192.168.222.1 GET /index.php
[ info ] 192.168.222.141/index.php [运行时间：0.022441s][吞吐率：44.56req/s] [内存消耗：2,618.26kb] [文件加载：60]
[ info ] [ LANG ] /usr/share/nginx/html/tp5shop/thinkphp/lang/zh-cn.php
[ info ] [ ROUTE ] array (
  'type' => 'module',
  'module' => 
  array (
    0 => '',
    1 => NULL,
    2 => NULL,
  ),
)
[ info ] [ HEADER ] array (
  'cookie' => 'thinkphp_show_page_trace=0|0',
  'accept-language' => 'zh-CN,zh;q=0.9,en;q=0.8,en-GB;q=0.7,en-US;q=0.6',
  'accept-encoding' => 'gzip, deflate',
  'accept' => 'text/html,application/xhtml+xml,application/xml;q=0.9,image/webp,image/apng,*/*;q=0.8,application/signed-exchange;v=b3;q=0.9',
  'user-agent' => 'Mozilla/5.0 (Windows NT 10.0; Win64; x64) AppleWebKit/537.36 (KHTML, like Gecko) Chrome/103.0.5060.134 Safari/537.36 Edg/103.0.1264.71',
  'upgrade-insecure-requests' => '1',
  'cache-control' => 'max-age=0',
  'connection' => 'keep-alive',
  'host' => '192.168.222.141',
  'content-type' => '',
  'content-length' => '',
)
[ info ] [ PARAM ] array (
)
[ info ] [ DB ] INIT mysql
[ info ] [ LOG ] INIT File
[ error ] [2054]SQLSTATE[HY000] [2054] The server requested authentication method unknown to the client[/usr/share/nginx/html/tp5shop/thinkphp/library/think/db/Connection.php:293]
---------------------------------------------------------------
[ 2022-07-26T11:20:12+08:00 ] 192.168.222.1 GET /
[ info ] 192.168.222.141/ [运行时间：0.044310s][吞吐率：22.57req/s] [内存消耗：2,618.02kb] [文件加载：60]
[ info ] [ LANG ] /usr/share/nginx/html/tp5shop/thinkphp/lang/zh-cn.php
[ info ] [ ROUTE ] array (
  'type' => 'module',
  'module' => 
  array (
    0 => '',
    1 => NULL,
    2 => NULL,
  ),
)
[ info ] [ HEADER ] array (
  'cookie' => 'thinkphp_show_page_trace=0|0',
  'accept-language' => 'zh-CN,zh;q=0.9,en;q=0.8,en-GB;q=0.7,en-US;q=0.6',
  'accept-encoding' => 'gzip, deflate',
  'accept' => 'text/html,application/xhtml+xml,application/xml;q=0.9,image/webp,image/apng,*/*;q=0.8,application/signed-exchange;v=b3;q=0.9',
  'user-agent' => 'Mozilla/5.0 (Windows NT 10.0; Win64; x64) AppleWebKit/537.36 (KHTML, like Gecko) Chrome/103.0.5060.134 Safari/537.36 Edg/103.0.1264.71',
  'upgrade-insecure-requests' => '1',
  'connection' => 'keep-alive',
  'host' => '192.168.222.141',
  'content-type' => '',
  'content-length' => '',
)
[ info ] [ PARAM ] array (
)
[ info ] [ DB ] INIT mysql
[ info ] [ LOG ] INIT File
[ error ] [2054]SQLSTATE[HY000] [2054] The server requested authentication method unknown to the client[/usr/share/nginx/html/tp5shop/thinkphp/library/think/db/Connection.php:293]
---------------------------------------------------------------
[ 2022-07-26T11:21:43+08:00 ] 192.168.222.1 GET /
[ info ] 192.168.222.141/ [运行时间：0.023188s][吞吐率：43.13req/s] [内存消耗：2,617.45kb] [文件加载：60]
[ info ] [ LANG ] /usr/share/nginx/html/tp5shop/thinkphp/lang/zh-cn.php
[ info ] [ ROUTE ] array (
  'type' => 'module',
  'module' => 
  array (
    0 => '',
    1 => NULL,
    2 => NULL,
  ),
)
[ info ] [ HEADER ] array (
  'cookie' => 'thinkphp_show_page_trace=0|0',
  'accept-language' => 'zh-CN,zh;q=0.9,en;q=0.8,en-GB;q=0.7,en-US;q=0.6',
  'accept-encoding' => 'gzip, deflate',
  'accept' => 'text/html,application/xhtml+xml,application/xml;q=0.9,image/webp,image/apng,*/*;q=0.8,application/signed-exchange;v=b3;q=0.9',
  'user-agent' => 'Mozilla/5.0 (Windows NT 10.0; Win64; x64) AppleWebKit/537.36 (KHTML, like Gecko) Chrome/103.0.5060.134 Safari/537.36 Edg/103.0.1264.71',
  'upgrade-insecure-requests' => '1',
  'cache-control' => 'max-age=0',
  'connection' => 'keep-alive',
  'host' => '192.168.222.141',
  'content-type' => '',
  'content-length' => '',
)
[ info ] [ PARAM ] array (
)
[ info ] [ DB ] INIT mysql
[ info ] [ LOG ] INIT File
[ error ] [1044]SQLSTATE[HY000] [1044] Access denied for user 'root'@'%' to database 'tp5shop'[/usr/share/nginx/html/tp5shop/thinkphp/library/think/db/Connection.php:293]
---------------------------------------------------------------
[ 2022-07-26T11:21:44+08:00 ] 192.168.222.1 GET /
[ info ] 192.168.222.141/ [运行时间：0.022440s][吞吐率：44.56req/s] [内存消耗：2,617.45kb] [文件加载：60]
[ info ] [ LANG ] /usr/share/nginx/html/tp5shop/thinkphp/lang/zh-cn.php
[ info ] [ ROUTE ] array (
  'type' => 'module',
  'module' => 
  array (
    0 => '',
    1 => NULL,
    2 => NULL,
  ),
)
[ info ] [ HEADER ] array (
  'cookie' => 'thinkphp_show_page_trace=0|0',
  'accept-language' => 'zh-CN,zh;q=0.9,en;q=0.8,en-GB;q=0.7,en-US;q=0.6',
  'accept-encoding' => 'gzip, deflate',
  'accept' => 'text/html,application/xhtml+xml,application/xml;q=0.9,image/webp,image/apng,*/*;q=0.8,application/signed-exchange;v=b3;q=0.9',
  'user-agent' => 'Mozilla/5.0 (Windows NT 10.0; Win64; x64) AppleWebKit/537.36 (KHTML, like Gecko) Chrome/103.0.5060.134 Safari/537.36 Edg/103.0.1264.71',
  'upgrade-insecure-requests' => '1',
  'cache-control' => 'max-age=0',
  'connection' => 'keep-alive',
  'host' => '192.168.222.141',
  'content-type' => '',
  'content-length' => '',
)
[ info ] [ PARAM ] array (
)
[ info ] [ DB ] INIT mysql
[ info ] [ LOG ] INIT File
[ error ] [1044]SQLSTATE[HY000] [1044] Access denied for user 'root'@'%' to database 'tp5shop'[/usr/share/nginx/html/tp5shop/thinkphp/library/think/db/Connection.php:293]
---------------------------------------------------------------
[ 2022-07-26T11:21:44+08:00 ] 192.168.222.1 GET /
[ info ] 192.168.222.141/ [运行时间：0.019270s][吞吐率：51.89req/s] [内存消耗：2,617.45kb] [文件加载：60]
[ info ] [ LANG ] /usr/share/nginx/html/tp5shop/thinkphp/lang/zh-cn.php
[ info ] [ ROUTE ] array (
  'type' => 'module',
  'module' => 
  array (
    0 => '',
    1 => NULL,
    2 => NULL,
  ),
)
[ info ] [ HEADER ] array (
  'cookie' => 'thinkphp_show_page_trace=0|0',
  'accept-language' => 'zh-CN,zh;q=0.9,en;q=0.8,en-GB;q=0.7,en-US;q=0.6',
  'accept-encoding' => 'gzip, deflate',
  'accept' => 'text/html,application/xhtml+xml,application/xml;q=0.9,image/webp,image/apng,*/*;q=0.8,application/signed-exchange;v=b3;q=0.9',
  'user-agent' => 'Mozilla/5.0 (Windows NT 10.0; Win64; x64) AppleWebKit/537.36 (KHTML, like Gecko) Chrome/103.0.5060.134 Safari/537.36 Edg/103.0.1264.71',
  'upgrade-insecure-requests' => '1',
  'cache-control' => 'max-age=0',
  'connection' => 'keep-alive',
  'host' => '192.168.222.141',
  'content-type' => '',
  'content-length' => '',
)
[ info ] [ PARAM ] array (
)
[ info ] [ DB ] INIT mysql
[ info ] [ LOG ] INIT File
[ error ] [1044]SQLSTATE[HY000] [1044] Access denied for user 'root'@'%' to database 'tp5shop'[/usr/share/nginx/html/tp5shop/thinkphp/library/think/db/Connection.php:293]
---------------------------------------------------------------
[ 2022-07-26T11:21:44+08:00 ] 192.168.222.1 GET /
[ info ] 192.168.222.141/ [运行时间：0.020766s][吞吐率：48.16req/s] [内存消耗：2,617.45kb] [文件加载：60]
[ info ] [ LANG ] /usr/share/nginx/html/tp5shop/thinkphp/lang/zh-cn.php
[ info ] [ ROUTE ] array (
  'type' => 'module',
  'module' => 
  array (
    0 => '',
    1 => NULL,
    2 => NULL,
  ),
)
[ info ] [ HEADER ] array (
  'cookie' => 'thinkphp_show_page_trace=0|0',
  'accept-language' => 'zh-CN,zh;q=0.9,en;q=0.8,en-GB;q=0.7,en-US;q=0.6',
  'accept-encoding' => 'gzip, deflate',
  'accept' => 'text/html,application/xhtml+xml,application/xml;q=0.9,image/webp,image/apng,*/*;q=0.8,application/signed-exchange;v=b3;q=0.9',
  'user-agent' => 'Mozilla/5.0 (Windows NT 10.0; Win64; x64) AppleWebKit/537.36 (KHTML, like Gecko) Chrome/103.0.5060.134 Safari/537.36 Edg/103.0.1264.71',
  'upgrade-insecure-requests' => '1',
  'cache-control' => 'max-age=0',
  'connection' => 'keep-alive',
  'host' => '192.168.222.141',
  'content-type' => '',
  'content-length' => '',
)
[ info ] [ PARAM ] array (
)
[ info ] [ DB ] INIT mysql
[ info ] [ LOG ] INIT File
[ error ] [1044]SQLSTATE[HY000] [1044] Access denied for user 'root'@'%' to database 'tp5shop'[/usr/share/nginx/html/tp5shop/thinkphp/library/think/db/Connection.php:293]
---------------------------------------------------------------
[ 2022-07-26T11:24:17+08:00 ] 192.168.222.1 GET /
[ info ] 192.168.222.141/ [运行时间：0.307493s][吞吐率：3.25req/s] [内存消耗：8,134.33kb] [文件加载：65]
[ info ] [ LANG ] /usr/share/nginx/html/tp5shop/thinkphp/lang/zh-cn.php
[ info ] [ ROUTE ] array (
  'type' => 'module',
  'module' => 
  array (
    0 => '',
    1 => NULL,
    2 => NULL,
  ),
)
[ info ] [ HEADER ] array (
  'cookie' => 'thinkphp_show_page_trace=0|0',
  'accept-language' => 'zh-CN,zh;q=0.9,en;q=0.8,en-GB;q=0.7,en-US;q=0.6',
  'accept-encoding' => 'gzip, deflate',
  'accept' => 'text/html,application/xhtml+xml,application/xml;q=0.9,image/webp,image/apng,*/*;q=0.8,application/signed-exchange;v=b3;q=0.9',
  'user-agent' => 'Mozilla/5.0 (Windows NT 10.0; Win64; x64) AppleWebKit/537.36 (KHTML, like Gecko) Chrome/103.0.5060.134 Safari/537.36 Edg/103.0.1264.71',
  'upgrade-insecure-requests' => '1',
  'cache-control' => 'max-age=0',
  'connection' => 'keep-alive',
  'host' => '192.168.222.141',
  'content-type' => '',
  'content-length' => '',
)
[ info ] [ PARAM ] array (
)
[ info ] [ DB ] INIT mysql
[ info ] [ CACHE ] INIT File
[ info ] [ RUN ] app\home\controller\Index->index[ /usr/share/nginx/html/tp5shop/application/home/controller/Index.php ]
[ info ] [ VIEW ] /usr/share/nginx/html/tp5shop/public/../application/home/view/index/index.html [ array (
  0 => 'category',
) ]
[ info ] [ SESSION ] INIT array (
  'id' => '',
  'var_session_id' => '',
  'prefix' => 'think',
  'type' => '',
  'auto_start' => true,
)
[ info ] [ LOG ] INIT File
[ sql ] [ DB ] CONNECT:[ UseTime:0.001667s ] mysql:host=192.168.222.240;port=3306;dbname=tp5shop;charset=utf8
[ sql ] [ SQL ] SHOW COLUMNS FROM `tpshop_category` [ RunTime:0.013607s ]
[ sql ] [ SQL ] SELECT * FROM `tpshop_category` WHERE  `is_show` = 1 [ RunTime:0.002340s ]
---------------------------------------------------------------
[ 2022-07-26T11:36:17+08:00 ] 192.168.222.1 GET /home/goods/index/cate_id/187.html
[ info ] 192.168.222.141/home/goods/index/cate_id/187.html [运行时间：0.273368s][吞吐率：3.66req/s] [内存消耗：8,070.47kb] [文件加载：69]
[ info ] [ LANG ] /usr/share/nginx/html/tp5shop/thinkphp/lang/zh-cn.php
[ info ] [ ROUTE ] array (
  'type' => 'module',
  'module' => 
  array (
    0 => 'home',
    1 => 'goods',
    2 => 'index',
  ),
)
[ info ] [ HEADER ] array (
  'cookie' => 'thinkphp_show_page_trace=0|0; PHPSESSID=7rm040q10jr5ugen0rdj368rd7',
  'accept-language' => 'zh-CN,zh;q=0.9,en;q=0.8,en-GB;q=0.7,en-US;q=0.6',
  'accept-encoding' => 'gzip, deflate',
  'referer' => 'http://192.168.222.141/',
  'accept' => 'text/html,application/xhtml+xml,application/xml;q=0.9,image/webp,image/apng,*/*;q=0.8,application/signed-exchange;v=b3;q=0.9',
  'user-agent' => 'Mozilla/5.0 (Windows NT 10.0; Win64; x64) AppleWebKit/537.36 (KHTML, like Gecko) Chrome/103.0.5060.134 Safari/537.36 Edg/103.0.1264.71',
  'upgrade-insecure-requests' => '1',
  'cache-control' => 'max-age=0',
  'connection' => 'keep-alive',
  'host' => '192.168.222.141',
  'content-type' => '',
  'content-length' => '',
)
[ info ] [ PARAM ] array (
  'cate_id' => '187',
)
[ info ] [ DB ] INIT mysql
[ info ] [ CACHE ] INIT File
[ info ] [ RUN ] app\home\controller\Goods->index[ /usr/share/nginx/html/tp5shop/application/home/controller/Goods.php ]
[ info ] [ VIEW ] /usr/share/nginx/html/tp5shop/public/../application/home/view/goods/list.html [ array (
  0 => 'category',
  1 => 'cate_info',
  2 => 'list',
) ]
[ info ] [ SESSION ] INIT array (
  'id' => '',
  'var_session_id' => '',
  'prefix' => 'think',
  'type' => '',
  'auto_start' => true,
)
[ info ] [ LOG ] INIT File
[ sql ] [ DB ] CONNECT:[ UseTime:0.002567s ] mysql:host=192.168.222.240;port=3306;dbname=tp5shop;charset=utf8
[ sql ] [ SQL ] SHOW COLUMNS FROM `tpshop_category` [ RunTime:0.005540s ]
[ sql ] [ SQL ] SELECT * FROM `tpshop_category` WHERE  `is_show` = 1 [ RunTime:0.001603s ]
[ sql ] [ SQL ] SELECT * FROM `tpshop_category` WHERE  `id` = 187 LIMIT 1 [ RunTime:0.001375s ]
[ sql ] [ SQL ] SHOW COLUMNS FROM `tpshop_goods` [ RunTime:0.001309s ]
[ sql ] [ SQL ] SELECT COUNT(*) AS tp_count FROM `tpshop_goods` WHERE  `cate_id` = 187 LIMIT 1 [ RunTime:0.001732s ]
[ sql ] [ SQL ] SELECT * FROM `tpshop_goods` WHERE  `cate_id` = 187 LIMIT 0,10 [ RunTime:0.000505s ]
---------------------------------------------------------------
[ 2022-07-26T12:28:22+08:00 ] 192.168.222.1 GET /home/goods/index/cate_id/187.html
[ info ] 192.168.222.141/home/goods/index/cate_id/187.html [运行时间：0.301738s][吞吐率：3.31req/s] [内存消耗：7,653.72kb] [文件加载：67]
[ info ] [ LANG ] /usr/share/nginx/html/tp5shop/thinkphp/lang/zh-cn.php
[ info ] [ ROUTE ] array (
  'type' => 'module',
  'module' => 
  array (
    0 => 'home',
    1 => 'goods',
    2 => 'index',
  ),
)
[ info ] [ HEADER ] array (
  'cookie' => 'thinkphp_show_page_trace=0|0; thinkphp_show_page_trace=0|0; PHPSESSID=7rm040q10jr5ugen0rdj368rd7',
  'accept-language' => 'zh-CN,zh;q=0.9,en;q=0.8,en-GB;q=0.7,en-US;q=0.6',
  'accept-encoding' => 'gzip, deflate',
  'referer' => 'http://192.168.222.141/home/goods/index/cate_id/187.html',
  'accept' => 'text/html,application/xhtml+xml,application/xml;q=0.9,image/webp,image/apng,*/*;q=0.8,application/signed-exchange;v=b3;q=0.9',
  'user-agent' => 'Mozilla/5.0 (Windows NT 10.0; Win64; x64) AppleWebKit/537.36 (KHTML, like Gecko) Chrome/103.0.5060.134 Safari/537.36 Edg/103.0.1264.71',
  'upgrade-insecure-requests' => '1',
  'connection' => 'keep-alive',
  'host' => '192.168.222.141',
  'content-type' => '',
  'content-length' => '',
)
[ info ] [ PARAM ] array (
  'cate_id' => '187',
)
[ info ] [ DB ] INIT mysql
[ info ] [ CACHE ] INIT File
[ info ] [ RUN ] app\home\controller\Goods->index[ /usr/share/nginx/html/tp5shop/application/home/controller/Goods.php ]
[ info ] [ VIEW ] /usr/share/nginx/html/tp5shop/public/../application/home/view/goods/list.html [ array (
  0 => 'category',
  1 => 'cate_info',
  2 => 'list',
) ]
[ info ] [ SESSION ] INIT array (
  'id' => '',
  'var_session_id' => '',
  'prefix' => 'think',
  'type' => '',
  'auto_start' => true,
)
[ info ] [ LOG ] INIT File
[ sql ] [ DB ] CONNECT:[ UseTime:0.003511s ] mysql:host=192.168.222.240;port=3306;dbname=tp5shop;charset=utf8
[ sql ] [ SQL ] SHOW COLUMNS FROM `tpshop_category` [ RunTime:0.006427s ]
[ sql ] [ SQL ] SELECT * FROM `tpshop_category` WHERE  `is_show` = 1 [ RunTime:0.003203s ]
[ sql ] [ SQL ] SELECT * FROM `tpshop_category` WHERE  `id` = 187 LIMIT 1 [ RunTime:0.001286s ]
[ sql ] [ SQL ] SHOW COLUMNS FROM `tpshop_goods` [ RunTime:0.001997s ]
[ sql ] [ SQL ] SELECT COUNT(*) AS tp_count FROM `tpshop_goods` WHERE  `cate_id` = 187 LIMIT 1 [ RunTime:0.000898s ]
[ sql ] [ SQL ] SELECT * FROM `tpshop_goods` WHERE  `cate_id` = 187 LIMIT 0,10 [ RunTime:0.000856s ]
---------------------------------------------------------------
[ 2022-07-26T12:28:26+08:00 ] 192.168.222.1 GET /home/login/login.html
[ info ] 192.168.222.141/home/login/login.html [运行时间：0.036244s][吞吐率：27.59req/s] [内存消耗：1,912.44kb] [文件加载：55]
[ info ] [ LANG ] /usr/share/nginx/html/tp5shop/thinkphp/lang/zh-cn.php
[ info ] [ ROUTE ] array (
  'type' => 'module',
  'module' => 
  array (
    0 => 'home',
    1 => 'login',
    2 => 'login',
  ),
)
[ info ] [ HEADER ] array (
  'cookie' => 'thinkphp_show_page_trace=0|0; PHPSESSID=7rm040q10jr5ugen0rdj368rd7',
  'accept-language' => 'zh-CN,zh;q=0.9,en;q=0.8,en-GB;q=0.7,en-US;q=0.6',
  'accept-encoding' => 'gzip, deflate',
  'referer' => 'http://192.168.222.141/home/goods/index/cate_id/187.html',
  'accept' => 'text/html,application/xhtml+xml,application/xml;q=0.9,image/webp,image/apng,*/*;q=0.8,application/signed-exchange;v=b3;q=0.9',
  'user-agent' => 'Mozilla/5.0 (Windows NT 10.0; Win64; x64) AppleWebKit/537.36 (KHTML, like Gecko) Chrome/103.0.5060.134 Safari/537.36 Edg/103.0.1264.71',
  'upgrade-insecure-requests' => '1',
  'connection' => 'keep-alive',
  'host' => '192.168.222.141',
  'content-type' => '',
  'content-length' => '',
)
[ info ] [ PARAM ] array (
)
[ info ] [ RUN ] app\home\controller\Login->login[ /usr/share/nginx/html/tp5shop/application/home/controller/Login.php ]
[ info ] [ VIEW ] /usr/share/nginx/html/tp5shop/public/../application/home/view/login/login.html [ array (
) ]
[ info ] [ LOG ] INIT File
---------------------------------------------------------------
[ 2022-07-26T12:28:29+08:00 ] 192.168.222.1 GET /home/login/register.html
[ info ] 192.168.222.141/home/login/register.html [运行时间：0.030783s][吞吐率：32.49req/s] [内存消耗：1,921.93kb] [文件加载：55]
[ info ] [ LANG ] /usr/share/nginx/html/tp5shop/thinkphp/lang/zh-cn.php
[ info ] [ ROUTE ] array (
  'type' => 'module',
  'module' => 
  array (
    0 => 'home',
    1 => 'login',
    2 => 'register',
  ),
)
[ info ] [ HEADER ] array (
  'cookie' => 'thinkphp_show_page_trace=0|0; thinkphp_show_page_trace=0|0; PHPSESSID=7rm040q10jr5ugen0rdj368rd7',
  'accept-language' => 'zh-CN,zh;q=0.9,en;q=0.8,en-GB;q=0.7,en-US;q=0.6',
  'accept-encoding' => 'gzip, deflate',
  'referer' => 'http://192.168.222.141/home/login/login.html',
  'accept' => 'text/html,application/xhtml+xml,application/xml;q=0.9,image/webp,image/apng,*/*;q=0.8,application/signed-exchange;v=b3;q=0.9',
  'user-agent' => 'Mozilla/5.0 (Windows NT 10.0; Win64; x64) AppleWebKit/537.36 (KHTML, like Gecko) Chrome/103.0.5060.134 Safari/537.36 Edg/103.0.1264.71',
  'upgrade-insecure-requests' => '1',
  'connection' => 'keep-alive',
  'host' => '192.168.222.141',
  'content-type' => '',
  'content-length' => '',
)
[ info ] [ PARAM ] array (
)
[ info ] [ RUN ] app\home\controller\Login->register[ /usr/share/nginx/html/tp5shop/application/home/controller/Login.php ]
[ info ] [ VIEW ] /usr/share/nginx/html/tp5shop/public/../application/home/view/login/register.html [ array (
) ]
[ info ] [ LOG ] INIT File
---------------------------------------------------------------
[ 2022-07-26T12:28:32+08:00 ] 192.168.222.1 POST /home/login/sendcode.html
[ info ] 192.168.222.141/home/login/sendcode.html [运行时间：0.023878s][吞吐率：41.88req/s] [内存消耗：1,671.09kb] [文件加载：48]
[ info ] [ LANG ] /usr/share/nginx/html/tp5shop/thinkphp/lang/zh-cn.php
[ info ] [ ROUTE ] array (
  'type' => 'module',
  'module' => 
  array (
    0 => 'home',
    1 => 'login',
    2 => 'sendcode',
  ),
)
[ info ] [ HEADER ] array (
  'cookie' => 'thinkphp_show_page_trace=0|0; thinkphp_show_page_trace=0|0; PHPSESSID=7rm040q10jr5ugen0rdj368rd7',
  'accept-language' => 'zh-CN,zh;q=0.9,en;q=0.8,en-GB;q=0.7,en-US;q=0.6',
  'accept-encoding' => 'gzip, deflate',
  'referer' => 'http://192.168.222.141/home/login/register.html',
  'origin' => 'http://192.168.222.141',
  'content-type' => 'application/x-www-form-urlencoded; charset=UTF-8',
  'user-agent' => 'Mozilla/5.0 (Windows NT 10.0; Win64; x64) AppleWebKit/537.36 (KHTML, like Gecko) Chrome/103.0.5060.134 Safari/537.36 Edg/103.0.1264.71',
  'x-requested-with' => 'XMLHttpRequest',
  'accept' => 'application/json, text/javascript, */*; q=0.01',
  'content-length' => '12',
  'connection' => 'keep-alive',
  'host' => '192.168.222.141',
)
[ info ] [ PARAM ] array (
  'phone' => '123456',
)
[ info ] [ RUN ] app\home\controller\Login->sendcode[ /usr/share/nginx/html/tp5shop/application/home/controller/Login.php ]
[ info ] [ SESSION ] INIT array (
  'id' => '',
  'var_session_id' => '',
  'prefix' => 'think',
  'type' => '',
  'auto_start' => true,
)
[ info ] [ LOG ] INIT File
---------------------------------------------------------------
[ 2022-07-26T12:28:48+08:00 ] 192.168.222.1 GET /
[ info ] 192.168.222.141/ [运行时间：0.263034s][吞吐率：3.80req/s] [内存消耗：7,624.16kb] [文件加载：63]
[ info ] [ LANG ] /usr/share/nginx/html/tp5shop/thinkphp/lang/zh-cn.php
[ info ] [ ROUTE ] array (
  'type' => 'module',
  'module' => 
  array (
    0 => '',
    1 => NULL,
    2 => NULL,
  ),
)
[ info ] [ HEADER ] array (
  'cookie' => 'thinkphp_show_page_trace=0|0; PHPSESSID=7rm040q10jr5ugen0rdj368rd7',
  'accept-language' => 'zh-CN,zh;q=0.9,en;q=0.8,en-GB;q=0.7,en-US;q=0.6',
  'accept-encoding' => 'gzip, deflate',
  'accept' => 'text/html,application/xhtml+xml,application/xml;q=0.9,image/webp,image/apng,*/*;q=0.8,application/signed-exchange;v=b3;q=0.9',
  'user-agent' => 'Mozilla/5.0 (Windows NT 10.0; Win64; x64) AppleWebKit/537.36 (KHTML, like Gecko) Chrome/103.0.5060.134 Safari/537.36 Edg/103.0.1264.71',
  'upgrade-insecure-requests' => '1',
  'connection' => 'keep-alive',
  'host' => '192.168.222.141',
  'content-type' => '',
  'content-length' => '',
)
[ info ] [ PARAM ] array (
)
[ info ] [ DB ] INIT mysql
[ info ] [ CACHE ] INIT File
[ info ] [ RUN ] app\home\controller\Index->index[ /usr/share/nginx/html/tp5shop/application/home/controller/Index.php ]
[ info ] [ VIEW ] /usr/share/nginx/html/tp5shop/public/../application/home/view/index/index.html [ array (
  0 => 'category',
) ]
[ info ] [ SESSION ] INIT array (
  'id' => '',
  'var_session_id' => '',
  'prefix' => 'think',
  'type' => '',
  'auto_start' => true,
)
[ info ] [ LOG ] INIT File
[ sql ] [ DB ] CONNECT:[ UseTime:0.001967s ] mysql:host=192.168.222.240;port=3306;dbname=tp5shop;charset=utf8
[ sql ] [ SQL ] SHOW COLUMNS FROM `tpshop_category` [ RunTime:0.003853s ]
[ sql ] [ SQL ] SELECT * FROM `tpshop_category` WHERE  `is_show` = 1 [ RunTime:0.002340s ]
---------------------------------------------------------------
[ 2022-07-26T14:13:29+08:00 ] 192.168.222.1 GET /
[ info ] 192.168.222.141/ [运行时间：0.341383s][吞吐率：2.93req/s] [内存消耗：7,624.37kb] [文件加载：63]
[ info ] [ LANG ] /usr/share/nginx/html/tp5shop/thinkphp/lang/zh-cn.php
[ info ] [ ROUTE ] array (
  'type' => 'module',
  'module' => 
  array (
    0 => '',
    1 => NULL,
    2 => NULL,
  ),
)
[ info ] [ HEADER ] array (
  'cookie' => 'thinkphp_show_page_trace=0|0; PHPSESSID=7rm040q10jr5ugen0rdj368rd7',
  'accept-language' => 'zh-CN,zh;q=0.9,en;q=0.8,en-GB;q=0.7,en-US;q=0.6',
  'accept-encoding' => 'gzip, deflate',
  'accept' => 'text/html,application/xhtml+xml,application/xml;q=0.9,image/webp,image/apng,*/*;q=0.8,application/signed-exchange;v=b3;q=0.9',
  'user-agent' => 'Mozilla/5.0 (Windows NT 10.0; Win64; x64) AppleWebKit/537.36 (KHTML, like Gecko) Chrome/103.0.5060.134 Safari/537.36 Edg/103.0.1264.71',
  'upgrade-insecure-requests' => '1',
  'cache-control' => 'max-age=0',
  'connection' => 'keep-alive',
  'host' => '192.168.222.141',
  'content-type' => '',
  'content-length' => '',
)
[ info ] [ PARAM ] array (
)
[ info ] [ DB ] INIT mysql
[ info ] [ CACHE ] INIT File
[ info ] [ RUN ] app\home\controller\Index->index[ /usr/share/nginx/html/tp5shop/application/home/controller/Index.php ]
[ info ] [ VIEW ] /usr/share/nginx/html/tp5shop/public/../application/home/view/index/index.html [ array (
  0 => 'category',
) ]
[ info ] [ SESSION ] INIT array (
  'id' => '',
  'var_session_id' => '',
  'prefix' => 'think',
  'type' => '',
  'auto_start' => true,
)
[ info ] [ LOG ] INIT File
[ sql ] [ DB ] CONNECT:[ UseTime:0.026564s ] mysql:host=192.168.222.240;port=3306;dbname=tp5shop;charset=utf8
[ sql ] [ SQL ] SHOW COLUMNS FROM `tpshop_category` [ RunTime:0.004602s ]
[ sql ] [ SQL ] SELECT * FROM `tpshop_category` WHERE  `is_show` = 1 [ RunTime:0.004628s ]
---------------------------------------------------------------
[ 2022-07-26T14:15:14+08:00 ] 192.168.222.1 GET /
[ info ] 192.168.222.141/ [运行时间：0.357426s][吞吐率：2.80req/s] [内存消耗：7,624.37kb] [文件加载：63]
[ info ] [ LANG ] /usr/share/nginx/html/tp5shop/thinkphp/lang/zh-cn.php
[ info ] [ ROUTE ] array (
  'type' => 'module',
  'module' => 
  array (
    0 => '',
    1 => NULL,
    2 => NULL,
  ),
)
[ info ] [ HEADER ] array (
  'cookie' => 'thinkphp_show_page_trace=0|0; PHPSESSID=7rm040q10jr5ugen0rdj368rd7',
  'accept-language' => 'zh-CN,zh;q=0.9,en;q=0.8,en-GB;q=0.7,en-US;q=0.6',
  'accept-encoding' => 'gzip, deflate',
  'accept' => 'text/html,application/xhtml+xml,application/xml;q=0.9,image/webp,image/apng,*/*;q=0.8,application/signed-exchange;v=b3;q=0.9',
  'user-agent' => 'Mozilla/5.0 (Windows NT 10.0; Win64; x64) AppleWebKit/537.36 (KHTML, like Gecko) Chrome/103.0.5060.134 Safari/537.36 Edg/103.0.1264.71',
  'upgrade-insecure-requests' => '1',
  'cache-control' => 'max-age=0',
  'connection' => 'keep-alive',
  'host' => '192.168.222.141',
  'content-type' => '',
  'content-length' => '',
)
[ info ] [ PARAM ] array (
)
[ info ] [ DB ] INIT mysql
[ info ] [ CACHE ] INIT File
[ info ] [ RUN ] app\home\controller\Index->index[ /usr/share/nginx/html/tp5shop/application/home/controller/Index.php ]
[ info ] [ VIEW ] /usr/share/nginx/html/tp5shop/public/../application/home/view/index/index.html [ array (
  0 => 'category',
) ]
[ info ] [ SESSION ] INIT array (
  'id' => '',
  'var_session_id' => '',
  'prefix' => 'think',
  'type' => '',
  'auto_start' => true,
)
[ info ] [ LOG ] INIT File
[ sql ] [ DB ] CONNECT:[ UseTime:0.001522s ] mysql:host=192.168.222.240;port=3306;dbname=tp5shop;charset=utf8
[ sql ] [ SQL ] SHOW COLUMNS FROM `tpshop_category` [ RunTime:0.002782s ]
[ sql ] [ SQL ] SELECT * FROM `tpshop_category` WHERE  `is_show` = 1 [ RunTime:0.001776s ]
---------------------------------------------------------------
[ 2022-07-26T14:15:51+08:00 ] 192.168.222.1 GET /home/login/register.html
[ info ] 192.168.222.141/home/login/register.html [运行时间：0.034964s][吞吐率：28.60req/s] [内存消耗：1,773.98kb] [文件加载：53]
[ info ] [ LANG ] /usr/share/nginx/html/tp5shop/thinkphp/lang/zh-cn.php
[ info ] [ ROUTE ] array (
  'type' => 'module',
  'module' => 
  array (
    0 => 'home',
    1 => 'login',
    2 => 'register',
  ),
)
[ info ] [ HEADER ] array (
  'cookie' => 'thinkphp_show_page_trace=0|0; thinkphp_show_page_trace=0|0; PHPSESSID=7rm040q10jr5ugen0rdj368rd7',
  'accept-language' => 'zh-CN,zh;q=0.9,en;q=0.8,en-GB;q=0.7,en-US;q=0.6',
  'accept-encoding' => 'gzip, deflate',
  'referer' => 'http://192.168.222.141/',
  'accept' => 'text/html,application/xhtml+xml,application/xml;q=0.9,image/webp,image/apng,*/*;q=0.8,application/signed-exchange;v=b3;q=0.9',
  'user-agent' => 'Mozilla/5.0 (Windows NT 10.0; Win64; x64) AppleWebKit/537.36 (KHTML, like Gecko) Chrome/103.0.5060.134 Safari/537.36 Edg/103.0.1264.71',
  'upgrade-insecure-requests' => '1',
  'connection' => 'keep-alive',
  'host' => '192.168.222.141',
  'content-type' => '',
  'content-length' => '',
)
[ info ] [ PARAM ] array (
)
[ info ] [ RUN ] app\home\controller\Login->register[ /usr/share/nginx/html/tp5shop/application/home/controller/Login.php ]
[ info ] [ VIEW ] /usr/share/nginx/html/tp5shop/public/../application/home/view/login/register.html [ array (
) ]
[ info ] [ LOG ] INIT File
---------------------------------------------------------------
[ 2022-07-26T14:15:57+08:00 ] 192.168.222.1 POST /home/login/sendcode.html
[ info ] 192.168.222.141/home/login/sendcode.html [运行时间：0.022487s][吞吐率：44.47req/s] [内存消耗：1,671.24kb] [文件加载：48]
[ info ] [ LANG ] /usr/share/nginx/html/tp5shop/thinkphp/lang/zh-cn.php
[ info ] [ ROUTE ] array (
  'type' => 'module',
  'module' => 
  array (
    0 => 'home',
    1 => 'login',
    2 => 'sendcode',
  ),
)
[ info ] [ HEADER ] array (
  'cookie' => 'thinkphp_show_page_trace=0|0; thinkphp_show_page_trace=0|0; PHPSESSID=7rm040q10jr5ugen0rdj368rd7',
  'accept-language' => 'zh-CN,zh;q=0.9,en;q=0.8,en-GB;q=0.7,en-US;q=0.6',
  'accept-encoding' => 'gzip, deflate',
  'referer' => 'http://192.168.222.141/home/login/register.html',
  'origin' => 'http://192.168.222.141',
  'content-type' => 'application/x-www-form-urlencoded; charset=UTF-8',
  'user-agent' => 'Mozilla/5.0 (Windows NT 10.0; Win64; x64) AppleWebKit/537.36 (KHTML, like Gecko) Chrome/103.0.5060.134 Safari/537.36 Edg/103.0.1264.71',
  'x-requested-with' => 'XMLHttpRequest',
  'accept' => 'application/json, text/javascript, */*; q=0.01',
  'content-length' => '13',
  'connection' => 'keep-alive',
  'host' => '192.168.222.141',
)
[ info ] [ PARAM ] array (
  'phone' => '1008611',
)
[ info ] [ RUN ] app\home\controller\Login->sendcode[ /usr/share/nginx/html/tp5shop/application/home/controller/Login.php ]
[ info ] [ SESSION ] INIT array (
  'id' => '',
  'var_session_id' => '',
  'prefix' => 'think',
  'type' => '',
  'auto_start' => true,
)
[ info ] [ LOG ] INIT File
---------------------------------------------------------------
[ 2022-07-26T14:16:06+08:00 ] 192.168.222.1 POST /home/login/sendcode.html
[ info ] 192.168.222.141/home/login/sendcode.html [运行时间：0.009740s][吞吐率：102.67req/s] [内存消耗：1,671.27kb] [文件加载：48]
[ info ] [ LANG ] /usr/share/nginx/html/tp5shop/thinkphp/lang/zh-cn.php
[ info ] [ ROUTE ] array (
  'type' => 'module',
  'module' => 
  array (
    0 => 'home',
    1 => 'login',
    2 => 'sendcode',
  ),
)
[ info ] [ HEADER ] array (
  'cookie' => 'thinkphp_show_page_trace=0|0; thinkphp_show_page_trace=0|0; PHPSESSID=7rm040q10jr5ugen0rdj368rd7',
  'accept-language' => 'zh-CN,zh;q=0.9,en;q=0.8,en-GB;q=0.7,en-US;q=0.6',
  'accept-encoding' => 'gzip, deflate',
  'referer' => 'http://192.168.222.141/home/login/register.html',
  'origin' => 'http://192.168.222.141',
  'content-type' => 'application/x-www-form-urlencoded; charset=UTF-8',
  'user-agent' => 'Mozilla/5.0 (Windows NT 10.0; Win64; x64) AppleWebKit/537.36 (KHTML, like Gecko) Chrome/103.0.5060.134 Safari/537.36 Edg/103.0.1264.71',
  'x-requested-with' => 'XMLHttpRequest',
  'accept' => 'application/json, text/javascript, */*; q=0.01',
  'content-length' => '13',
  'connection' => 'keep-alive',
  'host' => '192.168.222.141',
)
[ info ] [ PARAM ] array (
  'phone' => '1008611',
)
[ info ] [ RUN ] app\home\controller\Login->sendcode[ /usr/share/nginx/html/tp5shop/application/home/controller/Login.php ]
[ info ] [ SESSION ] INIT array (
  'id' => '',
  'var_session_id' => '',
  'prefix' => 'think',
  'type' => '',
  'auto_start' => true,
)
[ info ] [ LOG ] INIT File
---------------------------------------------------------------
[ 2022-07-26T14:16:18+08:00 ] 192.168.222.1 POST /home/login/phone.html
[ info ] 192.168.222.141/home/login/phone.html [运行时间：0.036296s][吞吐率：27.55req/s] [内存消耗：1,854.75kb] [文件加载：54]
[ info ] [ LANG ] /usr/share/nginx/html/tp5shop/thinkphp/lang/zh-cn.php
[ info ] [ ROUTE ] array (
  'type' => 'module',
  'module' => 
  array (
    0 => 'home',
    1 => 'login',
    2 => 'phone',
  ),
)
[ info ] [ HEADER ] array (
  'cookie' => 'thinkphp_show_page_trace=0|0; thinkphp_show_page_trace=0|0; PHPSESSID=7rm040q10jr5ugen0rdj368rd7',
  'accept-language' => 'zh-CN,zh;q=0.9,en;q=0.8,en-GB;q=0.7,en-US;q=0.6',
  'accept-encoding' => 'gzip, deflate',
  'referer' => 'http://192.168.222.141/home/login/register.html',
  'accept' => 'text/html,application/xhtml+xml,application/xml;q=0.9,image/webp,image/apng,*/*;q=0.8,application/signed-exchange;v=b3;q=0.9',
  'user-agent' => 'Mozilla/5.0 (Windows NT 10.0; Win64; x64) AppleWebKit/537.36 (KHTML, like Gecko) Chrome/103.0.5060.134 Safari/537.36 Edg/103.0.1264.71',
  'content-type' => 'application/x-www-form-urlencoded',
  'origin' => 'http://192.168.222.141',
  'upgrade-insecure-requests' => '1',
  'cache-control' => 'max-age=0',
  'content-length' => '66',
  'connection' => 'keep-alive',
  'host' => '192.168.222.141',
)
[ info ] [ PARAM ] array (
  'phone' => '1008611',
  'code' => '3349',
  'password' => 'abcd0702',
  'repassword' => 'abcd0702',
  'm1' => '2',
)
[ info ] [ RUN ] app\home\controller\Login->phone[ /usr/share/nginx/html/tp5shop/application/home/controller/Login.php ]
[ info ] [ VIEW ] /usr/share/nginx/html/tp5shop/thinkphp/tpl/dispatch_jump.tpl [ array (
  0 => 'code',
  1 => 'msg',
  2 => 'data',
  3 => 'url',
  4 => 'wait',
) ]
[ info ] [ LOG ] INIT File
---------------------------------------------------------------
[ 2022-07-26T14:16:24+08:00 ] 192.168.222.1 GET /home/login/login.html
[ info ] 192.168.222.141/home/login/login.html [运行时间：0.024072s][吞吐率：41.54req/s] [内存消耗：1,773.33kb] [文件加载：53]
[ info ] [ LANG ] /usr/share/nginx/html/tp5shop/thinkphp/lang/zh-cn.php
[ info ] [ ROUTE ] array (
  'type' => 'module',
  'module' => 
  array (
    0 => 'home',
    1 => 'login',
    2 => 'login',
  ),
)
[ info ] [ HEADER ] array (
  'cookie' => 'thinkphp_show_page_trace=0|0; thinkphp_show_page_trace=0|0; PHPSESSID=7rm040q10jr5ugen0rdj368rd7',
  'accept-language' => 'zh-CN,zh;q=0.9,en;q=0.8,en-GB;q=0.7,en-US;q=0.6',
  'accept-encoding' => 'gzip, deflate',
  'referer' => 'http://192.168.222.141/home/login/register.html',
  'accept' => 'text/html,application/xhtml+xml,application/xml;q=0.9,image/webp,image/apng,*/*;q=0.8,application/signed-exchange;v=b3;q=0.9',
  'user-agent' => 'Mozilla/5.0 (Windows NT 10.0; Win64; x64) AppleWebKit/537.36 (KHTML, like Gecko) Chrome/103.0.5060.134 Safari/537.36 Edg/103.0.1264.71',
  'upgrade-insecure-requests' => '1',
  'connection' => 'keep-alive',
  'host' => '192.168.222.141',
  'content-type' => '',
  'content-length' => '',
)
[ info ] [ PARAM ] array (
)
[ info ] [ RUN ] app\home\controller\Login->login[ /usr/share/nginx/html/tp5shop/application/home/controller/Login.php ]
[ info ] [ VIEW ] /usr/share/nginx/html/tp5shop/public/../application/home/view/login/login.html [ array (
) ]
[ info ] [ LOG ] INIT File
---------------------------------------------------------------
[ 2022-07-26T14:16:32+08:00 ] 192.168.222.1 POST /home/login/dologin.html
[ info ] 192.168.222.141/home/login/dologin.html [运行时间：0.047649s][吞吐率：20.99req/s] [内存消耗：2,677.09kb] [文件加载：59]
[ info ] [ LANG ] /usr/share/nginx/html/tp5shop/thinkphp/lang/zh-cn.php
[ info ] [ ROUTE ] array (
  'type' => 'module',
  'module' => 
  array (
    0 => 'home',
    1 => 'login',
    2 => 'dologin',
  ),
)
[ info ] [ HEADER ] array (
  'cookie' => 'thinkphp_show_page_trace=0|0; thinkphp_show_page_trace=0|0; PHPSESSID=7rm040q10jr5ugen0rdj368rd7',
  'accept-language' => 'zh-CN,zh;q=0.9,en;q=0.8,en-GB;q=0.7,en-US;q=0.6',
  'accept-encoding' => 'gzip, deflate',
  'referer' => 'http://192.168.222.141/home/login/login.html',
  'accept' => 'text/html,application/xhtml+xml,application/xml;q=0.9,image/webp,image/apng,*/*;q=0.8,application/signed-exchange;v=b3;q=0.9',
  'user-agent' => 'Mozilla/5.0 (Windows NT 10.0; Win64; x64) AppleWebKit/537.36 (KHTML, like Gecko) Chrome/103.0.5060.134 Safari/537.36 Edg/103.0.1264.71',
  'content-type' => 'application/x-www-form-urlencoded',
  'origin' => 'http://192.168.222.141',
  'upgrade-insecure-requests' => '1',
  'cache-control' => 'max-age=0',
  'content-length' => '37',
  'connection' => 'keep-alive',
  'host' => '192.168.222.141',
)
[ info ] [ PARAM ] array (
  'username' => '10086',
  'password' => 'abcd0702',
  'm1' => '2',
)
[ info ] [ RUN ] app\home\controller\Login->dologin[ /usr/share/nginx/html/tp5shop/application/home/controller/Login.php ]
[ info ] [ DB ] INIT mysql
[ info ] [ VIEW ] /usr/share/nginx/html/tp5shop/thinkphp/tpl/dispatch_jump.tpl [ array (
  0 => 'code',
  1 => 'msg',
  2 => 'data',
  3 => 'url',
  4 => 'wait',
) ]
[ info ] [ LOG ] INIT File
[ sql ] [ DB ] CONNECT:[ UseTime:0.001606s ] mysql:host=192.168.222.240;port=3306;dbname=tp5shop;charset=utf8
[ sql ] [ SQL ] SHOW COLUMNS FROM `tpshop_user` [ RunTime:0.005223s ]
[ sql ] [ SQL ] SELECT * FROM `tpshop_user` WHERE  (  `email` = '10086' OR `phone` = '10086' )  AND `password` = 'f0d2aa9cbc48760305d50fa8365f2d2c' LIMIT 1 [ RunTime:0.002871s ]
---------------------------------------------------------------
[ 2022-07-26T15:06:17+08:00 ] 192.168.222.1 GET /
[ info ] 192.168.222.246/ [运行时间：0.315487s][吞吐率：3.17req/s] [内存消耗：7,623.80kb] [文件加载：63]
[ info ] [ LANG ] /usr/share/nginx/html/tp5shop/thinkphp/lang/zh-cn.php
[ info ] [ ROUTE ] array (
  'type' => 'module',
  'module' => 
  array (
    0 => '',
    1 => NULL,
    2 => NULL,
  ),
)
[ info ] [ HEADER ] array (
  'if-modified-since' => 'Fri, 16 May 2014 15:12:48 GMT',
  'if-none-match' => '"53762af0-12e1"',
  'accept-language' => 'zh-CN,zh;q=0.9,en;q=0.8,en-GB;q=0.7,en-US;q=0.6',
  'accept-encoding' => 'gzip, deflate',
  'accept' => 'text/html,application/xhtml+xml,application/xml;q=0.9,image/webp,image/apng,*/*;q=0.8,application/signed-exchange;v=b3;q=0.9',
  'user-agent' => 'Mozilla/5.0 (Windows NT 10.0; Win64; x64) AppleWebKit/537.36 (KHTML, like Gecko) Chrome/103.0.5060.134 Safari/537.36 Edg/103.0.1264.71',
  'upgrade-insecure-requests' => '1',
  'cache-control' => 'max-age=0',
  'connection' => 'keep-alive',
  'host' => '192.168.222.246',
  'content-type' => '',
  'content-length' => '',
)
[ info ] [ PARAM ] array (
)
[ info ] [ DB ] INIT mysql
[ info ] [ CACHE ] INIT File
[ info ] [ RUN ] app\home\controller\Index->index[ /usr/share/nginx/html/tp5shop/application/home/controller/Index.php ]
[ info ] [ VIEW ] /usr/share/nginx/html/tp5shop/public/../application/home/view/index/index.html [ array (
  0 => 'category',
) ]
[ info ] [ SESSION ] INIT array (
  'id' => '',
  'var_session_id' => '',
  'prefix' => 'think',
  'type' => '',
  'auto_start' => true,
)
[ info ] [ LOG ] INIT File
[ sql ] [ DB ] CONNECT:[ UseTime:0.026556s ] mysql:host=192.168.222.240;port=3306;dbname=tp5shop;charset=utf8
[ sql ] [ SQL ] SHOW COLUMNS FROM `tpshop_category` [ RunTime:0.007116s ]
[ sql ] [ SQL ] SELECT * FROM `tpshop_category` WHERE  `is_show` = 1 [ RunTime:0.001998s ]
---------------------------------------------------------------
[ 2022-07-26T15:06:24+08:00 ] 192.168.222.1 GET /
[ info ] 192.168.222.246/ [运行时间：0.271139s][吞吐率：3.69req/s] [内存消耗：7,623.53kb] [文件加载：63]
[ info ] [ LANG ] /usr/share/nginx/html/tp5shop/thinkphp/lang/zh-cn.php
[ info ] [ ROUTE ] array (
  'type' => 'module',
  'module' => 
  array (
    0 => '',
    1 => NULL,
    2 => NULL,
  ),
)
[ info ] [ HEADER ] array (
  'cookie' => 'PHPSESSID=a02j5i26h60boe3lgp2jukdldv; thinkphp_show_page_trace=0|0',
  'accept-language' => 'zh-CN,zh;q=0.9,en;q=0.8,en-GB;q=0.7,en-US;q=0.6',
  'accept-encoding' => 'gzip, deflate',
  'accept' => 'text/html,application/xhtml+xml,application/xml;q=0.9,image/webp,image/apng,*/*;q=0.8,application/signed-exchange;v=b3;q=0.9',
  'user-agent' => 'Mozilla/5.0 (Windows NT 10.0; Win64; x64) AppleWebKit/537.36 (KHTML, like Gecko) Chrome/103.0.5060.134 Safari/537.36 Edg/103.0.1264.71',
  'upgrade-insecure-requests' => '1',
  'cache-control' => 'max-age=0',
  'connection' => 'keep-alive',
  'host' => '192.168.222.246',
  'content-type' => '',
  'content-length' => '',
)
[ info ] [ PARAM ] array (
)
[ info ] [ DB ] INIT mysql
[ info ] [ CACHE ] INIT File
[ info ] [ RUN ] app\home\controller\Index->index[ /usr/share/nginx/html/tp5shop/application/home/controller/Index.php ]
[ info ] [ VIEW ] /usr/share/nginx/html/tp5shop/public/../application/home/view/index/index.html [ array (
  0 => 'category',
) ]
[ info ] [ SESSION ] INIT array (
  'id' => '',
  'var_session_id' => '',
  'prefix' => 'think',
  'type' => '',
  'auto_start' => true,
)
[ info ] [ LOG ] INIT File
[ sql ] [ DB ] CONNECT:[ UseTime:0.002049s ] mysql:host=192.168.222.240;port=3306;dbname=tp5shop;charset=utf8
[ sql ] [ SQL ] SHOW COLUMNS FROM `tpshop_category` [ RunTime:0.002093s ]
[ sql ] [ SQL ] SELECT * FROM `tpshop_category` WHERE  `is_show` = 1 [ RunTime:0.001862s ]
---------------------------------------------------------------
[ 2022-07-26T15:06:27+08:00 ] 192.168.222.1 GET /home/goods/index/cate_id/187.html
[ info ] 192.168.222.246/home/goods/index/cate_id/187.html [运行时间：0.298017s][吞吐率：3.36req/s] [内存消耗：7,653.44kb] [文件加载：67]
[ info ] [ LANG ] /usr/share/nginx/html/tp5shop/thinkphp/lang/zh-cn.php
[ info ] [ ROUTE ] array (
  'type' => 'module',
  'module' => 
  array (
    0 => 'home',
    1 => 'goods',
    2 => 'index',
  ),
)
[ info ] [ HEADER ] array (
  'cookie' => 'PHPSESSID=a02j5i26h60boe3lgp2jukdldv; thinkphp_show_page_trace=0|0',
  'accept-language' => 'zh-CN,zh;q=0.9,en;q=0.8,en-GB;q=0.7,en-US;q=0.6',
  'accept-encoding' => 'gzip, deflate',
  'referer' => 'http://192.168.222.246/',
  'accept' => 'text/html,application/xhtml+xml,application/xml;q=0.9,image/webp,image/apng,*/*;q=0.8,application/signed-exchange;v=b3;q=0.9',
  'user-agent' => 'Mozilla/5.0 (Windows NT 10.0; Win64; x64) AppleWebKit/537.36 (KHTML, like Gecko) Chrome/103.0.5060.134 Safari/537.36 Edg/103.0.1264.71',
  'upgrade-insecure-requests' => '1',
  'connection' => 'keep-alive',
  'host' => '192.168.222.246',
  'content-type' => '',
  'content-length' => '',
)
[ info ] [ PARAM ] array (
  'cate_id' => '187',
)
[ info ] [ DB ] INIT mysql
[ info ] [ CACHE ] INIT File
[ info ] [ RUN ] app\home\controller\Goods->index[ /usr/share/nginx/html/tp5shop/application/home/controller/Goods.php ]
[ info ] [ VIEW ] /usr/share/nginx/html/tp5shop/public/../application/home/view/goods/list.html [ array (
  0 => 'category',
  1 => 'cate_info',
  2 => 'list',
) ]
[ info ] [ SESSION ] INIT array (
  'id' => '',
  'var_session_id' => '',
  'prefix' => 'think',
  'type' => '',
  'auto_start' => true,
)
[ info ] [ LOG ] INIT File
[ sql ] [ DB ] CONNECT:[ UseTime:0.001248s ] mysql:host=192.168.222.240;port=3306;dbname=tp5shop;charset=utf8
[ sql ] [ SQL ] SHOW COLUMNS FROM `tpshop_category` [ RunTime:0.003128s ]
[ sql ] [ SQL ] SELECT * FROM `tpshop_category` WHERE  `is_show` = 1 [ RunTime:0.002654s ]
[ sql ] [ SQL ] SELECT * FROM `tpshop_category` WHERE  `id` = 187 LIMIT 1 [ RunTime:0.001149s ]
[ sql ] [ SQL ] SHOW COLUMNS FROM `tpshop_goods` [ RunTime:0.003734s ]
[ sql ] [ SQL ] SELECT COUNT(*) AS tp_count FROM `tpshop_goods` WHERE  `cate_id` = 187 LIMIT 1 [ RunTime:0.014179s ]
[ sql ] [ SQL ] SELECT * FROM `tpshop_goods` WHERE  `cate_id` = 187 LIMIT 0,10 [ RunTime:0.000859s ]
---------------------------------------------------------------
[ 2022-07-26T15:06:31+08:00 ] 192.168.222.1 GET /JD-index.html
[ info ] 192.168.222.246/JD-index.html [运行时间：0.014769s][吞吐率：67.71req/s] [内存消耗：1,430.03kb] [文件加载：44]
[ info ] [ LANG ] /usr/share/nginx/html/tp5shop/thinkphp/lang/zh-cn.php
[ info ] [ ROUTE ] array (
  'type' => 'module',
  'module' => 
  array (
    0 => 'JD-index',
    1 => NULL,
    2 => NULL,
  ),
)
[ info ] [ HEADER ] array (
  'cookie' => 'PHPSESSID=a02j5i26h60boe3lgp2jukdldv; thinkphp_show_page_trace=0|0',
  'accept-language' => 'zh-CN,zh;q=0.9,en;q=0.8,en-GB;q=0.7,en-US;q=0.6',
  'accept-encoding' => 'gzip, deflate',
  'referer' => 'http://192.168.222.246/',
  'accept' => 'text/html,application/xhtml+xml,application/xml;q=0.9,image/webp,image/apng,*/*;q=0.8,application/signed-exchange;v=b3;q=0.9',
  'user-agent' => 'Mozilla/5.0 (Windows NT 10.0; Win64; x64) AppleWebKit/537.36 (KHTML, like Gecko) Chrome/103.0.5060.134 Safari/537.36 Edg/103.0.1264.71',
  'upgrade-insecure-requests' => '1',
  'connection' => 'keep-alive',
  'host' => '192.168.222.246',
  'content-type' => '',
  'content-length' => '',
)
[ info ] [ PARAM ] array (
)
[ info ] [ LOG ] INIT File
---------------------------------------------------------------
[ 2022-07-26T15:06:37+08:00 ] 192.168.222.1 GET /
[ info ] 192.168.222.246/ [运行时间：0.255393s][吞吐率：3.92req/s] [内存消耗：7,623.53kb] [文件加载：63]
[ info ] [ LANG ] /usr/share/nginx/html/tp5shop/thinkphp/lang/zh-cn.php
[ info ] [ ROUTE ] array (
  'type' => 'module',
  'module' => 
  array (
    0 => '',
    1 => NULL,
    2 => NULL,
  ),
)
[ info ] [ HEADER ] array (
  'cookie' => 'PHPSESSID=a02j5i26h60boe3lgp2jukdldv; thinkphp_show_page_trace=0|0',
  'accept-language' => 'zh-CN,zh;q=0.9,en;q=0.8,en-GB;q=0.7,en-US;q=0.6',
  'accept-encoding' => 'gzip, deflate',
  'accept' => 'text/html,application/xhtml+xml,application/xml;q=0.9,image/webp,image/apng,*/*;q=0.8,application/signed-exchange;v=b3;q=0.9',
  'user-agent' => 'Mozilla/5.0 (Windows NT 10.0; Win64; x64) AppleWebKit/537.36 (KHTML, like Gecko) Chrome/103.0.5060.134 Safari/537.36 Edg/103.0.1264.71',
  'upgrade-insecure-requests' => '1',
  'cache-control' => 'max-age=0',
  'connection' => 'keep-alive',
  'host' => '192.168.222.246',
  'content-type' => '',
  'content-length' => '',
)
[ info ] [ PARAM ] array (
)
[ info ] [ DB ] INIT mysql
[ info ] [ CACHE ] INIT File
[ info ] [ RUN ] app\home\controller\Index->index[ /usr/share/nginx/html/tp5shop/application/home/controller/Index.php ]
[ info ] [ VIEW ] /usr/share/nginx/html/tp5shop/public/../application/home/view/index/index.html [ array (
  0 => 'category',
) ]
[ info ] [ SESSION ] INIT array (
  'id' => '',
  'var_session_id' => '',
  'prefix' => 'think',
  'type' => '',
  'auto_start' => true,
)
[ info ] [ LOG ] INIT File
[ sql ] [ DB ] CONNECT:[ UseTime:0.002305s ] mysql:host=192.168.222.240;port=3306;dbname=tp5shop;charset=utf8
[ sql ] [ SQL ] SHOW COLUMNS FROM `tpshop_category` [ RunTime:0.002132s ]
[ sql ] [ SQL ] SELECT * FROM `tpshop_category` WHERE  `is_show` = 1 [ RunTime:0.002029s ]
---------------------------------------------------------------
[ 2022-07-26T15:48:04+08:00 ] 0.0.0.0 GET /
[ info ] localhost/ [运行时间：0.297450s][吞吐率：3.36req/s] [内存消耗：7,619.05kb] [文件加载：63]
[ info ] [ LANG ] /usr/share/nginx/html/tp5shop/thinkphp/lang/zh-cn.php
[ info ] [ ROUTE ] array (
  'type' => 'module',
  'module' => 
  array (
    0 => '',
    1 => NULL,
    2 => NULL,
  ),
)
[ info ] [ HEADER ] array (
  'accept' => '*/*',
  'host' => 'localhost',
  'user-agent' => 'curl/7.29.0',
  'content-type' => '',
  'content-length' => '',
)
[ info ] [ PARAM ] array (
)
[ info ] [ DB ] INIT mysql
[ info ] [ CACHE ] INIT File
[ info ] [ RUN ] app\home\controller\Index->index[ /usr/share/nginx/html/tp5shop/application/home/controller/Index.php ]
[ info ] [ VIEW ] /usr/share/nginx/html/tp5shop/public/../application/home/view/index/index.html [ array (
  0 => 'category',
) ]
[ info ] [ SESSION ] INIT array (
  'id' => '',
  'var_session_id' => '',
  'prefix' => 'think',
  'type' => '',
  'auto_start' => true,
)
[ info ] [ LOG ] INIT File
[ sql ] [ DB ] CONNECT:[ UseTime:0.001656s ] mysql:host=192.168.222.240;port=3306;dbname=tp5shop;charset=utf8
[ sql ] [ SQL ] SHOW COLUMNS FROM `tpshop_category` [ RunTime:0.001725s ]
[ sql ] [ SQL ] SELECT * FROM `tpshop_category` WHERE  `is_show` = 1 [ RunTime:0.001621s ]
