---------------------------------------------------------------
[ 2022-07-31T06:58:29+08:00 ] 192.168.222.1 GET /
[ info ] 192.168.222.246/ [运行时间：3.100501s][吞吐率：0.32req/s] [内存消耗：2,617.17kb] [文件加载：60]
[ info ] [ LANG ] /usr/share/nginx/html/tp5shop/thinkphp/lang/zh-cn.php
[ info ] [ ROUTE ] array (
  'type' => 'module',
  'module' => 
  array (
    0 => '',
    1 => NULL,
    2 => NULL,
  ),
)
[ info ] [ HEADER ] array (
  'accept-language' => 'zh-CN,zh;q=0.9,en;q=0.8,en-GB;q=0.7,en-US;q=0.6',
  'accept-encoding' => 'gzip, deflate',
  'purpose' => 'prefetch',
  'accept' => 'text/html,application/xhtml+xml,application/xml;q=0.9,image/webp,image/apng,*/*;q=0.8,application/signed-exchange;v=b3;q=0.9',
  'user-agent' => 'Mozilla/5.0 (Windows NT 10.0; Win64; x64) AppleWebKit/537.36 (KHTML, like Gecko) Chrome/103.0.5060.134 Safari/537.36 Edg/103.0.1264.77',
  'upgrade-insecure-requests' => '1',
  'connection' => 'keep-alive',
  'host' => '192.168.222.246',
  'content-type' => '',
  'content-length' => '',
)
[ info ] [ PARAM ] array (
)
[ info ] [ DB ] INIT mysql
[ info ] [ LOG ] INIT File
[ error ] [2002]SQLSTATE[HY000] [2002] No route to host[/usr/share/nginx/html/tp5shop/thinkphp/library/think/db/Connection.php:293]
---------------------------------------------------------------
[ 2022-07-31T06:59:07+08:00 ] 192.168.222.1 GET /
[ info ] 192.168.222.246/ [运行时间：0.276520s][吞吐率：3.62req/s] [内存消耗：7,623.73kb] [文件加载：63]
[ info ] [ LANG ] /usr/share/nginx/html/tp5shop/thinkphp/lang/zh-cn.php
[ info ] [ ROUTE ] array (
  'type' => 'module',
  'module' => 
  array (
    0 => '',
    1 => NULL,
    2 => NULL,
  ),
)
[ info ] [ HEADER ] array (
  'cookie' => 'thinkphp_show_page_trace=0|0',
  'accept-language' => 'zh-CN,zh;q=0.9,en;q=0.8,en-GB;q=0.7,en-US;q=0.6',
  'accept-encoding' => 'gzip, deflate',
  'accept' => 'text/html,application/xhtml+xml,application/xml;q=0.9,image/webp,image/apng,*/*;q=0.8,application/signed-exchange;v=b3;q=0.9',
  'user-agent' => 'Mozilla/5.0 (Windows NT 10.0; Win64; x64) AppleWebKit/537.36 (KHTML, like Gecko) Chrome/103.0.5060.134 Safari/537.36 Edg/103.0.1264.77',
  'upgrade-insecure-requests' => '1',
  'cache-control' => 'max-age=0',
  'connection' => 'keep-alive',
  'host' => '192.168.222.246',
  'content-type' => '',
  'content-length' => '',
)
[ info ] [ PARAM ] array (
)
[ info ] [ DB ] INIT mysql
[ info ] [ CACHE ] INIT File
[ info ] [ RUN ] app\home\controller\Index->index[ /usr/share/nginx/html/tp5shop/application/home/controller/Index.php ]
[ info ] [ VIEW ] /usr/share/nginx/html/tp5shop/public/../application/home/view/index/index.html [ array (
  0 => 'category',
) ]
[ info ] [ SESSION ] INIT array (
  'id' => '',
  'var_session_id' => '',
  'prefix' => 'think',
  'type' => '',
  'auto_start' => true,
)
[ info ] [ LOG ] INIT File
[ sql ] [ DB ] CONNECT:[ UseTime:0.002095s ] mysql:host=192.168.222.240;port=3306;dbname=tp5shop;charset=utf8
[ sql ] [ SQL ] SHOW COLUMNS FROM `tpshop_category` [ RunTime:0.004223s ]
[ sql ] [ SQL ] SELECT * FROM `tpshop_category` WHERE  `is_show` = 1 [ RunTime:0.006404s ]
---------------------------------------------------------------
[ 2022-07-31T07:00:55+08:00 ] 192.168.222.1 GET /
[ info ] 192.168.222.222/ [运行时间：0.257607s][吞吐率：3.88req/s] [内存消耗：7,621.93kb] [文件加载：63]
[ info ] [ LANG ] /usr/share/nginx/html/tp5shop/thinkphp/lang/zh-cn.php
[ info ] [ ROUTE ] array (
  'type' => 'module',
  'module' => 
  array (
    0 => '',
    1 => NULL,
    2 => NULL,
  ),
)
[ info ] [ HEADER ] array (
  'accept-language' => 'zh-CN,zh;q=0.9,en;q=0.8,en-GB;q=0.7,en-US;q=0.6',
  'accept-encoding' => 'gzip, deflate',
  'accept' => 'text/html,application/xhtml+xml,application/xml;q=0.9,image/webp,image/apng,*/*;q=0.8,application/signed-exchange;v=b3;q=0.9',
  'user-agent' => 'Mozilla/5.0 (Windows NT 10.0; Win64; x64) AppleWebKit/537.36 (KHTML, like Gecko) Chrome/103.0.5060.134 Safari/537.36 Edg/103.0.1264.77',
  'upgrade-insecure-requests' => '1',
  'connection' => 'keep-alive',
  'host' => '192.168.222.222',
  'content-type' => '',
  'content-length' => '',
)
[ info ] [ PARAM ] array (
)
[ info ] [ DB ] INIT mysql
[ info ] [ CACHE ] INIT File
[ info ] [ RUN ] app\home\controller\Index->index[ /usr/share/nginx/html/tp5shop/application/home/controller/Index.php ]
[ info ] [ VIEW ] /usr/share/nginx/html/tp5shop/public/../application/home/view/index/index.html [ array (
  0 => 'category',
) ]
[ info ] [ SESSION ] INIT array (
  'id' => '',
  'var_session_id' => '',
  'prefix' => 'think',
  'type' => '',
  'auto_start' => true,
)
[ info ] [ LOG ] INIT File
[ sql ] [ DB ] CONNECT:[ UseTime:0.001487s ] mysql:host=192.168.222.240;port=3306;dbname=tp5shop;charset=utf8
[ sql ] [ SQL ] SHOW COLUMNS FROM `tpshop_category` [ RunTime:0.002280s ]
[ sql ] [ SQL ] SELECT * FROM `tpshop_category` WHERE  `is_show` = 1 [ RunTime:0.003376s ]
---------------------------------------------------------------
[ 2022-07-31T07:00:56+08:00 ] 192.168.222.1 GET /
[ info ] 192.168.222.222/ [运行时间：0.237891s][吞吐率：4.20req/s] [内存消耗：7,623.71kb] [文件加载：63]
[ info ] [ LANG ] /usr/share/nginx/html/tp5shop/thinkphp/lang/zh-cn.php
[ info ] [ ROUTE ] array (
  'type' => 'module',
  'module' => 
  array (
    0 => '',
    1 => NULL,
    2 => NULL,
  ),
)
[ info ] [ HEADER ] array (
  'cookie' => 'PHPSESSID=aoq170h07jls123ujkcl7kjtr7; thinkphp_show_page_trace=0|0',
  'accept-language' => 'zh-CN,zh;q=0.9,en;q=0.8,en-GB;q=0.7,en-US;q=0.6',
  'accept-encoding' => 'gzip, deflate',
  'accept' => 'text/html,application/xhtml+xml,application/xml;q=0.9,image/webp,image/apng,*/*;q=0.8,application/signed-exchange;v=b3;q=0.9',
  'user-agent' => 'Mozilla/5.0 (Windows NT 10.0; Win64; x64) AppleWebKit/537.36 (KHTML, like Gecko) Chrome/103.0.5060.134 Safari/537.36 Edg/103.0.1264.77',
  'upgrade-insecure-requests' => '1',
  'cache-control' => 'max-age=0',
  'connection' => 'keep-alive',
  'host' => '192.168.222.222',
  'content-type' => '',
  'content-length' => '',
)
[ info ] [ PARAM ] array (
)
[ info ] [ DB ] INIT mysql
[ info ] [ CACHE ] INIT File
[ info ] [ RUN ] app\home\controller\Index->index[ /usr/share/nginx/html/tp5shop/application/home/controller/Index.php ]
[ info ] [ VIEW ] /usr/share/nginx/html/tp5shop/public/../application/home/view/index/index.html [ array (
  0 => 'category',
) ]
[ info ] [ SESSION ] INIT array (
  'id' => '',
  'var_session_id' => '',
  'prefix' => 'think',
  'type' => '',
  'auto_start' => true,
)
[ info ] [ LOG ] INIT File
[ sql ] [ DB ] CONNECT:[ UseTime:0.001303s ] mysql:host=192.168.222.240;port=3306;dbname=tp5shop;charset=utf8
[ sql ] [ SQL ] SHOW COLUMNS FROM `tpshop_category` [ RunTime:0.001559s ]
[ sql ] [ SQL ] SELECT * FROM `tpshop_category` WHERE  `is_show` = 1 [ RunTime:0.001941s ]
---------------------------------------------------------------
[ 2022-07-31T07:00:57+08:00 ] 192.168.222.1 GET /
[ info ] 192.168.222.222/ [运行时间：0.242376s][吞吐率：4.13req/s] [内存消耗：7,623.71kb] [文件加载：63]
[ info ] [ LANG ] /usr/share/nginx/html/tp5shop/thinkphp/lang/zh-cn.php
[ info ] [ ROUTE ] array (
  'type' => 'module',
  'module' => 
  array (
    0 => '',
    1 => NULL,
    2 => NULL,
  ),
)
[ info ] [ HEADER ] array (
  'cookie' => 'PHPSESSID=aoq170h07jls123ujkcl7kjtr7; thinkphp_show_page_trace=0|0',
  'accept-language' => 'zh-CN,zh;q=0.9,en;q=0.8,en-GB;q=0.7,en-US;q=0.6',
  'accept-encoding' => 'gzip, deflate',
  'accept' => 'text/html,application/xhtml+xml,application/xml;q=0.9,image/webp,image/apng,*/*;q=0.8,application/signed-exchange;v=b3;q=0.9',
  'user-agent' => 'Mozilla/5.0 (Windows NT 10.0; Win64; x64) AppleWebKit/537.36 (KHTML, like Gecko) Chrome/103.0.5060.134 Safari/537.36 Edg/103.0.1264.77',
  'upgrade-insecure-requests' => '1',
  'cache-control' => 'max-age=0',
  'connection' => 'keep-alive',
  'host' => '192.168.222.222',
  'content-type' => '',
  'content-length' => '',
)
[ info ] [ PARAM ] array (
)
[ info ] [ DB ] INIT mysql
[ info ] [ CACHE ] INIT File
[ info ] [ RUN ] app\home\controller\Index->index[ /usr/share/nginx/html/tp5shop/application/home/controller/Index.php ]
[ info ] [ VIEW ] /usr/share/nginx/html/tp5shop/public/../application/home/view/index/index.html [ array (
  0 => 'category',
) ]
[ info ] [ SESSION ] INIT array (
  'id' => '',
  'var_session_id' => '',
  'prefix' => 'think',
  'type' => '',
  'auto_start' => true,
)
[ info ] [ LOG ] INIT File
[ sql ] [ DB ] CONNECT:[ UseTime:0.001467s ] mysql:host=192.168.222.240;port=3306;dbname=tp5shop;charset=utf8
[ sql ] [ SQL ] SHOW COLUMNS FROM `tpshop_category` [ RunTime:0.001526s ]
[ sql ] [ SQL ] SELECT * FROM `tpshop_category` WHERE  `is_show` = 1 [ RunTime:0.001805s ]
---------------------------------------------------------------
[ 2022-07-31T07:00:58+08:00 ] 192.168.222.1 GET /
[ info ] 192.168.222.222/ [运行时间：0.235554s][吞吐率：4.25req/s] [内存消耗：7,623.71kb] [文件加载：63]
[ info ] [ LANG ] /usr/share/nginx/html/tp5shop/thinkphp/lang/zh-cn.php
[ info ] [ ROUTE ] array (
  'type' => 'module',
  'module' => 
  array (
    0 => '',
    1 => NULL,
    2 => NULL,
  ),
)
[ info ] [ HEADER ] array (
  'cookie' => 'PHPSESSID=aoq170h07jls123ujkcl7kjtr7; thinkphp_show_page_trace=0|0',
  'accept-language' => 'zh-CN,zh;q=0.9,en;q=0.8,en-GB;q=0.7,en-US;q=0.6',
  'accept-encoding' => 'gzip, deflate',
  'accept' => 'text/html,application/xhtml+xml,application/xml;q=0.9,image/webp,image/apng,*/*;q=0.8,application/signed-exchange;v=b3;q=0.9',
  'user-agent' => 'Mozilla/5.0 (Windows NT 10.0; Win64; x64) AppleWebKit/537.36 (KHTML, like Gecko) Chrome/103.0.5060.134 Safari/537.36 Edg/103.0.1264.77',
  'upgrade-insecure-requests' => '1',
  'cache-control' => 'max-age=0',
  'connection' => 'keep-alive',
  'host' => '192.168.222.222',
  'content-type' => '',
  'content-length' => '',
)
[ info ] [ PARAM ] array (
)
[ info ] [ DB ] INIT mysql
[ info ] [ CACHE ] INIT File
[ info ] [ RUN ] app\home\controller\Index->index[ /usr/share/nginx/html/tp5shop/application/home/controller/Index.php ]
[ info ] [ VIEW ] /usr/share/nginx/html/tp5shop/public/../application/home/view/index/index.html [ array (
  0 => 'category',
) ]
[ info ] [ SESSION ] INIT array (
  'id' => '',
  'var_session_id' => '',
  'prefix' => 'think',
  'type' => '',
  'auto_start' => true,
)
[ info ] [ LOG ] INIT File
[ sql ] [ DB ] CONNECT:[ UseTime:0.001316s ] mysql:host=192.168.222.240;port=3306;dbname=tp5shop;charset=utf8
[ sql ] [ SQL ] SHOW COLUMNS FROM `tpshop_category` [ RunTime:0.001490s ]
[ sql ] [ SQL ] SELECT * FROM `tpshop_category` WHERE  `is_show` = 1 [ RunTime:0.001417s ]
---------------------------------------------------------------
[ 2022-07-31T07:00:58+08:00 ] 192.168.222.1 GET /
[ info ] 192.168.222.222/ [运行时间：0.239980s][吞吐率：4.17req/s] [内存消耗：7,623.71kb] [文件加载：63]
[ info ] [ LANG ] /usr/share/nginx/html/tp5shop/thinkphp/lang/zh-cn.php
[ info ] [ ROUTE ] array (
  'type' => 'module',
  'module' => 
  array (
    0 => '',
    1 => NULL,
    2 => NULL,
  ),
)
[ info ] [ HEADER ] array (
  'cookie' => 'PHPSESSID=aoq170h07jls123ujkcl7kjtr7; thinkphp_show_page_trace=0|0',
  'accept-language' => 'zh-CN,zh;q=0.9,en;q=0.8,en-GB;q=0.7,en-US;q=0.6',
  'accept-encoding' => 'gzip, deflate',
  'accept' => 'text/html,application/xhtml+xml,application/xml;q=0.9,image/webp,image/apng,*/*;q=0.8,application/signed-exchange;v=b3;q=0.9',
  'user-agent' => 'Mozilla/5.0 (Windows NT 10.0; Win64; x64) AppleWebKit/537.36 (KHTML, like Gecko) Chrome/103.0.5060.134 Safari/537.36 Edg/103.0.1264.77',
  'upgrade-insecure-requests' => '1',
  'cache-control' => 'max-age=0',
  'connection' => 'keep-alive',
  'host' => '192.168.222.222',
  'content-type' => '',
  'content-length' => '',
)
[ info ] [ PARAM ] array (
)
[ info ] [ DB ] INIT mysql
[ info ] [ CACHE ] INIT File
[ info ] [ RUN ] app\home\controller\Index->index[ /usr/share/nginx/html/tp5shop/application/home/controller/Index.php ]
[ info ] [ VIEW ] /usr/share/nginx/html/tp5shop/public/../application/home/view/index/index.html [ array (
  0 => 'category',
) ]
[ info ] [ SESSION ] INIT array (
  'id' => '',
  'var_session_id' => '',
  'prefix' => 'think',
  'type' => '',
  'auto_start' => true,
)
[ info ] [ LOG ] INIT File
[ sql ] [ DB ] CONNECT:[ UseTime:0.001322s ] mysql:host=192.168.222.240;port=3306;dbname=tp5shop;charset=utf8
[ sql ] [ SQL ] SHOW COLUMNS FROM `tpshop_category` [ RunTime:0.003090s ]
[ sql ] [ SQL ] SELECT * FROM `tpshop_category` WHERE  `is_show` = 1 [ RunTime:0.001880s ]
---------------------------------------------------------------
[ 2022-07-31T07:00:59+08:00 ] 192.168.222.1 GET /
[ info ] 192.168.222.222/ [运行时间：0.233531s][吞吐率：4.28req/s] [内存消耗：7,623.71kb] [文件加载：63]
[ info ] [ LANG ] /usr/share/nginx/html/tp5shop/thinkphp/lang/zh-cn.php
[ info ] [ ROUTE ] array (
  'type' => 'module',
  'module' => 
  array (
    0 => '',
    1 => NULL,
    2 => NULL,
  ),
)
[ info ] [ HEADER ] array (
  'cookie' => 'PHPSESSID=aoq170h07jls123ujkcl7kjtr7; thinkphp_show_page_trace=0|0',
  'accept-language' => 'zh-CN,zh;q=0.9,en;q=0.8,en-GB;q=0.7,en-US;q=0.6',
  'accept-encoding' => 'gzip, deflate',
  'accept' => 'text/html,application/xhtml+xml,application/xml;q=0.9,image/webp,image/apng,*/*;q=0.8,application/signed-exchange;v=b3;q=0.9',
  'user-agent' => 'Mozilla/5.0 (Windows NT 10.0; Win64; x64) AppleWebKit/537.36 (KHTML, like Gecko) Chrome/103.0.5060.134 Safari/537.36 Edg/103.0.1264.77',
  'upgrade-insecure-requests' => '1',
  'cache-control' => 'max-age=0',
  'connection' => 'keep-alive',
  'host' => '192.168.222.222',
  'content-type' => '',
  'content-length' => '',
)
[ info ] [ PARAM ] array (
)
[ info ] [ DB ] INIT mysql
[ info ] [ CACHE ] INIT File
[ info ] [ RUN ] app\home\controller\Index->index[ /usr/share/nginx/html/tp5shop/application/home/controller/Index.php ]
[ info ] [ VIEW ] /usr/share/nginx/html/tp5shop/public/../application/home/view/index/index.html [ array (
  0 => 'category',
) ]
[ info ] [ SESSION ] INIT array (
  'id' => '',
  'var_session_id' => '',
  'prefix' => 'think',
  'type' => '',
  'auto_start' => true,
)
[ info ] [ LOG ] INIT File
[ sql ] [ DB ] CONNECT:[ UseTime:0.001090s ] mysql:host=192.168.222.240;port=3306;dbname=tp5shop;charset=utf8
[ sql ] [ SQL ] SHOW COLUMNS FROM `tpshop_category` [ RunTime:0.001532s ]
[ sql ] [ SQL ] SELECT * FROM `tpshop_category` WHERE  `is_show` = 1 [ RunTime:0.001429s ]
---------------------------------------------------------------
[ 2022-07-31T07:00:59+08:00 ] 192.168.222.1 GET /
[ info ] 192.168.222.222/ [运行时间：0.249026s][吞吐率：4.02req/s] [内存消耗：7,623.71kb] [文件加载：63]
[ info ] [ LANG ] /usr/share/nginx/html/tp5shop/thinkphp/lang/zh-cn.php
[ info ] [ ROUTE ] array (
  'type' => 'module',
  'module' => 
  array (
    0 => '',
    1 => NULL,
    2 => NULL,
  ),
)
[ info ] [ HEADER ] array (
  'cookie' => 'PHPSESSID=aoq170h07jls123ujkcl7kjtr7; thinkphp_show_page_trace=0|0',
  'accept-language' => 'zh-CN,zh;q=0.9,en;q=0.8,en-GB;q=0.7,en-US;q=0.6',
  'accept-encoding' => 'gzip, deflate',
  'accept' => 'text/html,application/xhtml+xml,application/xml;q=0.9,image/webp,image/apng,*/*;q=0.8,application/signed-exchange;v=b3;q=0.9',
  'user-agent' => 'Mozilla/5.0 (Windows NT 10.0; Win64; x64) AppleWebKit/537.36 (KHTML, like Gecko) Chrome/103.0.5060.134 Safari/537.36 Edg/103.0.1264.77',
  'upgrade-insecure-requests' => '1',
  'cache-control' => 'max-age=0',
  'connection' => 'keep-alive',
  'host' => '192.168.222.222',
  'content-type' => '',
  'content-length' => '',
)
[ info ] [ PARAM ] array (
)
[ info ] [ DB ] INIT mysql
[ info ] [ CACHE ] INIT File
[ info ] [ RUN ] app\home\controller\Index->index[ /usr/share/nginx/html/tp5shop/application/home/controller/Index.php ]
[ info ] [ VIEW ] /usr/share/nginx/html/tp5shop/public/../application/home/view/index/index.html [ array (
  0 => 'category',
) ]
[ info ] [ SESSION ] INIT array (
  'id' => '',
  'var_session_id' => '',
  'prefix' => 'think',
  'type' => '',
  'auto_start' => true,
)
[ info ] [ LOG ] INIT File
[ sql ] [ DB ] CONNECT:[ UseTime:0.001126s ] mysql:host=192.168.222.240;port=3306;dbname=tp5shop;charset=utf8
[ sql ] [ SQL ] SHOW COLUMNS FROM `tpshop_category` [ RunTime:0.001495s ]
[ sql ] [ SQL ] SELECT * FROM `tpshop_category` WHERE  `is_show` = 1 [ RunTime:0.001505s ]
---------------------------------------------------------------
[ 2022-07-31T07:01:00+08:00 ] 192.168.222.1 GET /
[ info ] 192.168.222.222/ [运行时间：0.264164s][吞吐率：3.79req/s] [内存消耗：7,623.71kb] [文件加载：63]
[ info ] [ LANG ] /usr/share/nginx/html/tp5shop/thinkphp/lang/zh-cn.php
[ info ] [ ROUTE ] array (
  'type' => 'module',
  'module' => 
  array (
    0 => '',
    1 => NULL,
    2 => NULL,
  ),
)
[ info ] [ HEADER ] array (
  'cookie' => 'PHPSESSID=aoq170h07jls123ujkcl7kjtr7; thinkphp_show_page_trace=0|0',
  'accept-language' => 'zh-CN,zh;q=0.9,en;q=0.8,en-GB;q=0.7,en-US;q=0.6',
  'accept-encoding' => 'gzip, deflate',
  'accept' => 'text/html,application/xhtml+xml,application/xml;q=0.9,image/webp,image/apng,*/*;q=0.8,application/signed-exchange;v=b3;q=0.9',
  'user-agent' => 'Mozilla/5.0 (Windows NT 10.0; Win64; x64) AppleWebKit/537.36 (KHTML, like Gecko) Chrome/103.0.5060.134 Safari/537.36 Edg/103.0.1264.77',
  'upgrade-insecure-requests' => '1',
  'cache-control' => 'max-age=0',
  'connection' => 'keep-alive',
  'host' => '192.168.222.222',
  'content-type' => '',
  'content-length' => '',
)
[ info ] [ PARAM ] array (
)
[ info ] [ DB ] INIT mysql
[ info ] [ CACHE ] INIT File
[ info ] [ RUN ] app\home\controller\Index->index[ /usr/share/nginx/html/tp5shop/application/home/controller/Index.php ]
[ info ] [ VIEW ] /usr/share/nginx/html/tp5shop/public/../application/home/view/index/index.html [ array (
  0 => 'category',
) ]
[ info ] [ SESSION ] INIT array (
  'id' => '',
  'var_session_id' => '',
  'prefix' => 'think',
  'type' => '',
  'auto_start' => true,
)
[ info ] [ LOG ] INIT File
[ sql ] [ DB ] CONNECT:[ UseTime:0.000992s ] mysql:host=192.168.222.240;port=3306;dbname=tp5shop;charset=utf8
[ sql ] [ SQL ] SHOW COLUMNS FROM `tpshop_category` [ RunTime:0.001455s ]
[ sql ] [ SQL ] SELECT * FROM `tpshop_category` WHERE  `is_show` = 1 [ RunTime:0.001567s ]
---------------------------------------------------------------
[ 2022-07-31T07:01:00+08:00 ] 192.168.222.1 GET /
[ info ] 192.168.222.222/ [运行时间：0.268211s][吞吐率：3.73req/s] [内存消耗：7,623.71kb] [文件加载：63]
[ info ] [ LANG ] /usr/share/nginx/html/tp5shop/thinkphp/lang/zh-cn.php
[ info ] [ ROUTE ] array (
  'type' => 'module',
  'module' => 
  array (
    0 => '',
    1 => NULL,
    2 => NULL,
  ),
)
[ info ] [ HEADER ] array (
  'cookie' => 'PHPSESSID=aoq170h07jls123ujkcl7kjtr7; thinkphp_show_page_trace=0|0',
  'accept-language' => 'zh-CN,zh;q=0.9,en;q=0.8,en-GB;q=0.7,en-US;q=0.6',
  'accept-encoding' => 'gzip, deflate',
  'accept' => 'text/html,application/xhtml+xml,application/xml;q=0.9,image/webp,image/apng,*/*;q=0.8,application/signed-exchange;v=b3;q=0.9',
  'user-agent' => 'Mozilla/5.0 (Windows NT 10.0; Win64; x64) AppleWebKit/537.36 (KHTML, like Gecko) Chrome/103.0.5060.134 Safari/537.36 Edg/103.0.1264.77',
  'upgrade-insecure-requests' => '1',
  'cache-control' => 'max-age=0',
  'connection' => 'keep-alive',
  'host' => '192.168.222.222',
  'content-type' => '',
  'content-length' => '',
)
[ info ] [ PARAM ] array (
)
[ info ] [ DB ] INIT mysql
[ info ] [ CACHE ] INIT File
[ info ] [ RUN ] app\home\controller\Index->index[ /usr/share/nginx/html/tp5shop/application/home/controller/Index.php ]
[ info ] [ VIEW ] /usr/share/nginx/html/tp5shop/public/../application/home/view/index/index.html [ array (
  0 => 'category',
) ]
[ info ] [ SESSION ] INIT array (
  'id' => '',
  'var_session_id' => '',
  'prefix' => 'think',
  'type' => '',
  'auto_start' => true,
)
[ info ] [ LOG ] INIT File
[ sql ] [ DB ] CONNECT:[ UseTime:0.001344s ] mysql:host=192.168.222.240;port=3306;dbname=tp5shop;charset=utf8
[ sql ] [ SQL ] SHOW COLUMNS FROM `tpshop_category` [ RunTime:0.001804s ]
[ sql ] [ SQL ] SELECT * FROM `tpshop_category` WHERE  `is_show` = 1 [ RunTime:0.001755s ]
---------------------------------------------------------------
[ 2022-07-31T07:01:01+08:00 ] 192.168.222.1 GET /
[ info ] 192.168.222.222/ [运行时间：0.241022s][吞吐率：4.15req/s] [内存消耗：7,623.71kb] [文件加载：63]
[ info ] [ LANG ] /usr/share/nginx/html/tp5shop/thinkphp/lang/zh-cn.php
[ info ] [ ROUTE ] array (
  'type' => 'module',
  'module' => 
  array (
    0 => '',
    1 => NULL,
    2 => NULL,
  ),
)
[ info ] [ HEADER ] array (
  'cookie' => 'PHPSESSID=aoq170h07jls123ujkcl7kjtr7; thinkphp_show_page_trace=0|0',
  'accept-language' => 'zh-CN,zh;q=0.9,en;q=0.8,en-GB;q=0.7,en-US;q=0.6',
  'accept-encoding' => 'gzip, deflate',
  'accept' => 'text/html,application/xhtml+xml,application/xml;q=0.9,image/webp,image/apng,*/*;q=0.8,application/signed-exchange;v=b3;q=0.9',
  'user-agent' => 'Mozilla/5.0 (Windows NT 10.0; Win64; x64) AppleWebKit/537.36 (KHTML, like Gecko) Chrome/103.0.5060.134 Safari/537.36 Edg/103.0.1264.77',
  'upgrade-insecure-requests' => '1',
  'cache-control' => 'max-age=0',
  'connection' => 'keep-alive',
  'host' => '192.168.222.222',
  'content-type' => '',
  'content-length' => '',
)
[ info ] [ PARAM ] array (
)
[ info ] [ DB ] INIT mysql
[ info ] [ CACHE ] INIT File
[ info ] [ RUN ] app\home\controller\Index->index[ /usr/share/nginx/html/tp5shop/application/home/controller/Index.php ]
[ info ] [ VIEW ] /usr/share/nginx/html/tp5shop/public/../application/home/view/index/index.html [ array (
  0 => 'category',
) ]
[ info ] [ SESSION ] INIT array (
  'id' => '',
  'var_session_id' => '',
  'prefix' => 'think',
  'type' => '',
  'auto_start' => true,
)
[ info ] [ LOG ] INIT File
[ sql ] [ DB ] CONNECT:[ UseTime:0.001401s ] mysql:host=192.168.222.240;port=3306;dbname=tp5shop;charset=utf8
[ sql ] [ SQL ] SHOW COLUMNS FROM `tpshop_category` [ RunTime:0.002389s ]
[ sql ] [ SQL ] SELECT * FROM `tpshop_category` WHERE  `is_show` = 1 [ RunTime:0.001982s ]
---------------------------------------------------------------
[ 2022-07-31T07:01:01+08:00 ] 192.168.222.1 GET /
[ info ] 192.168.222.222/ [运行时间：0.258571s][吞吐率：3.87req/s] [内存消耗：7,623.71kb] [文件加载：63]
[ info ] [ LANG ] /usr/share/nginx/html/tp5shop/thinkphp/lang/zh-cn.php
[ info ] [ ROUTE ] array (
  'type' => 'module',
  'module' => 
  array (
    0 => '',
    1 => NULL,
    2 => NULL,
  ),
)
[ info ] [ HEADER ] array (
  'cookie' => 'PHPSESSID=aoq170h07jls123ujkcl7kjtr7; thinkphp_show_page_trace=0|0',
  'accept-language' => 'zh-CN,zh;q=0.9,en;q=0.8,en-GB;q=0.7,en-US;q=0.6',
  'accept-encoding' => 'gzip, deflate',
  'accept' => 'text/html,application/xhtml+xml,application/xml;q=0.9,image/webp,image/apng,*/*;q=0.8,application/signed-exchange;v=b3;q=0.9',
  'user-agent' => 'Mozilla/5.0 (Windows NT 10.0; Win64; x64) AppleWebKit/537.36 (KHTML, like Gecko) Chrome/103.0.5060.134 Safari/537.36 Edg/103.0.1264.77',
  'upgrade-insecure-requests' => '1',
  'cache-control' => 'max-age=0',
  'connection' => 'keep-alive',
  'host' => '192.168.222.222',
  'content-type' => '',
  'content-length' => '',
)
[ info ] [ PARAM ] array (
)
[ info ] [ DB ] INIT mysql
[ info ] [ CACHE ] INIT File
[ info ] [ RUN ] app\home\controller\Index->index[ /usr/share/nginx/html/tp5shop/application/home/controller/Index.php ]
[ info ] [ VIEW ] /usr/share/nginx/html/tp5shop/public/../application/home/view/index/index.html [ array (
  0 => 'category',
) ]
[ info ] [ SESSION ] INIT array (
  'id' => '',
  'var_session_id' => '',
  'prefix' => 'think',
  'type' => '',
  'auto_start' => true,
)
[ info ] [ LOG ] INIT File
[ sql ] [ DB ] CONNECT:[ UseTime:0.001206s ] mysql:host=192.168.222.240;port=3306;dbname=tp5shop;charset=utf8
[ sql ] [ SQL ] SHOW COLUMNS FROM `tpshop_category` [ RunTime:0.001740s ]
[ sql ] [ SQL ] SELECT * FROM `tpshop_category` WHERE  `is_show` = 1 [ RunTime:0.001635s ]
---------------------------------------------------------------
[ 2022-07-31T07:01:03+08:00 ] 192.168.222.1 GET /
[ info ] 192.168.222.222/ [运行时间：0.236036s][吞吐率：4.24req/s] [内存消耗：7,623.71kb] [文件加载：63]
[ info ] [ LANG ] /usr/share/nginx/html/tp5shop/thinkphp/lang/zh-cn.php
[ info ] [ ROUTE ] array (
  'type' => 'module',
  'module' => 
  array (
    0 => '',
    1 => NULL,
    2 => NULL,
  ),
)
[ info ] [ HEADER ] array (
  'cookie' => 'PHPSESSID=aoq170h07jls123ujkcl7kjtr7; thinkphp_show_page_trace=0|0',
  'accept-language' => 'zh-CN,zh;q=0.9,en;q=0.8,en-GB;q=0.7,en-US;q=0.6',
  'accept-encoding' => 'gzip, deflate',
  'accept' => 'text/html,application/xhtml+xml,application/xml;q=0.9,image/webp,image/apng,*/*;q=0.8,application/signed-exchange;v=b3;q=0.9',
  'user-agent' => 'Mozilla/5.0 (Windows NT 10.0; Win64; x64) AppleWebKit/537.36 (KHTML, like Gecko) Chrome/103.0.5060.134 Safari/537.36 Edg/103.0.1264.77',
  'upgrade-insecure-requests' => '1',
  'cache-control' => 'max-age=0',
  'connection' => 'keep-alive',
  'host' => '192.168.222.222',
  'content-type' => '',
  'content-length' => '',
)
[ info ] [ PARAM ] array (
)
[ info ] [ DB ] INIT mysql
[ info ] [ CACHE ] INIT File
[ info ] [ RUN ] app\home\controller\Index->index[ /usr/share/nginx/html/tp5shop/application/home/controller/Index.php ]
[ info ] [ VIEW ] /usr/share/nginx/html/tp5shop/public/../application/home/view/index/index.html [ array (
  0 => 'category',
) ]
[ info ] [ SESSION ] INIT array (
  'id' => '',
  'var_session_id' => '',
  'prefix' => 'think',
  'type' => '',
  'auto_start' => true,
)
[ info ] [ LOG ] INIT File
[ sql ] [ DB ] CONNECT:[ UseTime:0.001342s ] mysql:host=192.168.222.240;port=3306;dbname=tp5shop;charset=utf8
[ sql ] [ SQL ] SHOW COLUMNS FROM `tpshop_category` [ RunTime:0.001325s ]
[ sql ] [ SQL ] SELECT * FROM `tpshop_category` WHERE  `is_show` = 1 [ RunTime:0.001371s ]
---------------------------------------------------------------
[ 2022-07-31T07:01:03+08:00 ] 192.168.222.1 GET /
[ info ] 192.168.222.222/ [运行时间：0.251401s][吞吐率：3.98req/s] [内存消耗：7,623.71kb] [文件加载：63]
[ info ] [ LANG ] /usr/share/nginx/html/tp5shop/thinkphp/lang/zh-cn.php
[ info ] [ ROUTE ] array (
  'type' => 'module',
  'module' => 
  array (
    0 => '',
    1 => NULL,
    2 => NULL,
  ),
)
[ info ] [ HEADER ] array (
  'cookie' => 'PHPSESSID=aoq170h07jls123ujkcl7kjtr7; thinkphp_show_page_trace=0|0',
  'accept-language' => 'zh-CN,zh;q=0.9,en;q=0.8,en-GB;q=0.7,en-US;q=0.6',
  'accept-encoding' => 'gzip, deflate',
  'accept' => 'text/html,application/xhtml+xml,application/xml;q=0.9,image/webp,image/apng,*/*;q=0.8,application/signed-exchange;v=b3;q=0.9',
  'user-agent' => 'Mozilla/5.0 (Windows NT 10.0; Win64; x64) AppleWebKit/537.36 (KHTML, like Gecko) Chrome/103.0.5060.134 Safari/537.36 Edg/103.0.1264.77',
  'upgrade-insecure-requests' => '1',
  'cache-control' => 'max-age=0',
  'connection' => 'keep-alive',
  'host' => '192.168.222.222',
  'content-type' => '',
  'content-length' => '',
)
[ info ] [ PARAM ] array (
)
[ info ] [ DB ] INIT mysql
[ info ] [ CACHE ] INIT File
[ info ] [ RUN ] app\home\controller\Index->index[ /usr/share/nginx/html/tp5shop/application/home/controller/Index.php ]
[ info ] [ VIEW ] /usr/share/nginx/html/tp5shop/public/../application/home/view/index/index.html [ array (
  0 => 'category',
) ]
[ info ] [ SESSION ] INIT array (
  'id' => '',
  'var_session_id' => '',
  'prefix' => 'think',
  'type' => '',
  'auto_start' => true,
)
[ info ] [ LOG ] INIT File
[ sql ] [ DB ] CONNECT:[ UseTime:0.001026s ] mysql:host=192.168.222.240;port=3306;dbname=tp5shop;charset=utf8
[ sql ] [ SQL ] SHOW COLUMNS FROM `tpshop_category` [ RunTime:0.001461s ]
[ sql ] [ SQL ] SELECT * FROM `tpshop_category` WHERE  `is_show` = 1 [ RunTime:0.001561s ]
---------------------------------------------------------------
[ 2022-07-31T07:01:09+08:00 ] 192.168.222.1 GET /
[ info ] 192.168.222.222/ [运行时间：0.259525s][吞吐率：3.85req/s] [内存消耗：7,623.50kb] [文件加载：63]
[ info ] [ LANG ] /usr/share/nginx/html/tp5shop/thinkphp/lang/zh-cn.php
[ info ] [ ROUTE ] array (
  'type' => 'module',
  'module' => 
  array (
    0 => '',
    1 => NULL,
    2 => NULL,
  ),
)
[ info ] [ HEADER ] array (
  'cookie' => 'PHPSESSID=aoq170h07jls123ujkcl7kjtr7; thinkphp_show_page_trace=0|0',
  'accept-language' => 'zh-CN,zh;q=0.9,en;q=0.8,en-GB;q=0.7,en-US;q=0.6',
  'accept-encoding' => 'gzip, deflate',
  'accept' => 'text/html,application/xhtml+xml,application/xml;q=0.9,image/webp,image/apng,*/*;q=0.8,application/signed-exchange;v=b3;q=0.9',
  'user-agent' => 'Mozilla/5.0 (Windows NT 10.0; Win64; x64) AppleWebKit/537.36 (KHTML, like Gecko) Chrome/103.0.5060.134 Safari/537.36 Edg/103.0.1264.77',
  'upgrade-insecure-requests' => '1',
  'connection' => 'keep-alive',
  'host' => '192.168.222.222',
  'content-type' => '',
  'content-length' => '',
)
[ info ] [ PARAM ] array (
)
[ info ] [ DB ] INIT mysql
[ info ] [ CACHE ] INIT File
[ info ] [ RUN ] app\home\controller\Index->index[ /usr/share/nginx/html/tp5shop/application/home/controller/Index.php ]
[ info ] [ VIEW ] /usr/share/nginx/html/tp5shop/public/../application/home/view/index/index.html [ array (
  0 => 'category',
) ]
[ info ] [ SESSION ] INIT array (
  'id' => '',
  'var_session_id' => '',
  'prefix' => 'think',
  'type' => '',
  'auto_start' => true,
)
[ info ] [ LOG ] INIT File
[ sql ] [ DB ] CONNECT:[ UseTime:0.001556s ] mysql:host=192.168.222.240;port=3306;dbname=tp5shop;charset=utf8
[ sql ] [ SQL ] SHOW COLUMNS FROM `tpshop_category` [ RunTime:0.001953s ]
[ sql ] [ SQL ] SELECT * FROM `tpshop_category` WHERE  `is_show` = 1 [ RunTime:0.002395s ]
---------------------------------------------------------------
[ 2022-07-31T07:01:11+08:00 ] 192.168.222.1 GET /
[ info ] 192.168.222.222/ [运行时间：0.239588s][吞吐率：4.17req/s] [内存消耗：7,623.71kb] [文件加载：63]
[ info ] [ LANG ] /usr/share/nginx/html/tp5shop/thinkphp/lang/zh-cn.php
[ info ] [ ROUTE ] array (
  'type' => 'module',
  'module' => 
  array (
    0 => '',
    1 => NULL,
    2 => NULL,
  ),
)
[ info ] [ HEADER ] array (
  'cookie' => 'PHPSESSID=aoq170h07jls123ujkcl7kjtr7; thinkphp_show_page_trace=0|0',
  'accept-language' => 'zh-CN,zh;q=0.9,en;q=0.8,en-GB;q=0.7,en-US;q=0.6',
  'accept-encoding' => 'gzip, deflate',
  'accept' => 'text/html,application/xhtml+xml,application/xml;q=0.9,image/webp,image/apng,*/*;q=0.8,application/signed-exchange;v=b3;q=0.9',
  'user-agent' => 'Mozilla/5.0 (Windows NT 10.0; Win64; x64) AppleWebKit/537.36 (KHTML, like Gecko) Chrome/103.0.5060.134 Safari/537.36 Edg/103.0.1264.77',
  'upgrade-insecure-requests' => '1',
  'cache-control' => 'max-age=0',
  'connection' => 'keep-alive',
  'host' => '192.168.222.222',
  'content-type' => '',
  'content-length' => '',
)
[ info ] [ PARAM ] array (
)
[ info ] [ DB ] INIT mysql
[ info ] [ CACHE ] INIT File
[ info ] [ RUN ] app\home\controller\Index->index[ /usr/share/nginx/html/tp5shop/application/home/controller/Index.php ]
[ info ] [ VIEW ] /usr/share/nginx/html/tp5shop/public/../application/home/view/index/index.html [ array (
  0 => 'category',
) ]
[ info ] [ SESSION ] INIT array (
  'id' => '',
  'var_session_id' => '',
  'prefix' => 'think',
  'type' => '',
  'auto_start' => true,
)
[ info ] [ LOG ] INIT File
[ sql ] [ DB ] CONNECT:[ UseTime:0.001424s ] mysql:host=192.168.222.240;port=3306;dbname=tp5shop;charset=utf8
[ sql ] [ SQL ] SHOW COLUMNS FROM `tpshop_category` [ RunTime:0.001538s ]
[ sql ] [ SQL ] SELECT * FROM `tpshop_category` WHERE  `is_show` = 1 [ RunTime:0.001430s ]
---------------------------------------------------------------
[ 2022-07-31T07:01:12+08:00 ] 192.168.222.1 GET /
[ info ] 192.168.222.222/ [运行时间：0.267060s][吞吐率：3.74req/s] [内存消耗：7,623.71kb] [文件加载：63]
[ info ] [ LANG ] /usr/share/nginx/html/tp5shop/thinkphp/lang/zh-cn.php
[ info ] [ ROUTE ] array (
  'type' => 'module',
  'module' => 
  array (
    0 => '',
    1 => NULL,
    2 => NULL,
  ),
)
[ info ] [ HEADER ] array (
  'cookie' => 'PHPSESSID=aoq170h07jls123ujkcl7kjtr7; thinkphp_show_page_trace=0|0',
  'accept-language' => 'zh-CN,zh;q=0.9,en;q=0.8,en-GB;q=0.7,en-US;q=0.6',
  'accept-encoding' => 'gzip, deflate',
  'accept' => 'text/html,application/xhtml+xml,application/xml;q=0.9,image/webp,image/apng,*/*;q=0.8,application/signed-exchange;v=b3;q=0.9',
  'user-agent' => 'Mozilla/5.0 (Windows NT 10.0; Win64; x64) AppleWebKit/537.36 (KHTML, like Gecko) Chrome/103.0.5060.134 Safari/537.36 Edg/103.0.1264.77',
  'upgrade-insecure-requests' => '1',
  'cache-control' => 'max-age=0',
  'connection' => 'keep-alive',
  'host' => '192.168.222.222',
  'content-type' => '',
  'content-length' => '',
)
[ info ] [ PARAM ] array (
)
[ info ] [ DB ] INIT mysql
[ info ] [ CACHE ] INIT File
[ info ] [ RUN ] app\home\controller\Index->index[ /usr/share/nginx/html/tp5shop/application/home/controller/Index.php ]
[ info ] [ VIEW ] /usr/share/nginx/html/tp5shop/public/../application/home/view/index/index.html [ array (
  0 => 'category',
) ]
[ info ] [ SESSION ] INIT array (
  'id' => '',
  'var_session_id' => '',
  'prefix' => 'think',
  'type' => '',
  'auto_start' => true,
)
[ info ] [ LOG ] INIT File
[ sql ] [ DB ] CONNECT:[ UseTime:0.001469s ] mysql:host=192.168.222.240;port=3306;dbname=tp5shop;charset=utf8
[ sql ] [ SQL ] SHOW COLUMNS FROM `tpshop_category` [ RunTime:0.001508s ]
[ sql ] [ SQL ] SELECT * FROM `tpshop_category` WHERE  `is_show` = 1 [ RunTime:0.001509s ]
---------------------------------------------------------------
[ 2022-07-31T07:01:13+08:00 ] 192.168.222.1 GET /
[ info ] 192.168.222.222/ [运行时间：0.236428s][吞吐率：4.23req/s] [内存消耗：7,623.71kb] [文件加载：63]
[ info ] [ LANG ] /usr/share/nginx/html/tp5shop/thinkphp/lang/zh-cn.php
[ info ] [ ROUTE ] array (
  'type' => 'module',
  'module' => 
  array (
    0 => '',
    1 => NULL,
    2 => NULL,
  ),
)
[ info ] [ HEADER ] array (
  'cookie' => 'PHPSESSID=aoq170h07jls123ujkcl7kjtr7; thinkphp_show_page_trace=0|0',
  'accept-language' => 'zh-CN,zh;q=0.9,en;q=0.8,en-GB;q=0.7,en-US;q=0.6',
  'accept-encoding' => 'gzip, deflate',
  'accept' => 'text/html,application/xhtml+xml,application/xml;q=0.9,image/webp,image/apng,*/*;q=0.8,application/signed-exchange;v=b3;q=0.9',
  'user-agent' => 'Mozilla/5.0 (Windows NT 10.0; Win64; x64) AppleWebKit/537.36 (KHTML, like Gecko) Chrome/103.0.5060.134 Safari/537.36 Edg/103.0.1264.77',
  'upgrade-insecure-requests' => '1',
  'cache-control' => 'max-age=0',
  'connection' => 'keep-alive',
  'host' => '192.168.222.222',
  'content-type' => '',
  'content-length' => '',
)
[ info ] [ PARAM ] array (
)
[ info ] [ DB ] INIT mysql
[ info ] [ CACHE ] INIT File
[ info ] [ RUN ] app\home\controller\Index->index[ /usr/share/nginx/html/tp5shop/application/home/controller/Index.php ]
[ info ] [ VIEW ] /usr/share/nginx/html/tp5shop/public/../application/home/view/index/index.html [ array (
  0 => 'category',
) ]
[ info ] [ SESSION ] INIT array (
  'id' => '',
  'var_session_id' => '',
  'prefix' => 'think',
  'type' => '',
  'auto_start' => true,
)
[ info ] [ LOG ] INIT File
[ sql ] [ DB ] CONNECT:[ UseTime:0.001351s ] mysql:host=192.168.222.240;port=3306;dbname=tp5shop;charset=utf8
[ sql ] [ SQL ] SHOW COLUMNS FROM `tpshop_category` [ RunTime:0.001097s ]
[ sql ] [ SQL ] SELECT * FROM `tpshop_category` WHERE  `is_show` = 1 [ RunTime:0.001382s ]
---------------------------------------------------------------
[ 2022-07-31T07:01:13+08:00 ] 192.168.222.1 GET /
[ info ] 192.168.222.222/ [运行时间：0.254423s][吞吐率：3.93req/s] [内存消耗：7,623.71kb] [文件加载：63]
[ info ] [ LANG ] /usr/share/nginx/html/tp5shop/thinkphp/lang/zh-cn.php
[ info ] [ ROUTE ] array (
  'type' => 'module',
  'module' => 
  array (
    0 => '',
    1 => NULL,
    2 => NULL,
  ),
)
[ info ] [ HEADER ] array (
  'cookie' => 'PHPSESSID=aoq170h07jls123ujkcl7kjtr7; thinkphp_show_page_trace=0|0',
  'accept-language' => 'zh-CN,zh;q=0.9,en;q=0.8,en-GB;q=0.7,en-US;q=0.6',
  'accept-encoding' => 'gzip, deflate',
  'accept' => 'text/html,application/xhtml+xml,application/xml;q=0.9,image/webp,image/apng,*/*;q=0.8,application/signed-exchange;v=b3;q=0.9',
  'user-agent' => 'Mozilla/5.0 (Windows NT 10.0; Win64; x64) AppleWebKit/537.36 (KHTML, like Gecko) Chrome/103.0.5060.134 Safari/537.36 Edg/103.0.1264.77',
  'upgrade-insecure-requests' => '1',
  'cache-control' => 'max-age=0',
  'connection' => 'keep-alive',
  'host' => '192.168.222.222',
  'content-type' => '',
  'content-length' => '',
)
[ info ] [ PARAM ] array (
)
[ info ] [ DB ] INIT mysql
[ info ] [ CACHE ] INIT File
[ info ] [ RUN ] app\home\controller\Index->index[ /usr/share/nginx/html/tp5shop/application/home/controller/Index.php ]
[ info ] [ VIEW ] /usr/share/nginx/html/tp5shop/public/../application/home/view/index/index.html [ array (
  0 => 'category',
) ]
[ info ] [ SESSION ] INIT array (
  'id' => '',
  'var_session_id' => '',
  'prefix' => 'think',
  'type' => '',
  'auto_start' => true,
)
[ info ] [ LOG ] INIT File
[ sql ] [ DB ] CONNECT:[ UseTime:0.001351s ] mysql:host=192.168.222.240;port=3306;dbname=tp5shop;charset=utf8
[ sql ] [ SQL ] SHOW COLUMNS FROM `tpshop_category` [ RunTime:0.001118s ]
[ sql ] [ SQL ] SELECT * FROM `tpshop_category` WHERE  `is_show` = 1 [ RunTime:0.001444s ]
---------------------------------------------------------------
[ 2022-07-31T07:01:14+08:00 ] 192.168.222.1 GET /
[ info ] 192.168.222.222/ [运行时间：0.237175s][吞吐率：4.22req/s] [内存消耗：7,623.71kb] [文件加载：63]
[ info ] [ LANG ] /usr/share/nginx/html/tp5shop/thinkphp/lang/zh-cn.php
[ info ] [ ROUTE ] array (
  'type' => 'module',
  'module' => 
  array (
    0 => '',
    1 => NULL,
    2 => NULL,
  ),
)
[ info ] [ HEADER ] array (
  'cookie' => 'PHPSESSID=aoq170h07jls123ujkcl7kjtr7; thinkphp_show_page_trace=0|0',
  'accept-language' => 'zh-CN,zh;q=0.9,en;q=0.8,en-GB;q=0.7,en-US;q=0.6',
  'accept-encoding' => 'gzip, deflate',
  'accept' => 'text/html,application/xhtml+xml,application/xml;q=0.9,image/webp,image/apng,*/*;q=0.8,application/signed-exchange;v=b3;q=0.9',
  'user-agent' => 'Mozilla/5.0 (Windows NT 10.0; Win64; x64) AppleWebKit/537.36 (KHTML, like Gecko) Chrome/103.0.5060.134 Safari/537.36 Edg/103.0.1264.77',
  'upgrade-insecure-requests' => '1',
  'cache-control' => 'max-age=0',
  'connection' => 'keep-alive',
  'host' => '192.168.222.222',
  'content-type' => '',
  'content-length' => '',
)
[ info ] [ PARAM ] array (
)
[ info ] [ DB ] INIT mysql
[ info ] [ CACHE ] INIT File
[ info ] [ RUN ] app\home\controller\Index->index[ /usr/share/nginx/html/tp5shop/application/home/controller/Index.php ]
[ info ] [ VIEW ] /usr/share/nginx/html/tp5shop/public/../application/home/view/index/index.html [ array (
  0 => 'category',
) ]
[ info ] [ SESSION ] INIT array (
  'id' => '',
  'var_session_id' => '',
  'prefix' => 'think',
  'type' => '',
  'auto_start' => true,
)
[ info ] [ LOG ] INIT File
[ sql ] [ DB ] CONNECT:[ UseTime:0.001239s ] mysql:host=192.168.222.240;port=3306;dbname=tp5shop;charset=utf8
[ sql ] [ SQL ] SHOW COLUMNS FROM `tpshop_category` [ RunTime:0.001203s ]
[ sql ] [ SQL ] SELECT * FROM `tpshop_category` WHERE  `is_show` = 1 [ RunTime:0.001397s ]
---------------------------------------------------------------
[ 2022-07-31T07:01:14+08:00 ] 192.168.222.1 GET /
[ info ] 192.168.222.222/ [运行时间：0.239451s][吞吐率：4.18req/s] [内存消耗：7,623.71kb] [文件加载：63]
[ info ] [ LANG ] /usr/share/nginx/html/tp5shop/thinkphp/lang/zh-cn.php
[ info ] [ ROUTE ] array (
  'type' => 'module',
  'module' => 
  array (
    0 => '',
    1 => NULL,
    2 => NULL,
  ),
)
[ info ] [ HEADER ] array (
  'cookie' => 'PHPSESSID=aoq170h07jls123ujkcl7kjtr7; thinkphp_show_page_trace=0|0',
  'accept-language' => 'zh-CN,zh;q=0.9,en;q=0.8,en-GB;q=0.7,en-US;q=0.6',
  'accept-encoding' => 'gzip, deflate',
  'accept' => 'text/html,application/xhtml+xml,application/xml;q=0.9,image/webp,image/apng,*/*;q=0.8,application/signed-exchange;v=b3;q=0.9',
  'user-agent' => 'Mozilla/5.0 (Windows NT 10.0; Win64; x64) AppleWebKit/537.36 (KHTML, like Gecko) Chrome/103.0.5060.134 Safari/537.36 Edg/103.0.1264.77',
  'upgrade-insecure-requests' => '1',
  'cache-control' => 'max-age=0',
  'connection' => 'keep-alive',
  'host' => '192.168.222.222',
  'content-type' => '',
  'content-length' => '',
)
[ info ] [ PARAM ] array (
)
[ info ] [ DB ] INIT mysql
[ info ] [ CACHE ] INIT File
[ info ] [ RUN ] app\home\controller\Index->index[ /usr/share/nginx/html/tp5shop/application/home/controller/Index.php ]
[ info ] [ VIEW ] /usr/share/nginx/html/tp5shop/public/../application/home/view/index/index.html [ array (
  0 => 'category',
) ]
[ info ] [ SESSION ] INIT array (
  'id' => '',
  'var_session_id' => '',
  'prefix' => 'think',
  'type' => '',
  'auto_start' => true,
)
[ info ] [ LOG ] INIT File
[ sql ] [ DB ] CONNECT:[ UseTime:0.001516s ] mysql:host=192.168.222.240;port=3306;dbname=tp5shop;charset=utf8
[ sql ] [ SQL ] SHOW COLUMNS FROM `tpshop_category` [ RunTime:0.001111s ]
[ sql ] [ SQL ] SELECT * FROM `tpshop_category` WHERE  `is_show` = 1 [ RunTime:0.001297s ]
---------------------------------------------------------------
[ 2022-07-31T07:02:04+08:00 ] 192.168.222.1 GET /
[ info ] 192.168.222.222/ [运行时间：0.284793s][吞吐率：3.51req/s] [内存消耗：7,623.71kb] [文件加载：63]
[ info ] [ LANG ] /usr/share/nginx/html/tp5shop/thinkphp/lang/zh-cn.php
[ info ] [ ROUTE ] array (
  'type' => 'module',
  'module' => 
  array (
    0 => '',
    1 => NULL,
    2 => NULL,
  ),
)
[ info ] [ HEADER ] array (
  'cookie' => 'PHPSESSID=aoq170h07jls123ujkcl7kjtr7; thinkphp_show_page_trace=0|0',
  'accept-language' => 'zh-CN,zh;q=0.9,en;q=0.8,en-GB;q=0.7,en-US;q=0.6',
  'accept-encoding' => 'gzip, deflate',
  'accept' => 'text/html,application/xhtml+xml,application/xml;q=0.9,image/webp,image/apng,*/*;q=0.8,application/signed-exchange;v=b3;q=0.9',
  'user-agent' => 'Mozilla/5.0 (Windows NT 10.0; Win64; x64) AppleWebKit/537.36 (KHTML, like Gecko) Chrome/103.0.5060.134 Safari/537.36 Edg/103.0.1264.77',
  'upgrade-insecure-requests' => '1',
  'cache-control' => 'max-age=0',
  'connection' => 'keep-alive',
  'host' => '192.168.222.222',
  'content-type' => '',
  'content-length' => '',
)
[ info ] [ PARAM ] array (
)
[ info ] [ DB ] INIT mysql
[ info ] [ CACHE ] INIT File
[ info ] [ RUN ] app\home\controller\Index->index[ /usr/share/nginx/html/tp5shop/application/home/controller/Index.php ]
[ info ] [ VIEW ] /usr/share/nginx/html/tp5shop/public/../application/home/view/index/index.html [ array (
  0 => 'category',
) ]
[ info ] [ SESSION ] INIT array (
  'id' => '',
  'var_session_id' => '',
  'prefix' => 'think',
  'type' => '',
  'auto_start' => true,
)
[ info ] [ LOG ] INIT File
[ sql ] [ DB ] CONNECT:[ UseTime:0.001902s ] mysql:host=192.168.222.240;port=3306;dbname=tp5shop;charset=utf8
[ sql ] [ SQL ] SHOW COLUMNS FROM `tpshop_category` [ RunTime:0.001165s ]
[ sql ] [ SQL ] SELECT * FROM `tpshop_category` WHERE  `is_show` = 1 [ RunTime:0.002070s ]
---------------------------------------------------------------
[ 2022-07-31T07:02:05+08:00 ] 192.168.222.1 GET /
[ info ] 192.168.222.222/ [运行时间：0.235581s][吞吐率：4.24req/s] [内存消耗：7,623.71kb] [文件加载：63]
[ info ] [ LANG ] /usr/share/nginx/html/tp5shop/thinkphp/lang/zh-cn.php
[ info ] [ ROUTE ] array (
  'type' => 'module',
  'module' => 
  array (
    0 => '',
    1 => NULL,
    2 => NULL,
  ),
)
[ info ] [ HEADER ] array (
  'cookie' => 'PHPSESSID=aoq170h07jls123ujkcl7kjtr7; thinkphp_show_page_trace=0|0',
  'accept-language' => 'zh-CN,zh;q=0.9,en;q=0.8,en-GB;q=0.7,en-US;q=0.6',
  'accept-encoding' => 'gzip, deflate',
  'accept' => 'text/html,application/xhtml+xml,application/xml;q=0.9,image/webp,image/apng,*/*;q=0.8,application/signed-exchange;v=b3;q=0.9',
  'user-agent' => 'Mozilla/5.0 (Windows NT 10.0; Win64; x64) AppleWebKit/537.36 (KHTML, like Gecko) Chrome/103.0.5060.134 Safari/537.36 Edg/103.0.1264.77',
  'upgrade-insecure-requests' => '1',
  'cache-control' => 'max-age=0',
  'connection' => 'keep-alive',
  'host' => '192.168.222.222',
  'content-type' => '',
  'content-length' => '',
)
[ info ] [ PARAM ] array (
)
[ info ] [ DB ] INIT mysql
[ info ] [ CACHE ] INIT File
[ info ] [ RUN ] app\home\controller\Index->index[ /usr/share/nginx/html/tp5shop/application/home/controller/Index.php ]
[ info ] [ VIEW ] /usr/share/nginx/html/tp5shop/public/../application/home/view/index/index.html [ array (
  0 => 'category',
) ]
[ info ] [ SESSION ] INIT array (
  'id' => '',
  'var_session_id' => '',
  'prefix' => 'think',
  'type' => '',
  'auto_start' => true,
)
[ info ] [ LOG ] INIT File
[ sql ] [ DB ] CONNECT:[ UseTime:0.001180s ] mysql:host=192.168.222.240;port=3306;dbname=tp5shop;charset=utf8
[ sql ] [ SQL ] SHOW COLUMNS FROM `tpshop_category` [ RunTime:0.001118s ]
[ sql ] [ SQL ] SELECT * FROM `tpshop_category` WHERE  `is_show` = 1 [ RunTime:0.001495s ]
---------------------------------------------------------------
[ 2022-07-31T07:02:05+08:00 ] 192.168.222.1 GET /
[ info ] 192.168.222.222/ [运行时间：0.243247s][吞吐率：4.11req/s] [内存消耗：7,623.71kb] [文件加载：63]
[ info ] [ LANG ] /usr/share/nginx/html/tp5shop/thinkphp/lang/zh-cn.php
[ info ] [ ROUTE ] array (
  'type' => 'module',
  'module' => 
  array (
    0 => '',
    1 => NULL,
    2 => NULL,
  ),
)
[ info ] [ HEADER ] array (
  'cookie' => 'PHPSESSID=aoq170h07jls123ujkcl7kjtr7; thinkphp_show_page_trace=0|0',
  'accept-language' => 'zh-CN,zh;q=0.9,en;q=0.8,en-GB;q=0.7,en-US;q=0.6',
  'accept-encoding' => 'gzip, deflate',
  'accept' => 'text/html,application/xhtml+xml,application/xml;q=0.9,image/webp,image/apng,*/*;q=0.8,application/signed-exchange;v=b3;q=0.9',
  'user-agent' => 'Mozilla/5.0 (Windows NT 10.0; Win64; x64) AppleWebKit/537.36 (KHTML, like Gecko) Chrome/103.0.5060.134 Safari/537.36 Edg/103.0.1264.77',
  'upgrade-insecure-requests' => '1',
  'cache-control' => 'max-age=0',
  'connection' => 'keep-alive',
  'host' => '192.168.222.222',
  'content-type' => '',
  'content-length' => '',
)
[ info ] [ PARAM ] array (
)
[ info ] [ DB ] INIT mysql
[ info ] [ CACHE ] INIT File
[ info ] [ RUN ] app\home\controller\Index->index[ /usr/share/nginx/html/tp5shop/application/home/controller/Index.php ]
[ info ] [ VIEW ] /usr/share/nginx/html/tp5shop/public/../application/home/view/index/index.html [ array (
  0 => 'category',
) ]
[ info ] [ SESSION ] INIT array (
  'id' => '',
  'var_session_id' => '',
  'prefix' => 'think',
  'type' => '',
  'auto_start' => true,
)
[ info ] [ LOG ] INIT File
[ sql ] [ DB ] CONNECT:[ UseTime:0.001201s ] mysql:host=192.168.222.240;port=3306;dbname=tp5shop;charset=utf8
[ sql ] [ SQL ] SHOW COLUMNS FROM `tpshop_category` [ RunTime:0.001696s ]
[ sql ] [ SQL ] SELECT * FROM `tpshop_category` WHERE  `is_show` = 1 [ RunTime:0.001874s ]
---------------------------------------------------------------
[ 2022-07-31T07:02:06+08:00 ] 192.168.222.1 GET /
[ info ] 192.168.222.222/ [运行时间：0.230987s][吞吐率：4.33req/s] [内存消耗：7,623.71kb] [文件加载：63]
[ info ] [ LANG ] /usr/share/nginx/html/tp5shop/thinkphp/lang/zh-cn.php
[ info ] [ ROUTE ] array (
  'type' => 'module',
  'module' => 
  array (
    0 => '',
    1 => NULL,
    2 => NULL,
  ),
)
[ info ] [ HEADER ] array (
  'cookie' => 'PHPSESSID=aoq170h07jls123ujkcl7kjtr7; thinkphp_show_page_trace=0|0',
  'accept-language' => 'zh-CN,zh;q=0.9,en;q=0.8,en-GB;q=0.7,en-US;q=0.6',
  'accept-encoding' => 'gzip, deflate',
  'accept' => 'text/html,application/xhtml+xml,application/xml;q=0.9,image/webp,image/apng,*/*;q=0.8,application/signed-exchange;v=b3;q=0.9',
  'user-agent' => 'Mozilla/5.0 (Windows NT 10.0; Win64; x64) AppleWebKit/537.36 (KHTML, like Gecko) Chrome/103.0.5060.134 Safari/537.36 Edg/103.0.1264.77',
  'upgrade-insecure-requests' => '1',
  'cache-control' => 'max-age=0',
  'connection' => 'keep-alive',
  'host' => '192.168.222.222',
  'content-type' => '',
  'content-length' => '',
)
[ info ] [ PARAM ] array (
)
[ info ] [ DB ] INIT mysql
[ info ] [ CACHE ] INIT File
[ info ] [ RUN ] app\home\controller\Index->index[ /usr/share/nginx/html/tp5shop/application/home/controller/Index.php ]
[ info ] [ VIEW ] /usr/share/nginx/html/tp5shop/public/../application/home/view/index/index.html [ array (
  0 => 'category',
) ]
[ info ] [ SESSION ] INIT array (
  'id' => '',
  'var_session_id' => '',
  'prefix' => 'think',
  'type' => '',
  'auto_start' => true,
)
[ info ] [ LOG ] INIT File
[ sql ] [ DB ] CONNECT:[ UseTime:0.001445s ] mysql:host=192.168.222.240;port=3306;dbname=tp5shop;charset=utf8
[ sql ] [ SQL ] SHOW COLUMNS FROM `tpshop_category` [ RunTime:0.001281s ]
[ sql ] [ SQL ] SELECT * FROM `tpshop_category` WHERE  `is_show` = 1 [ RunTime:0.001480s ]
---------------------------------------------------------------
[ 2022-07-31T07:02:07+08:00 ] 192.168.222.1 GET /
[ info ] 192.168.222.222/ [运行时间：0.244504s][吞吐率：4.09req/s] [内存消耗：7,623.71kb] [文件加载：63]
[ info ] [ LANG ] /usr/share/nginx/html/tp5shop/thinkphp/lang/zh-cn.php
[ info ] [ ROUTE ] array (
  'type' => 'module',
  'module' => 
  array (
    0 => '',
    1 => NULL,
    2 => NULL,
  ),
)
[ info ] [ HEADER ] array (
  'cookie' => 'PHPSESSID=aoq170h07jls123ujkcl7kjtr7; thinkphp_show_page_trace=0|0',
  'accept-language' => 'zh-CN,zh;q=0.9,en;q=0.8,en-GB;q=0.7,en-US;q=0.6',
  'accept-encoding' => 'gzip, deflate',
  'accept' => 'text/html,application/xhtml+xml,application/xml;q=0.9,image/webp,image/apng,*/*;q=0.8,application/signed-exchange;v=b3;q=0.9',
  'user-agent' => 'Mozilla/5.0 (Windows NT 10.0; Win64; x64) AppleWebKit/537.36 (KHTML, like Gecko) Chrome/103.0.5060.134 Safari/537.36 Edg/103.0.1264.77',
  'upgrade-insecure-requests' => '1',
  'cache-control' => 'max-age=0',
  'connection' => 'keep-alive',
  'host' => '192.168.222.222',
  'content-type' => '',
  'content-length' => '',
)
[ info ] [ PARAM ] array (
)
[ info ] [ DB ] INIT mysql
[ info ] [ CACHE ] INIT File
[ info ] [ RUN ] app\home\controller\Index->index[ /usr/share/nginx/html/tp5shop/application/home/controller/Index.php ]
[ info ] [ VIEW ] /usr/share/nginx/html/tp5shop/public/../application/home/view/index/index.html [ array (
  0 => 'category',
) ]
[ info ] [ SESSION ] INIT array (
  'id' => '',
  'var_session_id' => '',
  'prefix' => 'think',
  'type' => '',
  'auto_start' => true,
)
[ info ] [ LOG ] INIT File
[ sql ] [ DB ] CONNECT:[ UseTime:0.001262s ] mysql:host=192.168.222.240;port=3306;dbname=tp5shop;charset=utf8
[ sql ] [ SQL ] SHOW COLUMNS FROM `tpshop_category` [ RunTime:0.001330s ]
[ sql ] [ SQL ] SELECT * FROM `tpshop_category` WHERE  `is_show` = 1 [ RunTime:0.001453s ]
---------------------------------------------------------------
[ 2022-07-31T07:02:08+08:00 ] 192.168.222.1 GET /
[ info ] 192.168.222.222/ [运行时间：0.245747s][吞吐率：4.07req/s] [内存消耗：7,623.71kb] [文件加载：63]
[ info ] [ LANG ] /usr/share/nginx/html/tp5shop/thinkphp/lang/zh-cn.php
[ info ] [ ROUTE ] array (
  'type' => 'module',
  'module' => 
  array (
    0 => '',
    1 => NULL,
    2 => NULL,
  ),
)
[ info ] [ HEADER ] array (
  'cookie' => 'PHPSESSID=aoq170h07jls123ujkcl7kjtr7; thinkphp_show_page_trace=0|0',
  'accept-language' => 'zh-CN,zh;q=0.9,en;q=0.8,en-GB;q=0.7,en-US;q=0.6',
  'accept-encoding' => 'gzip, deflate',
  'accept' => 'text/html,application/xhtml+xml,application/xml;q=0.9,image/webp,image/apng,*/*;q=0.8,application/signed-exchange;v=b3;q=0.9',
  'user-agent' => 'Mozilla/5.0 (Windows NT 10.0; Win64; x64) AppleWebKit/537.36 (KHTML, like Gecko) Chrome/103.0.5060.134 Safari/537.36 Edg/103.0.1264.77',
  'upgrade-insecure-requests' => '1',
  'cache-control' => 'max-age=0',
  'connection' => 'keep-alive',
  'host' => '192.168.222.222',
  'content-type' => '',
  'content-length' => '',
)
[ info ] [ PARAM ] array (
)
[ info ] [ DB ] INIT mysql
[ info ] [ CACHE ] INIT File
[ info ] [ RUN ] app\home\controller\Index->index[ /usr/share/nginx/html/tp5shop/application/home/controller/Index.php ]
[ info ] [ VIEW ] /usr/share/nginx/html/tp5shop/public/../application/home/view/index/index.html [ array (
  0 => 'category',
) ]
[ info ] [ SESSION ] INIT array (
  'id' => '',
  'var_session_id' => '',
  'prefix' => 'think',
  'type' => '',
  'auto_start' => true,
)
[ info ] [ LOG ] INIT File
[ sql ] [ DB ] CONNECT:[ UseTime:0.002088s ] mysql:host=192.168.222.240;port=3306;dbname=tp5shop;charset=utf8
[ sql ] [ SQL ] SHOW COLUMNS FROM `tpshop_category` [ RunTime:0.001182s ]
[ sql ] [ SQL ] SELECT * FROM `tpshop_category` WHERE  `is_show` = 1 [ RunTime:0.001515s ]
---------------------------------------------------------------
[ 2022-07-31T07:02:08+08:00 ] 192.168.222.1 GET /
[ info ] 192.168.222.222/ [运行时间：0.245592s][吞吐率：4.07req/s] [内存消耗：7,623.71kb] [文件加载：63]
[ info ] [ LANG ] /usr/share/nginx/html/tp5shop/thinkphp/lang/zh-cn.php
[ info ] [ ROUTE ] array (
  'type' => 'module',
  'module' => 
  array (
    0 => '',
    1 => NULL,
    2 => NULL,
  ),
)
[ info ] [ HEADER ] array (
  'cookie' => 'PHPSESSID=aoq170h07jls123ujkcl7kjtr7; thinkphp_show_page_trace=0|0',
  'accept-language' => 'zh-CN,zh;q=0.9,en;q=0.8,en-GB;q=0.7,en-US;q=0.6',
  'accept-encoding' => 'gzip, deflate',
  'accept' => 'text/html,application/xhtml+xml,application/xml;q=0.9,image/webp,image/apng,*/*;q=0.8,application/signed-exchange;v=b3;q=0.9',
  'user-agent' => 'Mozilla/5.0 (Windows NT 10.0; Win64; x64) AppleWebKit/537.36 (KHTML, like Gecko) Chrome/103.0.5060.134 Safari/537.36 Edg/103.0.1264.77',
  'upgrade-insecure-requests' => '1',
  'cache-control' => 'max-age=0',
  'connection' => 'keep-alive',
  'host' => '192.168.222.222',
  'content-type' => '',
  'content-length' => '',
)
[ info ] [ PARAM ] array (
)
[ info ] [ DB ] INIT mysql
[ info ] [ CACHE ] INIT File
[ info ] [ RUN ] app\home\controller\Index->index[ /usr/share/nginx/html/tp5shop/application/home/controller/Index.php ]
[ info ] [ VIEW ] /usr/share/nginx/html/tp5shop/public/../application/home/view/index/index.html [ array (
  0 => 'category',
) ]
[ info ] [ SESSION ] INIT array (
  'id' => '',
  'var_session_id' => '',
  'prefix' => 'think',
  'type' => '',
  'auto_start' => true,
)
[ info ] [ LOG ] INIT File
[ sql ] [ DB ] CONNECT:[ UseTime:0.001624s ] mysql:host=192.168.222.240;port=3306;dbname=tp5shop;charset=utf8
[ sql ] [ SQL ] SHOW COLUMNS FROM `tpshop_category` [ RunTime:0.001347s ]
[ sql ] [ SQL ] SELECT * FROM `tpshop_category` WHERE  `is_show` = 1 [ RunTime:0.001573s ]
---------------------------------------------------------------
[ 2022-07-31T07:02:40+08:00 ] 192.168.222.1 GET /
[ info ] 192.168.222.222/ [运行时间：0.236404s][吞吐率：4.23req/s] [内存消耗：7,623.71kb] [文件加载：63]
[ info ] [ LANG ] /usr/share/nginx/html/tp5shop/thinkphp/lang/zh-cn.php
[ info ] [ ROUTE ] array (
  'type' => 'module',
  'module' => 
  array (
    0 => '',
    1 => NULL,
    2 => NULL,
  ),
)
[ info ] [ HEADER ] array (
  'cookie' => 'PHPSESSID=aoq170h07jls123ujkcl7kjtr7; thinkphp_show_page_trace=0|0',
  'accept-language' => 'zh-CN,zh;q=0.9,en;q=0.8,en-GB;q=0.7,en-US;q=0.6',
  'accept-encoding' => 'gzip, deflate',
  'accept' => 'text/html,application/xhtml+xml,application/xml;q=0.9,image/webp,image/apng,*/*;q=0.8,application/signed-exchange;v=b3;q=0.9',
  'user-agent' => 'Mozilla/5.0 (Windows NT 10.0; Win64; x64) AppleWebKit/537.36 (KHTML, like Gecko) Chrome/103.0.5060.134 Safari/537.36 Edg/103.0.1264.77',
  'upgrade-insecure-requests' => '1',
  'cache-control' => 'max-age=0',
  'connection' => 'keep-alive',
  'host' => '192.168.222.222',
  'content-type' => '',
  'content-length' => '',
)
[ info ] [ PARAM ] array (
)
[ info ] [ DB ] INIT mysql
[ info ] [ CACHE ] INIT File
[ info ] [ RUN ] app\home\controller\Index->index[ /usr/share/nginx/html/tp5shop/application/home/controller/Index.php ]
[ info ] [ VIEW ] /usr/share/nginx/html/tp5shop/public/../application/home/view/index/index.html [ array (
  0 => 'category',
) ]
[ info ] [ SESSION ] INIT array (
  'id' => '',
  'var_session_id' => '',
  'prefix' => 'think',
  'type' => '',
  'auto_start' => true,
)
[ info ] [ LOG ] INIT File
[ sql ] [ DB ] CONNECT:[ UseTime:0.001356s ] mysql:host=192.168.222.240;port=3306;dbname=tp5shop;charset=utf8
[ sql ] [ SQL ] SHOW COLUMNS FROM `tpshop_category` [ RunTime:0.001092s ]
[ sql ] [ SQL ] SELECT * FROM `tpshop_category` WHERE  `is_show` = 1 [ RunTime:0.001346s ]
---------------------------------------------------------------
[ 2022-07-31T07:08:28+08:00 ] 192.168.222.1 GET /
[ info ] 192.168.222.222/ [运行时间：0.236275s][吞吐率：4.23req/s] [内存消耗：7,623.71kb] [文件加载：63]
[ info ] [ LANG ] /usr/share/nginx/html/tp5shop/thinkphp/lang/zh-cn.php
[ info ] [ ROUTE ] array (
  'type' => 'module',
  'module' => 
  array (
    0 => '',
    1 => NULL,
    2 => NULL,
  ),
)
[ info ] [ HEADER ] array (
  'cookie' => 'PHPSESSID=aoq170h07jls123ujkcl7kjtr7; thinkphp_show_page_trace=0|0',
  'accept-language' => 'zh-CN,zh;q=0.9,en;q=0.8,en-GB;q=0.7,en-US;q=0.6',
  'accept-encoding' => 'gzip, deflate',
  'accept' => 'text/html,application/xhtml+xml,application/xml;q=0.9,image/webp,image/apng,*/*;q=0.8,application/signed-exchange;v=b3;q=0.9',
  'user-agent' => 'Mozilla/5.0 (Windows NT 10.0; Win64; x64) AppleWebKit/537.36 (KHTML, like Gecko) Chrome/103.0.5060.134 Safari/537.36 Edg/103.0.1264.77',
  'upgrade-insecure-requests' => '1',
  'cache-control' => 'max-age=0',
  'connection' => 'keep-alive',
  'host' => '192.168.222.222',
  'content-type' => '',
  'content-length' => '',
)
[ info ] [ PARAM ] array (
)
[ info ] [ DB ] INIT mysql
[ info ] [ CACHE ] INIT File
[ info ] [ RUN ] app\home\controller\Index->index[ /usr/share/nginx/html/tp5shop/application/home/controller/Index.php ]
[ info ] [ VIEW ] /usr/share/nginx/html/tp5shop/public/../application/home/view/index/index.html [ array (
  0 => 'category',
) ]
[ info ] [ SESSION ] INIT array (
  'id' => '',
  'var_session_id' => '',
  'prefix' => 'think',
  'type' => '',
  'auto_start' => true,
)
[ info ] [ LOG ] INIT File
[ sql ] [ DB ] CONNECT:[ UseTime:0.001509s ] mysql:host=192.168.222.240;port=3306;dbname=tp5shop;charset=utf8
[ sql ] [ SQL ] SHOW COLUMNS FROM `tpshop_category` [ RunTime:0.001391s ]
[ sql ] [ SQL ] SELECT * FROM `tpshop_category` WHERE  `is_show` = 1 [ RunTime:0.001511s ]
---------------------------------------------------------------
[ 2022-07-31T07:08:29+08:00 ] 192.168.222.1 GET /
[ info ] 192.168.222.222/ [运行时间：0.249934s][吞吐率：4.00req/s] [内存消耗：7,623.71kb] [文件加载：63]
[ info ] [ LANG ] /usr/share/nginx/html/tp5shop/thinkphp/lang/zh-cn.php
[ info ] [ ROUTE ] array (
  'type' => 'module',
  'module' => 
  array (
    0 => '',
    1 => NULL,
    2 => NULL,
  ),
)
[ info ] [ HEADER ] array (
  'cookie' => 'PHPSESSID=aoq170h07jls123ujkcl7kjtr7; thinkphp_show_page_trace=0|0',
  'accept-language' => 'zh-CN,zh;q=0.9,en;q=0.8,en-GB;q=0.7,en-US;q=0.6',
  'accept-encoding' => 'gzip, deflate',
  'accept' => 'text/html,application/xhtml+xml,application/xml;q=0.9,image/webp,image/apng,*/*;q=0.8,application/signed-exchange;v=b3;q=0.9',
  'user-agent' => 'Mozilla/5.0 (Windows NT 10.0; Win64; x64) AppleWebKit/537.36 (KHTML, like Gecko) Chrome/103.0.5060.134 Safari/537.36 Edg/103.0.1264.77',
  'upgrade-insecure-requests' => '1',
  'cache-control' => 'max-age=0',
  'connection' => 'keep-alive',
  'host' => '192.168.222.222',
  'content-type' => '',
  'content-length' => '',
)
[ info ] [ PARAM ] array (
)
[ info ] [ DB ] INIT mysql
[ info ] [ CACHE ] INIT File
[ info ] [ RUN ] app\home\controller\Index->index[ /usr/share/nginx/html/tp5shop/application/home/controller/Index.php ]
[ info ] [ VIEW ] /usr/share/nginx/html/tp5shop/public/../application/home/view/index/index.html [ array (
  0 => 'category',
) ]
[ info ] [ SESSION ] INIT array (
  'id' => '',
  'var_session_id' => '',
  'prefix' => 'think',
  'type' => '',
  'auto_start' => true,
)
[ info ] [ LOG ] INIT File
[ sql ] [ DB ] CONNECT:[ UseTime:0.001609s ] mysql:host=192.168.222.240;port=3306;dbname=tp5shop;charset=utf8
[ sql ] [ SQL ] SHOW COLUMNS FROM `tpshop_category` [ RunTime:0.001518s ]
[ sql ] [ SQL ] SELECT * FROM `tpshop_category` WHERE  `is_show` = 1 [ RunTime:0.002339s ]
---------------------------------------------------------------
[ 2022-07-31T07:08:30+08:00 ] 192.168.222.1 GET /
[ info ] 192.168.222.222/ [运行时间：0.234241s][吞吐率：4.27req/s] [内存消耗：7,623.71kb] [文件加载：63]
[ info ] [ LANG ] /usr/share/nginx/html/tp5shop/thinkphp/lang/zh-cn.php
[ info ] [ ROUTE ] array (
  'type' => 'module',
  'module' => 
  array (
    0 => '',
    1 => NULL,
    2 => NULL,
  ),
)
[ info ] [ HEADER ] array (
  'cookie' => 'PHPSESSID=aoq170h07jls123ujkcl7kjtr7; thinkphp_show_page_trace=0|0',
  'accept-language' => 'zh-CN,zh;q=0.9,en;q=0.8,en-GB;q=0.7,en-US;q=0.6',
  'accept-encoding' => 'gzip, deflate',
  'accept' => 'text/html,application/xhtml+xml,application/xml;q=0.9,image/webp,image/apng,*/*;q=0.8,application/signed-exchange;v=b3;q=0.9',
  'user-agent' => 'Mozilla/5.0 (Windows NT 10.0; Win64; x64) AppleWebKit/537.36 (KHTML, like Gecko) Chrome/103.0.5060.134 Safari/537.36 Edg/103.0.1264.77',
  'upgrade-insecure-requests' => '1',
  'cache-control' => 'max-age=0',
  'connection' => 'keep-alive',
  'host' => '192.168.222.222',
  'content-type' => '',
  'content-length' => '',
)
[ info ] [ PARAM ] array (
)
[ info ] [ DB ] INIT mysql
[ info ] [ CACHE ] INIT File
[ info ] [ RUN ] app\home\controller\Index->index[ /usr/share/nginx/html/tp5shop/application/home/controller/Index.php ]
[ info ] [ VIEW ] /usr/share/nginx/html/tp5shop/public/../application/home/view/index/index.html [ array (
  0 => 'category',
) ]
[ info ] [ SESSION ] INIT array (
  'id' => '',
  'var_session_id' => '',
  'prefix' => 'think',
  'type' => '',
  'auto_start' => true,
)
[ info ] [ LOG ] INIT File
[ sql ] [ DB ] CONNECT:[ UseTime:0.002022s ] mysql:host=192.168.222.240;port=3306;dbname=tp5shop;charset=utf8
[ sql ] [ SQL ] SHOW COLUMNS FROM `tpshop_category` [ RunTime:0.001176s ]
[ sql ] [ SQL ] SELECT * FROM `tpshop_category` WHERE  `is_show` = 1 [ RunTime:0.001413s ]
---------------------------------------------------------------
[ 2022-07-31T07:08:31+08:00 ] 192.168.222.1 GET /
[ info ] 192.168.222.222/ [运行时间：0.235643s][吞吐率：4.24req/s] [内存消耗：7,623.71kb] [文件加载：63]
[ info ] [ LANG ] /usr/share/nginx/html/tp5shop/thinkphp/lang/zh-cn.php
[ info ] [ ROUTE ] array (
  'type' => 'module',
  'module' => 
  array (
    0 => '',
    1 => NULL,
    2 => NULL,
  ),
)
[ info ] [ HEADER ] array (
  'cookie' => 'PHPSESSID=aoq170h07jls123ujkcl7kjtr7; thinkphp_show_page_trace=0|0',
  'accept-language' => 'zh-CN,zh;q=0.9,en;q=0.8,en-GB;q=0.7,en-US;q=0.6',
  'accept-encoding' => 'gzip, deflate',
  'accept' => 'text/html,application/xhtml+xml,application/xml;q=0.9,image/webp,image/apng,*/*;q=0.8,application/signed-exchange;v=b3;q=0.9',
  'user-agent' => 'Mozilla/5.0 (Windows NT 10.0; Win64; x64) AppleWebKit/537.36 (KHTML, like Gecko) Chrome/103.0.5060.134 Safari/537.36 Edg/103.0.1264.77',
  'upgrade-insecure-requests' => '1',
  'cache-control' => 'max-age=0',
  'connection' => 'keep-alive',
  'host' => '192.168.222.222',
  'content-type' => '',
  'content-length' => '',
)
[ info ] [ PARAM ] array (
)
[ info ] [ DB ] INIT mysql
[ info ] [ CACHE ] INIT File
[ info ] [ RUN ] app\home\controller\Index->index[ /usr/share/nginx/html/tp5shop/application/home/controller/Index.php ]
[ info ] [ VIEW ] /usr/share/nginx/html/tp5shop/public/../application/home/view/index/index.html [ array (
  0 => 'category',
) ]
[ info ] [ SESSION ] INIT array (
  'id' => '',
  'var_session_id' => '',
  'prefix' => 'think',
  'type' => '',
  'auto_start' => true,
)
[ info ] [ LOG ] INIT File
[ sql ] [ DB ] CONNECT:[ UseTime:0.001325s ] mysql:host=192.168.222.240;port=3306;dbname=tp5shop;charset=utf8
[ sql ] [ SQL ] SHOW COLUMNS FROM `tpshop_category` [ RunTime:0.001163s ]
[ sql ] [ SQL ] SELECT * FROM `tpshop_category` WHERE  `is_show` = 1 [ RunTime:0.001336s ]
---------------------------------------------------------------
[ 2022-07-31T07:08:31+08:00 ] 192.168.222.1 GET /
[ info ] 192.168.222.222/ [运行时间：0.236887s][吞吐率：4.22req/s] [内存消耗：7,623.71kb] [文件加载：63]
[ info ] [ LANG ] /usr/share/nginx/html/tp5shop/thinkphp/lang/zh-cn.php
[ info ] [ ROUTE ] array (
  'type' => 'module',
  'module' => 
  array (
    0 => '',
    1 => NULL,
    2 => NULL,
  ),
)
[ info ] [ HEADER ] array (
  'cookie' => 'PHPSESSID=aoq170h07jls123ujkcl7kjtr7; thinkphp_show_page_trace=0|0',
  'accept-language' => 'zh-CN,zh;q=0.9,en;q=0.8,en-GB;q=0.7,en-US;q=0.6',
  'accept-encoding' => 'gzip, deflate',
  'accept' => 'text/html,application/xhtml+xml,application/xml;q=0.9,image/webp,image/apng,*/*;q=0.8,application/signed-exchange;v=b3;q=0.9',
  'user-agent' => 'Mozilla/5.0 (Windows NT 10.0; Win64; x64) AppleWebKit/537.36 (KHTML, like Gecko) Chrome/103.0.5060.134 Safari/537.36 Edg/103.0.1264.77',
  'upgrade-insecure-requests' => '1',
  'cache-control' => 'max-age=0',
  'connection' => 'keep-alive',
  'host' => '192.168.222.222',
  'content-type' => '',
  'content-length' => '',
)
[ info ] [ PARAM ] array (
)
[ info ] [ DB ] INIT mysql
[ info ] [ CACHE ] INIT File
[ info ] [ RUN ] app\home\controller\Index->index[ /usr/share/nginx/html/tp5shop/application/home/controller/Index.php ]
[ info ] [ VIEW ] /usr/share/nginx/html/tp5shop/public/../application/home/view/index/index.html [ array (
  0 => 'category',
) ]
[ info ] [ SESSION ] INIT array (
  'id' => '',
  'var_session_id' => '',
  'prefix' => 'think',
  'type' => '',
  'auto_start' => true,
)
[ info ] [ LOG ] INIT File
[ sql ] [ DB ] CONNECT:[ UseTime:0.001012s ] mysql:host=192.168.222.240;port=3306;dbname=tp5shop;charset=utf8
[ sql ] [ SQL ] SHOW COLUMNS FROM `tpshop_category` [ RunTime:0.001125s ]
[ sql ] [ SQL ] SELECT * FROM `tpshop_category` WHERE  `is_show` = 1 [ RunTime:0.001415s ]
---------------------------------------------------------------
[ 2022-07-31T07:08:32+08:00 ] 192.168.222.1 GET /
[ info ] 192.168.222.222/ [运行时间：0.234969s][吞吐率：4.26req/s] [内存消耗：7,623.71kb] [文件加载：63]
[ info ] [ LANG ] /usr/share/nginx/html/tp5shop/thinkphp/lang/zh-cn.php
[ info ] [ ROUTE ] array (
  'type' => 'module',
  'module' => 
  array (
    0 => '',
    1 => NULL,
    2 => NULL,
  ),
)
[ info ] [ HEADER ] array (
  'cookie' => 'PHPSESSID=aoq170h07jls123ujkcl7kjtr7; thinkphp_show_page_trace=0|0',
  'accept-language' => 'zh-CN,zh;q=0.9,en;q=0.8,en-GB;q=0.7,en-US;q=0.6',
  'accept-encoding' => 'gzip, deflate',
  'accept' => 'text/html,application/xhtml+xml,application/xml;q=0.9,image/webp,image/apng,*/*;q=0.8,application/signed-exchange;v=b3;q=0.9',
  'user-agent' => 'Mozilla/5.0 (Windows NT 10.0; Win64; x64) AppleWebKit/537.36 (KHTML, like Gecko) Chrome/103.0.5060.134 Safari/537.36 Edg/103.0.1264.77',
  'upgrade-insecure-requests' => '1',
  'cache-control' => 'max-age=0',
  'connection' => 'keep-alive',
  'host' => '192.168.222.222',
  'content-type' => '',
  'content-length' => '',
)
[ info ] [ PARAM ] array (
)
[ info ] [ DB ] INIT mysql
[ info ] [ CACHE ] INIT File
[ info ] [ RUN ] app\home\controller\Index->index[ /usr/share/nginx/html/tp5shop/application/home/controller/Index.php ]
[ info ] [ VIEW ] /usr/share/nginx/html/tp5shop/public/../application/home/view/index/index.html [ array (
  0 => 'category',
) ]
[ info ] [ SESSION ] INIT array (
  'id' => '',
  'var_session_id' => '',
  'prefix' => 'think',
  'type' => '',
  'auto_start' => true,
)
[ info ] [ LOG ] INIT File
[ sql ] [ DB ] CONNECT:[ UseTime:0.001262s ] mysql:host=192.168.222.240;port=3306;dbname=tp5shop;charset=utf8
[ sql ] [ SQL ] SHOW COLUMNS FROM `tpshop_category` [ RunTime:0.001149s ]
[ sql ] [ SQL ] SELECT * FROM `tpshop_category` WHERE  `is_show` = 1 [ RunTime:0.001612s ]
