---------------------------------------------------------------
[ 2018-05-08T10:44:06+08:00 ] 0.0.0.0 GET /tp5shop/public/
[ info ] localhost/tp5shop/public/ [运行时间：0.893422s][吞吐率：1.12req/s] [内存消耗：6,450.10kb] [文件加载：63]
[ info ] [ LANG ] D:\phpStudy\WWW\tp5shop\thinkphp\lang\zh-cn.php
[ info ] [ ROUTE ] array (
  'type' => 'module',
  'module' => 
  array (
    0 => '',
    1 => NULL,
    2 => NULL,
  ),
)
[ info ] [ HEADER ] array (
  'host' => 'localhost',
  'connection' => 'keep-alive',
  'upgrade-insecure-requests' => '1',
  'user-agent' => 'Mozilla/5.0 (Windows NT 10.0; Win64; x64) AppleWebKit/537.36 (KHTML, like Gecko) Chrome/66.0.3359.139 Safari/537.36',
  'accept' => 'text/html,application/xhtml+xml,application/xml;q=0.9,image/webp,image/apng,*/*;q=0.8',
  'accept-encoding' => 'gzip, deflate, br',
  'accept-language' => 'zh-CN,zh;q=0.9',
  'cookie' => '_ga=GA1.1.1302470729.1525660191',
)
[ info ] [ PARAM ] array (
)
[ info ] [ DB ] INIT mysql
[ info ] [ CACHE ] INIT File
[ info ] [ RUN ] app\home\controller\Index->index[ D:\phpStudy\WWW\tp5shop\application\home\controller\Index.php ]
[ info ] [ VIEW ] D:\phpStudy\WWW\tp5shop\public/../application/home\view\index\index.html [ array (
  0 => 'category',
) ]
[ info ] [ SESSION ] INIT array (
  'id' => '',
  'var_session_id' => '',
  'prefix' => 'think',
  'type' => '',
  'auto_start' => true,
)
[ info ] [ LOG ] INIT File
[ sql ] [ DB ] CONNECT:[ UseTime:0.001703s ] mysql:host=127.0.0.1;port=3306;dbname=tp5shop;charset=utf8
[ sql ] [ SQL ] SHOW COLUMNS FROM `tpshop_category` [ RunTime:0.011721s ]
[ sql ] [ SQL ] SELECT * FROM `tpshop_category` WHERE  `is_show` = 1 [ RunTime:0.004475s ]
---------------------------------------------------------------
[ 2018-05-08T10:44:10+08:00 ] 127.0.0.1 GET /
[ info ] www.tp5shop.com/ [运行时间：0.728477s][吞吐率：1.37req/s] [内存消耗：8,476.77kb] [文件加载：63]
[ info ] [ LANG ] D:\phpStudy\WWW\tp5shop\thinkphp\lang\zh-cn.php
[ info ] [ ROUTE ] array (
  'type' => 'module',
  'module' => 
  array (
    0 => '',
    1 => NULL,
    2 => NULL,
  ),
)
[ info ] [ HEADER ] array (
  'host' => 'www.tp5shop.com',
  'connection' => 'keep-alive',
  'upgrade-insecure-requests' => '1',
  'user-agent' => 'Mozilla/5.0 (Windows NT 10.0; Win64; x64) AppleWebKit/537.36 (KHTML, like Gecko) Chrome/66.0.3359.139 Safari/537.36',
  'accept' => 'text/html,application/xhtml+xml,application/xml;q=0.9,image/webp,image/apng,*/*;q=0.8',
  'accept-encoding' => 'gzip, deflate',
  'accept-language' => 'zh-CN,zh;q=0.9',
)
[ info ] [ PARAM ] array (
)
[ info ] [ DB ] INIT mysql
[ info ] [ CACHE ] INIT File
[ info ] [ RUN ] app\home\controller\Index->index[ D:\phpStudy\WWW\tp5shop\application\home\controller\Index.php ]
[ info ] [ VIEW ] D:\phpStudy\WWW\tp5shop\public/../application/home\view\index\index.html [ array (
  0 => 'category',
) ]
[ info ] [ SESSION ] INIT array (
  'id' => '',
  'var_session_id' => '',
  'prefix' => 'think',
  'type' => '',
  'auto_start' => true,
)
[ info ] [ LOG ] INIT File
[ sql ] [ DB ] CONNECT:[ UseTime:0.000706s ] mysql:host=127.0.0.1;port=3306;dbname=tp5shop;charset=utf8
[ sql ] [ SQL ] SHOW COLUMNS FROM `tpshop_category` [ RunTime:0.005792s ]
[ sql ] [ SQL ] SELECT * FROM `tpshop_category` WHERE  `is_show` = 1 [ RunTime:0.002554s ]
---------------------------------------------------------------
[ 2018-05-08T10:44:11+08:00 ] 127.0.0.1 GET /
[ info ] www.tp5shop.com/ [运行时间：0.610138s][吞吐率：1.64req/s] [内存消耗：8,476.77kb] [文件加载：63]
[ info ] [ LANG ] D:\phpStudy\WWW\tp5shop\thinkphp\lang\zh-cn.php
[ info ] [ ROUTE ] array (
  'type' => 'module',
  'module' => 
  array (
    0 => '',
    1 => NULL,
    2 => NULL,
  ),
)
[ info ] [ HEADER ] array (
  'host' => 'www.tp5shop.com',
  'connection' => 'keep-alive',
  'upgrade-insecure-requests' => '1',
  'user-agent' => 'Mozilla/5.0 (Windows NT 10.0; Win64; x64) AppleWebKit/537.36 (KHTML, like Gecko) Chrome/66.0.3359.139 Safari/537.36',
  'accept' => 'text/html,application/xhtml+xml,application/xml;q=0.9,image/webp,image/apng,*/*;q=0.8',
  'accept-encoding' => 'gzip, deflate',
  'accept-language' => 'zh-CN,zh;q=0.9',
)
[ info ] [ PARAM ] array (
)
[ info ] [ DB ] INIT mysql
[ info ] [ CACHE ] INIT File
[ info ] [ RUN ] app\home\controller\Index->index[ D:\phpStudy\WWW\tp5shop\application\home\controller\Index.php ]
[ info ] [ VIEW ] D:\phpStudy\WWW\tp5shop\public/../application/home\view\index\index.html [ array (
  0 => 'category',
) ]
[ info ] [ SESSION ] INIT array (
  'id' => '',
  'var_session_id' => '',
  'prefix' => 'think',
  'type' => '',
  'auto_start' => true,
)
[ info ] [ LOG ] INIT File
[ sql ] [ DB ] CONNECT:[ UseTime:0.011083s ] mysql:host=127.0.0.1;port=3306;dbname=tp5shop;charset=utf8
[ sql ] [ SQL ] SHOW COLUMNS FROM `tpshop_category` [ RunTime:0.005837s ]
[ sql ] [ SQL ] SELECT * FROM `tpshop_category` WHERE  `is_show` = 1 [ RunTime:0.002094s ]
---------------------------------------------------------------
[ 2018-05-08T13:45:29+08:00 ] 127.0.0.1 GET /home/goods/index/cate_id/259.html
[ info ] www.tp5shop.com/home/goods/index/cate_id/259.html [运行时间：0.530442s][吞吐率：1.89req/s] [内存消耗：8,389.69kb] [文件加载：67]
[ info ] [ LANG ] D:\phpStudy\WWW\tp5shop\thinkphp\lang\zh-cn.php
[ info ] [ ROUTE ] array (
  'type' => 'module',
  'module' => 
  array (
    0 => 'home',
    1 => 'goods',
    2 => 'index',
  ),
)
[ info ] [ HEADER ] array (
  'host' => 'www.tp5shop.com',
  'connection' => 'keep-alive',
  'upgrade-insecure-requests' => '1',
  'user-agent' => 'Mozilla/5.0 (Windows NT 10.0; Win64; x64) AppleWebKit/537.36 (KHTML, like Gecko) Chrome/66.0.3359.139 Safari/537.36',
  'accept' => 'text/html,application/xhtml+xml,application/xml;q=0.9,image/webp,image/apng,*/*;q=0.8',
  'referer' => 'http://www.tp5shop.com/',
  'accept-encoding' => 'gzip, deflate',
  'accept-language' => 'zh-CN,zh;q=0.9',
  'cookie' => 'PHPSESSID=65a7aefplmf0tdhqtl5c066bs7; thinkphp_show_page_trace=0|0',
)
[ info ] [ PARAM ] array (
  '/home/goods/index/cate_id/259_html' => '',
  'cate_id' => '259',
)
[ info ] [ DB ] INIT mysql
[ info ] [ CACHE ] INIT File
[ info ] [ RUN ] app\home\controller\Goods->index[ D:\phpStudy\WWW\tp5shop\application\home\controller\Goods.php ]
[ info ] [ VIEW ] D:\phpStudy\WWW\tp5shop\public/../application/home\view\goods\list.html [ array (
  0 => 'category',
  1 => 'cate_info',
  2 => 'list',
) ]
[ info ] [ SESSION ] INIT array (
  'id' => '',
  'var_session_id' => '',
  'prefix' => 'think',
  'type' => '',
  'auto_start' => true,
)
[ info ] [ LOG ] INIT File
[ sql ] [ DB ] CONNECT:[ UseTime:0.001021s ] mysql:host=127.0.0.1;port=3306;dbname=tp5shop;charset=utf8
[ sql ] [ SQL ] SHOW COLUMNS FROM `tpshop_category` [ RunTime:0.005414s ]
[ sql ] [ SQL ] SELECT * FROM `tpshop_category` WHERE  `is_show` = 1 [ RunTime:0.001988s ]
[ sql ] [ SQL ] SELECT * FROM `tpshop_category` WHERE  `id` = 259 LIMIT 1 [ RunTime:0.000718s ]
[ sql ] [ SQL ] SHOW COLUMNS FROM `tpshop_goods` [ RunTime:0.007999s ]
[ sql ] [ SQL ] SELECT COUNT(*) AS tp_count FROM `tpshop_goods` WHERE  `cate_id` = 259 LIMIT 1 [ RunTime:0.000543s ]
[ sql ] [ SQL ] SELECT * FROM `tpshop_goods` WHERE  `cate_id` = 259 LIMIT 0,10 [ RunTime:0.000616s ]
---------------------------------------------------------------
[ 2018-05-08T13:45:33+08:00 ] 127.0.0.1 GET /home/goods/index/cate_id/JD-index.html
[ info ] www.tp5shop.com/home/goods/index/cate_id/JD-index.html [运行时间：0.602298s][吞吐率：1.66req/s] [内存消耗：8,394.29kb] [文件加载：67]
[ info ] [ LANG ] D:\phpStudy\WWW\tp5shop\thinkphp\lang\zh-cn.php
[ info ] [ ROUTE ] array (
  'type' => 'module',
  'module' => 
  array (
    0 => 'home',
    1 => 'goods',
    2 => 'index',
  ),
)
[ info ] [ HEADER ] array (
  'host' => 'www.tp5shop.com',
  'connection' => 'keep-alive',
  'upgrade-insecure-requests' => '1',
  'user-agent' => 'Mozilla/5.0 (Windows NT 10.0; Win64; x64) AppleWebKit/537.36 (KHTML, like Gecko) Chrome/66.0.3359.139 Safari/537.36',
  'accept' => 'text/html,application/xhtml+xml,application/xml;q=0.9,image/webp,image/apng,*/*;q=0.8',
  'referer' => 'http://www.tp5shop.com/home/goods/index/cate_id/259.html',
  'accept-encoding' => 'gzip, deflate',
  'accept-language' => 'zh-CN,zh;q=0.9',
  'cookie' => 'thinkphp_show_page_trace=0|0; PHPSESSID=65a7aefplmf0tdhqtl5c066bs7; thinkphp_show_page_trace=0|0',
)
[ info ] [ PARAM ] array (
  '/home/goods/index/cate_id/JD-index_html' => '',
  'cate_id' => 'JD-index',
)
[ info ] [ DB ] INIT mysql
[ info ] [ CACHE ] INIT File
[ info ] [ RUN ] app\home\controller\Goods->index[ D:\phpStudy\WWW\tp5shop\application\home\controller\Goods.php ]
[ info ] [ VIEW ] D:\phpStudy\WWW\tp5shop\public/../application/home\view\goods\list.html [ array (
  0 => 'category',
  1 => 'cate_info',
  2 => 'list',
) ]
[ info ] [ SESSION ] INIT array (
  'id' => '',
  'var_session_id' => '',
  'prefix' => 'think',
  'type' => '',
  'auto_start' => true,
)
[ info ] [ LOG ] INIT File
[ sql ] [ DB ] CONNECT:[ UseTime:0.011433s ] mysql:host=127.0.0.1;port=3306;dbname=tp5shop;charset=utf8
[ sql ] [ SQL ] SHOW COLUMNS FROM `tpshop_category` [ RunTime:0.013808s ]
[ sql ] [ SQL ] SELECT * FROM `tpshop_category` WHERE  `is_show` = 1 [ RunTime:0.003619s ]
[ sql ] [ SQL ] SELECT * FROM `tpshop_category` WHERE  `id` = 0 LIMIT 1 [ RunTime:0.000774s ]
[ sql ] [ SQL ] SHOW COLUMNS FROM `tpshop_goods` [ RunTime:0.004805s ]
[ sql ] [ SQL ] SELECT COUNT(*) AS tp_count FROM `tpshop_goods` WHERE  `cate_id` = 0 LIMIT 1 [ RunTime:0.000397s ]
[ sql ] [ SQL ] SELECT * FROM `tpshop_goods` WHERE  `cate_id` = 0 LIMIT 0,10 [ RunTime:0.000488s ]
---------------------------------------------------------------
[ 2018-05-08T13:45:36+08:00 ] 127.0.0.1 GET /
[ info ] www.tp5shop.com/ [运行时间：0.655150s][吞吐率：1.53req/s] [内存消耗：8,478.05kb] [文件加载：63]
[ info ] [ LANG ] D:\phpStudy\WWW\tp5shop\thinkphp\lang\zh-cn.php
[ info ] [ ROUTE ] array (
  'type' => 'module',
  'module' => 
  array (
    0 => '',
    1 => NULL,
    2 => NULL,
  ),
)
[ info ] [ HEADER ] array (
  'host' => 'www.tp5shop.com',
  'connection' => 'keep-alive',
  'upgrade-insecure-requests' => '1',
  'user-agent' => 'Mozilla/5.0 (Windows NT 10.0; Win64; x64) AppleWebKit/537.36 (KHTML, like Gecko) Chrome/66.0.3359.139 Safari/537.36',
  'accept' => 'text/html,application/xhtml+xml,application/xml;q=0.9,image/webp,image/apng,*/*;q=0.8',
  'accept-encoding' => 'gzip, deflate',
  'accept-language' => 'zh-CN,zh;q=0.9',
  'cookie' => 'PHPSESSID=65a7aefplmf0tdhqtl5c066bs7; thinkphp_show_page_trace=0|0',
)
[ info ] [ PARAM ] array (
)
[ info ] [ DB ] INIT mysql
[ info ] [ CACHE ] INIT File
[ info ] [ RUN ] app\home\controller\Index->index[ D:\phpStudy\WWW\tp5shop\application\home\controller\Index.php ]
[ info ] [ VIEW ] D:\phpStudy\WWW\tp5shop\public/../application/home\view\index\index.html [ array (
  0 => 'category',
) ]
[ info ] [ SESSION ] INIT array (
  'id' => '',
  'var_session_id' => '',
  'prefix' => 'think',
  'type' => '',
  'auto_start' => true,
)
[ info ] [ LOG ] INIT File
[ sql ] [ DB ] CONNECT:[ UseTime:0.014711s ] mysql:host=127.0.0.1;port=3306;dbname=tp5shop;charset=utf8
[ sql ] [ SQL ] SHOW COLUMNS FROM `tpshop_category` [ RunTime:0.005755s ]
[ sql ] [ SQL ] SELECT * FROM `tpshop_category` WHERE  `is_show` = 1 [ RunTime:0.001974s ]
---------------------------------------------------------------
[ 2018-05-08T13:45:37+08:00 ] 127.0.0.1 GET /
[ info ] www.tp5shop.com/ [运行时间：0.556734s][吞吐率：1.80req/s] [内存消耗：8,478.05kb] [文件加载：63]
[ info ] [ LANG ] D:\phpStudy\WWW\tp5shop\thinkphp\lang\zh-cn.php
[ info ] [ ROUTE ] array (
  'type' => 'module',
  'module' => 
  array (
    0 => '',
    1 => NULL,
    2 => NULL,
  ),
)
[ info ] [ HEADER ] array (
  'host' => 'www.tp5shop.com',
  'connection' => 'keep-alive',
  'upgrade-insecure-requests' => '1',
  'user-agent' => 'Mozilla/5.0 (Windows NT 10.0; Win64; x64) AppleWebKit/537.36 (KHTML, like Gecko) Chrome/66.0.3359.139 Safari/537.36',
  'accept' => 'text/html,application/xhtml+xml,application/xml;q=0.9,image/webp,image/apng,*/*;q=0.8',
  'accept-encoding' => 'gzip, deflate',
  'accept-language' => 'zh-CN,zh;q=0.9',
  'cookie' => 'PHPSESSID=65a7aefplmf0tdhqtl5c066bs7; thinkphp_show_page_trace=0|0',
)
[ info ] [ PARAM ] array (
)
[ info ] [ DB ] INIT mysql
[ info ] [ CACHE ] INIT File
[ info ] [ RUN ] app\home\controller\Index->index[ D:\phpStudy\WWW\tp5shop\application\home\controller\Index.php ]
[ info ] [ VIEW ] D:\phpStudy\WWW\tp5shop\public/../application/home\view\index\index.html [ array (
  0 => 'category',
) ]
[ info ] [ SESSION ] INIT array (
  'id' => '',
  'var_session_id' => '',
  'prefix' => 'think',
  'type' => '',
  'auto_start' => true,
)
[ info ] [ LOG ] INIT File
[ sql ] [ DB ] CONNECT:[ UseTime:0.000789s ] mysql:host=127.0.0.1;port=3306;dbname=tp5shop;charset=utf8
[ sql ] [ SQL ] SHOW COLUMNS FROM `tpshop_category` [ RunTime:0.007778s ]
[ sql ] [ SQL ] SELECT * FROM `tpshop_category` WHERE  `is_show` = 1 [ RunTime:0.002330s ]
